<?xml version="1.0" encoding="UTF-8"?>
<robot generator="Robot 7.2 (Python 3.13.1 on win32)" generated="2025-02-21T09:53:23.983520" rpa="false" schemaversion="5">
<suite id="s1" name="2.1 Kim köper VIP biljetter för hela familjen" source="c:\Users\Hanzoni\Desktop\Jura-Stina-Kalle\test related\tests\kim\2.1 Kim köper VIP biljetter för hela familjen.robot">
<test id="s1-t1" name="Kim Selects VIP Tickets For The Whole Family" line="21">
<kw name="Open Browser" owner="SeleniumLibrary">
<msg time="2025-02-21T09:53:24.226268" level="INFO">Opening browser 'Chrome' to base url 'file:///C:/Users/Hanzoni/Desktop/Jura-Stina-Kalle/website/jurap.html'.</msg>
<arg>${URL}</arg>
<arg>${BROWSER}</arg>
<doc>Opens a new browser instance to the optional ``url``.</doc>
<status status="PASS" start="2025-02-21T09:53:24.225889" elapsed="1.381945"/>
</kw>
<kw name="Maximize Browser Window" owner="SeleniumLibrary">
<doc>Maximizes current browser window.</doc>
<status status="PASS" start="2025-02-21T09:53:25.608416" elapsed="0.019581"/>
</kw>
<kw name="Set Selenium Speed" owner="SeleniumLibrary">
<arg>0.2</arg>
<doc>Sets the delay that is waited after each Selenium command.</doc>
<status status="PASS" start="2025-02-21T09:53:25.628497" elapsed="0.000392"/>
</kw>
<kw name="Login As Kim">
<kw name="Click Element" owner="SeleniumLibrary">
<msg time="2025-02-21T09:53:25.630078" level="INFO">Clicking element 'xpath=//li[@id='login-nav']/a'.</msg>
<arg>${LOGIN_NAV}</arg>
<doc>Click the element identified by ``locator``.</doc>
<status status="PASS" start="2025-02-21T09:53:25.629688" elapsed="0.459240"/>
</kw>
<kw name="Wait Until Page Contains Element" owner="SeleniumLibrary">
<arg>${LOGIN_USERNAME}</arg>
<doc>Waits until the element ``locator`` appears on the current page.</doc>
<status status="PASS" start="2025-02-21T09:53:26.089266" elapsed="0.209687"/>
</kw>
<kw name="Input Text" owner="SeleniumLibrary">
<msg time="2025-02-21T09:53:26.299596" level="INFO">Typing text 'KimUsername' into text field 'id=login-username'.</msg>
<arg>${LOGIN_USERNAME}</arg>
<arg>KimUsername</arg>
<doc>Types the given ``text`` into the text field identified by ``locator``.</doc>
<status status="PASS" start="2025-02-21T09:53:26.299268" elapsed="0.673166"/>
</kw>
<kw name="Input Text" owner="SeleniumLibrary">
<msg time="2025-02-21T09:53:26.973095" level="INFO">Typing text 'KimPassword123' into text field 'id=login-password'.</msg>
<arg>${LOGIN_PASSWORD}</arg>
<arg>KimPassword123</arg>
<doc>Types the given ``text`` into the text field identified by ``locator``.</doc>
<status status="PASS" start="2025-02-21T09:53:26.972751" elapsed="0.673877"/>
</kw>
<kw name="Click Button" owner="SeleniumLibrary">
<msg time="2025-02-21T09:53:27.647235" level="INFO">Clicking button 'xpath=//form[@id='login-form']//button[@type='submit']'.</msg>
<arg>${LOGIN_BUTTON}</arg>
<doc>Clicks the button identified by ``locator``.</doc>
<status status="PASS" start="2025-02-21T09:53:27.646931" elapsed="1.055532"/>
</kw>
<kw name="Wait Until Page Does Not Contain Element" owner="SeleniumLibrary">
<msg time="2025-02-21T09:53:28.703483" level="FAIL">Variable '${LOGIN_SECTION}' not found.</msg>
<arg>${LOGIN_SECTION}</arg>
<doc>Waits until the element ``locator`` disappears from the current page.</doc>
<status status="FAIL" start="2025-02-21T09:53:28.702770" elapsed="0.001383">Variable '${LOGIN_SECTION}' not found.</status>
</kw>
<status status="FAIL" start="2025-02-21T09:53:25.629328" elapsed="3.075048">Variable '${LOGIN_SECTION}' not found.</status>
</kw>
<kw name="Navigate To Buy Tickets">
<status status="NOT RUN" start="2025-02-21T09:53:28.704820" elapsed="0.000124"/>
</kw>
<kw name="Select VIP Tickets For 2 Adults">
<status status="NOT RUN" start="2025-02-21T09:53:28.705260" elapsed="0.000096"/>
</kw>
<kw name="Select VIP Tickets For 2 Children">
<status status="NOT RUN" start="2025-02-21T09:53:28.705646" elapsed="0.000087"/>
</kw>
<kw name="Proceed To Checkout">
<status status="NOT RUN" start="2025-02-21T09:53:28.706020" elapsed="0.000086"/>
</kw>
<kw name="Confirm Purchase">
<status status="NOT RUN" start="2025-02-21T09:53:28.706348" elapsed="0.000079"/>
</kw>
<kw name="Verify Purchase Summary">
<status status="NOT RUN" start="2025-02-21T09:53:28.706780" elapsed="0.000090"/>
</kw>
<kw name="Close Browser" owner="SeleniumLibrary">
<doc>Closes the current browser.</doc>
<status status="NOT RUN" start="2025-02-21T09:53:28.707108" elapsed="0.000079"/>
</kw>
<status status="FAIL" start="2025-02-21T09:53:24.224875" elapsed="4.482619">Variable '${LOGIN_SECTION}' not found.</status>
</test>
<status status="FAIL" start="2025-02-21T09:53:23.987256" elapsed="4.721220"/>
</suite>
<statistics>
<total>
<stat pass="0" fail="1" skip="0">All Tests</stat>
</total>
<tag>
</tag>
<suite>
<stat name="2.1 Kim köper VIP biljetter för hela familjen" id="s1" pass="0" fail="1" skip="0">2.1 Kim köper VIP biljetter för hela familjen</stat>
</suite>
</statistics>
<errors>
</errors>
</robot>
