<?xml version="1.0" encoding="UTF-8"?>
<robot generator="Robot 7.2 (Python 3.13.1 on darwin)" generated="2025-02-24T15:35:05.009529" rpa="false" schemaversion="5">
<suite id="s1" name="Test Registration Login" source="/Users/mac/Jura-Stina-Kalle-Park/Jura-Stina-Kalle-Park/test related/tests/kim/test_registration_login.robot">
<test id="s1-t1" name="1.1 - Successful Registration" line="9">
<kw name="Open Browser To Main Page" owner="common" type="SETUP">
<kw name="Open Browser" owner="SeleniumLibrary">
<msg time="2025-02-24T15:35:05.435049" level="INFO">Opening browser 'chrome' to base url 'file:///Users/mac/Desktop/jurastina-alfa/jurap.html'.</msg>
<arg>${URL}</arg>
<arg>${BROWSER}</arg>
<doc>Opens a new browser instance to the optional ``url``.</doc>
<status status="PASS" start="2025-02-24T15:35:05.434626" elapsed="2.971762"/>
</kw>
<kw name="Maximize Browser Window" owner="SeleniumLibrary">
<doc>Maximizes current browser window.</doc>
<status status="PASS" start="2025-02-24T15:35:08.408814" elapsed="0.396591"/>
</kw>
<kw name="Set Selenium Timeout" owner="SeleniumLibrary">
<arg>${TIMEOUT}</arg>
<doc>Sets the timeout that is used by various keywords.</doc>
<status status="PASS" start="2025-02-24T15:35:08.806157" elapsed="0.007955"/>
</kw>
<status status="PASS" start="2025-02-24T15:35:05.433671" elapsed="3.384414"/>
</kw>
<kw name="Given Navigate To Registration Page" owner="kim">
<kw name="Click Element" owner="SeleniumLibrary">
<msg time="2025-02-24T15:35:08.826457" level="INFO">Clicking element 'id=register-nav'.</msg>
<arg>id=register-nav</arg>
<doc>Click the element identified by ``locator``.</doc>
<status status="PASS" start="2025-02-24T15:35:08.823319" elapsed="0.262317"/>
</kw>
<kw name="Wait Until Element Is Visible" owner="SeleniumLibrary">
<arg>id=register-section</arg>
<arg>timeout=${TIMEOUT}</arg>
<doc>Waits until the element ``locator`` is visible.</doc>
<status status="PASS" start="2025-02-24T15:35:09.086523" elapsed="0.065427"/>
</kw>
<kw name="Sleep" owner="BuiltIn">
<msg time="2025-02-24T15:35:11.154031" level="INFO">Slept 2 seconds.</msg>
<arg>2s</arg>
<doc>Pauses the test executed for the given time.</doc>
<status status="PASS" start="2025-02-24T15:35:09.152888" elapsed="2.001560"/>
</kw>
<status status="PASS" start="2025-02-24T15:35:08.820964" elapsed="2.333728"/>
</kw>
<kw name="When Fill Registration Form" owner="kim">
<kw name="Input Text" owner="SeleniumLibrary">
<msg time="2025-02-24T15:35:11.157669" level="INFO">Typing text 'KimAndFamily' into text field 'id=reg-username'.</msg>
<arg>id=reg-username</arg>
<arg>${username}</arg>
<doc>Types the given ``text`` into the text field identified by ``locator``.</doc>
<status status="PASS" start="2025-02-24T15:35:11.156975" elapsed="0.303593"/>
</kw>
<kw name="Input Text" owner="SeleniumLibrary">
<msg time="2025-02-24T15:35:11.462715" level="INFO">Typing text 'KimAndFamily123' into text field 'id=reg-password'.</msg>
<arg>id=reg-password</arg>
<arg>${password}</arg>
<doc>Types the given ``text`` into the text field identified by ``locator``.</doc>
<status status="PASS" start="2025-02-24T15:35:11.461500" elapsed="0.158935"/>
</kw>
<kw name="Click Button" owner="SeleniumLibrary">
<msg time="2025-02-24T15:35:11.621563" level="INFO">Clicking button 'xpath=//button[@type='submit']'.</msg>
<arg>xpath=//button[@type='submit']</arg>
<doc>Clicks the button identified by ``locator``.</doc>
<status status="PASS" start="2025-02-24T15:35:11.620872" elapsed="0.166186"/>
</kw>
<arg>${KIM_USERNAME}</arg>
<arg>${KIM_PASSWORD}</arg>
<status status="PASS" start="2025-02-24T15:35:11.155536" elapsed="0.632122"/>
</kw>
<kw name="Then Page Should Contain" owner="SeleniumLibrary">
<msg time="2025-02-24T15:35:11.828213" level="INFO">Current page contains text 'Registration successful'.</msg>
<arg>Registration successful</arg>
<doc>Verifies that current page contains ``text``.</doc>
<status status="PASS" start="2025-02-24T15:35:11.790254" elapsed="0.042174"/>
</kw>
<kw name="Close All Browsers" owner="SeleniumLibrary" type="TEARDOWN">
<doc>Closes all open browsers and resets the browser cache.</doc>
<status status="PASS" start="2025-02-24T15:35:11.835632" elapsed="0.200919"/>
</kw>
<doc>Kim successfully registers an account</doc>
<tag>positive</tag>
<tag>registration</tag>
<tag>Sumeyye</tag>
<status status="PASS" start="2025-02-24T15:35:05.432607" elapsed="6.605094"/>
</test>
<test id="s1-t2" name="1.2 - Registration With Existing Username" line="16">
<kw name="Open Browser To Main Page" owner="common" type="SETUP">
<kw name="Open Browser" owner="SeleniumLibrary">
<msg time="2025-02-24T15:35:12.045442" level="INFO">Opening browser 'chrome' to base url 'file:///Users/mac/Desktop/jurastina-alfa/jurap.html'.</msg>
<arg>${URL}</arg>
<arg>${BROWSER}</arg>
<doc>Opens a new browser instance to the optional ``url``.</doc>
<status status="PASS" start="2025-02-24T15:35:12.044649" elapsed="2.385855"/>
</kw>
<kw name="Maximize Browser Window" owner="SeleniumLibrary">
<doc>Maximizes current browser window.</doc>
<status status="PASS" start="2025-02-24T15:35:14.432201" elapsed="0.374085"/>
</kw>
<kw name="Set Selenium Timeout" owner="SeleniumLibrary">
<arg>${TIMEOUT}</arg>
<doc>Sets the timeout that is used by various keywords.</doc>
<status status="PASS" start="2025-02-24T15:35:14.807561" elapsed="0.009959"/>
</kw>
<status status="PASS" start="2025-02-24T15:35:12.043846" elapsed="2.774128"/>
</kw>
<kw name="Navigate To Registration Page" owner="kim">
<kw name="Click Element" owner="SeleniumLibrary">
<msg time="2025-02-24T15:35:14.823365" level="INFO">Clicking element 'id=register-nav'.</msg>
<arg>id=register-nav</arg>
<doc>Click the element identified by ``locator``.</doc>
<status status="PASS" start="2025-02-24T15:35:14.822758" elapsed="0.120803"/>
</kw>
<kw name="Wait Until Element Is Visible" owner="SeleniumLibrary">
<arg>id=register-section</arg>
<arg>timeout=${TIMEOUT}</arg>
<doc>Waits until the element ``locator`` is visible.</doc>
<status status="PASS" start="2025-02-24T15:35:14.943972" elapsed="0.049942"/>
</kw>
<kw name="Sleep" owner="BuiltIn">
<msg time="2025-02-24T15:35:16.995044" level="INFO">Slept 2 seconds.</msg>
<arg>2s</arg>
<doc>Pauses the test executed for the given time.</doc>
<status status="PASS" start="2025-02-24T15:35:14.994340" elapsed="2.001898"/>
</kw>
<status status="PASS" start="2025-02-24T15:35:14.820154" elapsed="2.176690"/>
</kw>
<kw name="Fill Registration Form" owner="kim">
<kw name="Input Text" owner="SeleniumLibrary">
<msg time="2025-02-24T15:35:17.008418" level="INFO">Typing text 'KimAndFamily' into text field 'id=reg-username'.</msg>
<arg>id=reg-username</arg>
<arg>${username}</arg>
<doc>Types the given ``text`` into the text field identified by ``locator``.</doc>
<status status="PASS" start="2025-02-24T15:35:17.003332" elapsed="0.412187"/>
</kw>
<kw name="Input Text" owner="SeleniumLibrary">
<msg time="2025-02-24T15:35:17.416642" level="INFO">Typing text 'KimAndFamily123' into text field 'id=reg-password'.</msg>
<arg>id=reg-password</arg>
<arg>${password}</arg>
<doc>Types the given ``text`` into the text field identified by ``locator``.</doc>
<status status="PASS" start="2025-02-24T15:35:17.416027" elapsed="0.153432"/>
</kw>
<kw name="Click Button" owner="SeleniumLibrary">
<msg time="2025-02-24T15:35:17.570227" level="INFO">Clicking button 'xpath=//button[@type='submit']'.</msg>
<arg>xpath=//button[@type='submit']</arg>
<doc>Clicks the button identified by ``locator``.</doc>
<status status="PASS" start="2025-02-24T15:35:17.569846" elapsed="0.152811"/>
</kw>
<arg>${KIM_USERNAME}</arg>
<arg>${KIM_PASSWORD}</arg>
<status status="PASS" start="2025-02-24T15:35:16.999753" elapsed="0.723199"/>
</kw>
<kw name="Sleep" owner="BuiltIn">
<msg time="2025-02-24T15:35:19.724451" level="INFO">Slept 2 seconds.</msg>
<arg>2s</arg>
<doc>Pauses the test executed for the given time.</doc>
<status status="PASS" start="2025-02-24T15:35:17.723306" elapsed="2.001519"/>
</kw>
<kw name="Navigate To Registration Page" owner="kim">
<kw name="Click Element" owner="SeleniumLibrary">
<msg time="2025-02-24T15:35:19.732941" level="INFO">Clicking element 'id=register-nav'.</msg>
<arg>id=register-nav</arg>
<doc>Click the element identified by ``locator``.</doc>
<status status="PASS" start="2025-02-24T15:35:19.727862" elapsed="0.140509"/>
</kw>
<kw name="Wait Until Element Is Visible" owner="SeleniumLibrary">
<arg>id=register-section</arg>
<arg>timeout=${TIMEOUT}</arg>
<doc>Waits until the element ``locator`` is visible.</doc>
<status status="PASS" start="2025-02-24T15:35:19.869535" elapsed="0.038584"/>
</kw>
<kw name="Sleep" owner="BuiltIn">
<msg time="2025-02-24T15:35:21.910586" level="INFO">Slept 2 seconds.</msg>
<arg>2s</arg>
<doc>Pauses the test executed for the given time.</doc>
<status status="PASS" start="2025-02-24T15:35:19.908882" elapsed="2.002146"/>
</kw>
<status status="PASS" start="2025-02-24T15:35:19.726438" elapsed="2.184894"/>
</kw>
<kw name="Fill Registration Form" owner="kim">
<kw name="Input Text" owner="SeleniumLibrary">
<msg time="2025-02-24T15:35:21.916482" level="INFO">Typing text 'KimAndFamily' into text field 'id=reg-username'.</msg>
<arg>id=reg-username</arg>
<arg>${username}</arg>
<doc>Types the given ``text`` into the text field identified by ``locator``.</doc>
<status status="PASS" start="2025-02-24T15:35:21.914365" elapsed="1.430215"/>
</kw>
<kw name="Input Text" owner="SeleniumLibrary">
<msg time="2025-02-24T15:35:23.345883" level="INFO">Typing text 'Wrongpassword123' into text field 'id=reg-password'.</msg>
<arg>id=reg-password</arg>
<arg>${password}</arg>
<doc>Types the given ``text`` into the text field identified by ``locator``.</doc>
<status status="PASS" start="2025-02-24T15:35:23.345190" elapsed="0.141870"/>
</kw>
<kw name="Click Button" owner="SeleniumLibrary">
<msg time="2025-02-24T15:35:23.488087" level="INFO">Clicking button 'xpath=//button[@type='submit']'.</msg>
<arg>xpath=//button[@type='submit']</arg>
<doc>Clicks the button identified by ``locator``.</doc>
<status status="PASS" start="2025-02-24T15:35:23.487559" elapsed="0.127848"/>
</kw>
<arg>${KIM_USERNAME}</arg>
<arg>${WRONG_PASSWORD}</arg>
<status status="PASS" start="2025-02-24T15:35:21.912512" elapsed="1.703298"/>
</kw>
<kw name="Wait Until Page Contains" owner="SeleniumLibrary">
<arg>Username already exists. Please choose another</arg>
<arg>timeout=10s</arg>
<doc>Waits until ``text`` appears on the current page.</doc>
<status status="PASS" start="2025-02-24T15:35:23.617157" elapsed="0.036782"/>
</kw>
<kw name="Close All Browsers" owner="SeleniumLibrary" type="TEARDOWN">
<doc>Closes all open browsers and resets the browser cache.</doc>
<status status="PASS" start="2025-02-24T15:35:23.655379" elapsed="0.203082"/>
</kw>
<doc>Kim tries to register with already taken username</doc>
<tag>negative</tag>
<tag>registration</tag>
<tag>Sumeyye</tag>
<status status="PASS" start="2025-02-24T15:35:12.040853" elapsed="11.818438"/>
</test>
<test id="s1-t3" name="1.3 - Registration With Short Password" line="30">
<kw name="Open Browser To Main Page" owner="common" type="SETUP">
<kw name="Open Browser" owner="SeleniumLibrary">
<msg time="2025-02-24T15:35:23.868086" level="INFO">Opening browser 'chrome' to base url 'file:///Users/mac/Desktop/jurastina-alfa/jurap.html'.</msg>
<arg>${URL}</arg>
<arg>${BROWSER}</arg>
<doc>Opens a new browser instance to the optional ``url``.</doc>
<status status="PASS" start="2025-02-24T15:35:23.867661" elapsed="2.349345"/>
</kw>
<kw name="Maximize Browser Window" owner="SeleniumLibrary">
<doc>Maximizes current browser window.</doc>
<status status="PASS" start="2025-02-24T15:35:26.220595" elapsed="0.360508"/>
</kw>
<kw name="Set Selenium Timeout" owner="SeleniumLibrary">
<arg>${TIMEOUT}</arg>
<doc>Sets the timeout that is used by various keywords.</doc>
<status status="PASS" start="2025-02-24T15:35:26.581525" elapsed="0.007106"/>
</kw>
<status status="PASS" start="2025-02-24T15:35:23.866884" elapsed="2.722187"/>
</kw>
<kw name="Given Navigate To Registration Page" owner="kim">
<kw name="Click Element" owner="SeleniumLibrary">
<msg time="2025-02-24T15:35:26.594187" level="INFO">Clicking element 'id=register-nav'.</msg>
<arg>id=register-nav</arg>
<doc>Click the element identified by ``locator``.</doc>
<status status="PASS" start="2025-02-24T15:35:26.593687" elapsed="0.115067"/>
</kw>
<kw name="Wait Until Element Is Visible" owner="SeleniumLibrary">
<arg>id=register-section</arg>
<arg>timeout=${TIMEOUT}</arg>
<doc>Waits until the element ``locator`` is visible.</doc>
<status status="PASS" start="2025-02-24T15:35:26.711165" elapsed="0.049758"/>
</kw>
<kw name="Sleep" owner="BuiltIn">
<msg time="2025-02-24T15:35:28.764131" level="INFO">Slept 2 seconds.</msg>
<arg>2s</arg>
<doc>Pauses the test executed for the given time.</doc>
<status status="PASS" start="2025-02-24T15:35:26.761994" elapsed="2.002981"/>
</kw>
<status status="PASS" start="2025-02-24T15:35:26.592941" elapsed="2.172417"/>
</kw>
<kw name="When Fill Registration Form" owner="kim">
<kw name="Input Text" owner="SeleniumLibrary">
<msg time="2025-02-24T15:35:28.768335" level="INFO">Typing text 'KimAndFamily' into text field 'id=reg-username'.</msg>
<arg>id=reg-username</arg>
<arg>${username}</arg>
<doc>Types the given ``text`` into the text field identified by ``locator``.</doc>
<status status="PASS" start="2025-02-24T15:35:28.767725" elapsed="0.233772"/>
</kw>
<kw name="Input Text" owner="SeleniumLibrary">
<msg time="2025-02-24T15:35:29.003956" level="INFO">Typing text 'Kim' into text field 'id=reg-password'.</msg>
<arg>id=reg-password</arg>
<arg>${password}</arg>
<doc>Types the given ``text`` into the text field identified by ``locator``.</doc>
<status status="PASS" start="2025-02-24T15:35:29.003137" elapsed="0.132215"/>
</kw>
<kw name="Click Button" owner="SeleniumLibrary">
<msg time="2025-02-24T15:35:29.136408" level="INFO">Clicking button 'xpath=//button[@type='submit']'.</msg>
<arg>xpath=//button[@type='submit']</arg>
<doc>Clicks the button identified by ``locator``.</doc>
<status status="PASS" start="2025-02-24T15:35:29.135801" elapsed="0.140863"/>
</kw>
<arg>${KIM_USERNAME}</arg>
<arg>${SHORT_PASSWORD}</arg>
<status status="PASS" start="2025-02-24T15:35:28.766512" elapsed="0.510638"/>
</kw>
<kw name="Then Page Should Contain" owner="SeleniumLibrary">
<msg time="2025-02-24T15:35:29.309708" level="INFO">Current page contains text 'Password must be at least 8 characters long'.</msg>
<arg>Password must be at least 8 characters long</arg>
<doc>Verifies that current page contains ``text``.</doc>
<status status="PASS" start="2025-02-24T15:35:29.277795" elapsed="0.032506"/>
</kw>
<kw name="Close All Browsers" owner="SeleniumLibrary" type="TEARDOWN">
<doc>Closes all open browsers and resets the browser cache.</doc>
<status status="PASS" start="2025-02-24T15:35:29.312410" elapsed="0.239565"/>
</kw>
<doc>Kim tries to register with a too short password</doc>
<tag>negative</tag>
<tag>registration</tag>
<tag>Sumeyye</tag>
<status status="PASS" start="2025-02-24T15:35:23.863782" elapsed="5.688796"/>
</test>
<test id="s1-t4" name="1.4 - Successful Login" line="37">
<kw name="Open Browser To Main Page" owner="common" type="SETUP">
<kw name="Open Browser" owner="SeleniumLibrary">
<msg time="2025-02-24T15:35:29.681274" level="INFO">Opening browser 'chrome' to base url 'file:///Users/mac/Desktop/jurastina-alfa/jurap.html'.</msg>
<arg>${URL}</arg>
<arg>${BROWSER}</arg>
<doc>Opens a new browser instance to the optional ``url``.</doc>
<status status="PASS" start="2025-02-24T15:35:29.680582" elapsed="2.391421"/>
</kw>
<kw name="Maximize Browser Window" owner="SeleniumLibrary">
<doc>Maximizes current browser window.</doc>
<status status="PASS" start="2025-02-24T15:35:32.073657" elapsed="0.369836"/>
</kw>
<kw name="Set Selenium Timeout" owner="SeleniumLibrary">
<arg>${TIMEOUT}</arg>
<doc>Sets the timeout that is used by various keywords.</doc>
<status status="PASS" start="2025-02-24T15:35:32.443984" elapsed="0.003701"/>
</kw>
<status status="PASS" start="2025-02-24T15:35:29.557416" elapsed="2.891197"/>
</kw>
<kw name="Given Navigate To Registration Page" owner="kim">
<kw name="Click Element" owner="SeleniumLibrary">
<msg time="2025-02-24T15:35:32.450554" level="INFO">Clicking element 'id=register-nav'.</msg>
<arg>id=register-nav</arg>
<doc>Click the element identified by ``locator``.</doc>
<status status="PASS" start="2025-02-24T15:35:32.450071" elapsed="0.127026"/>
</kw>
<kw name="Wait Until Element Is Visible" owner="SeleniumLibrary">
<arg>id=register-section</arg>
<arg>timeout=${TIMEOUT}</arg>
<doc>Waits until the element ``locator`` is visible.</doc>
<status status="PASS" start="2025-02-24T15:35:32.577804" elapsed="0.056769"/>
</kw>
<kw name="Sleep" owner="BuiltIn">
<msg time="2025-02-24T15:35:34.637307" level="INFO">Slept 2 seconds.</msg>
<arg>2s</arg>
<doc>Pauses the test executed for the given time.</doc>
<status status="PASS" start="2025-02-24T15:35:32.635025" elapsed="2.002916"/>
</kw>
<status status="PASS" start="2025-02-24T15:35:32.449426" elapsed="2.188944"/>
</kw>
<kw name="And Fill Registration Form" owner="kim">
<kw name="Input Text" owner="SeleniumLibrary">
<msg time="2025-02-24T15:35:34.640852" level="INFO">Typing text 'KimAndFamily' into text field 'id=reg-username'.</msg>
<arg>id=reg-username</arg>
<arg>${username}</arg>
<doc>Types the given ``text`` into the text field identified by ``locator``.</doc>
<status status="PASS" start="2025-02-24T15:35:34.640295" elapsed="0.306537"/>
</kw>
<kw name="Input Text" owner="SeleniumLibrary">
<msg time="2025-02-24T15:35:34.948154" level="INFO">Typing text 'KimAndFamily123' into text field 'id=reg-password'.</msg>
<arg>id=reg-password</arg>
<arg>${password}</arg>
<doc>Types the given ``text`` into the text field identified by ``locator``.</doc>
<status status="PASS" start="2025-02-24T15:35:34.947296" elapsed="0.146301"/>
</kw>
<kw name="Click Button" owner="SeleniumLibrary">
<msg time="2025-02-24T15:35:35.094402" level="INFO">Clicking button 'xpath=//button[@type='submit']'.</msg>
<arg>xpath=//button[@type='submit']</arg>
<doc>Clicks the button identified by ``locator``.</doc>
<status status="PASS" start="2025-02-24T15:35:35.094013" elapsed="0.142375"/>
</kw>
<arg>${KIM_USERNAME}</arg>
<arg>${KIM_PASSWORD}</arg>
<status status="PASS" start="2025-02-24T15:35:34.639320" elapsed="0.597337"/>
</kw>
<kw name="And Page Should Contain" owner="SeleniumLibrary">
<msg time="2025-02-24T15:35:35.267512" level="INFO">Current page contains text 'Registration successful'.</msg>
<arg>Registration successful</arg>
<doc>Verifies that current page contains ``text``.</doc>
<status status="PASS" start="2025-02-24T15:35:35.237109" elapsed="0.030806"/>
</kw>
<kw name="Sleep" owner="BuiltIn">
<msg time="2025-02-24T15:35:37.270830" level="INFO">Slept 2 seconds.</msg>
<arg>2s</arg>
<doc>Pauses the test executed for the given time.</doc>
<status status="PASS" start="2025-02-24T15:35:35.269319" elapsed="2.001945"/>
</kw>
<kw name="When Navigate To Login Page" owner="kim">
<kw name="Click Element" owner="SeleniumLibrary">
<msg time="2025-02-24T15:35:37.272767" level="INFO">Clicking element 'id=login-nav'.</msg>
<arg>id=login-nav</arg>
<doc>Click the element identified by ``locator``.</doc>
<status status="PASS" start="2025-02-24T15:35:37.272392" elapsed="0.132038"/>
</kw>
<kw name="Wait Until Element Is Visible" owner="SeleniumLibrary">
<arg>id=login-section</arg>
<arg>timeout=10s</arg>
<doc>Waits until the element ``locator`` is visible.</doc>
<status status="PASS" start="2025-02-24T15:35:37.405454" elapsed="0.037104"/>
</kw>
<kw name="Sleep" owner="BuiltIn">
<msg time="2025-02-24T15:35:39.443829" level="INFO">Slept 2 seconds.</msg>
<arg>2s</arg>
<doc>Pauses the test executed for the given time.</doc>
<status status="PASS" start="2025-02-24T15:35:37.442991" elapsed="2.001206"/>
</kw>
<status status="PASS" start="2025-02-24T15:35:37.271843" elapsed="2.172627"/>
</kw>
<kw name="And Wait Until Element Is Visible" owner="SeleniumLibrary">
<arg>id=login-username</arg>
<arg>timeout=10s</arg>
<doc>Waits until the element ``locator`` is visible.</doc>
<status status="PASS" start="2025-02-24T15:35:39.445081" elapsed="0.026832"/>
</kw>
<kw name="And Fill Login Form" owner="kim">
<kw name="Wait Until Element Is Visible" owner="SeleniumLibrary">
<arg>id=login-username</arg>
<arg>timeout=10s</arg>
<doc>Waits until the element ``locator`` is visible.</doc>
<status status="PASS" start="2025-02-24T15:35:39.474729" elapsed="0.023215"/>
</kw>
<kw name="Input Text" owner="SeleniumLibrary">
<msg time="2025-02-24T15:35:39.499048" level="INFO">Typing text 'KimAndFamily' into text field 'id=login-username'.</msg>
<arg>id=login-username</arg>
<arg>${username}</arg>
<doc>Types the given ``text`` into the text field identified by ``locator``.</doc>
<status status="PASS" start="2025-02-24T15:35:39.498443" elapsed="0.137342"/>
</kw>
<kw name="Input Text" owner="SeleniumLibrary">
<msg time="2025-02-24T15:35:39.637555" level="INFO">Typing text 'KimAndFamily123' into text field 'id=login-password'.</msg>
<arg>id=login-password</arg>
<arg>${password}</arg>
<doc>Types the given ``text`` into the text field identified by ``locator``.</doc>
<status status="PASS" start="2025-02-24T15:35:39.636583" elapsed="0.248262"/>
</kw>
<kw name="Click Button" owner="SeleniumLibrary">
<msg time="2025-02-24T15:35:39.886290" level="INFO">Clicking button 'xpath=//form[@id='login-form']//button[@type='submit']'.</msg>
<arg>xpath=//form[@id='login-form']//button[@type='submit']</arg>
<doc>Clicks the button identified by ``locator``.</doc>
<status status="PASS" start="2025-02-24T15:35:39.885675" elapsed="0.173442"/>
</kw>
<kw name="Sleep" owner="BuiltIn">
<msg time="2025-02-24T15:35:42.063631" level="INFO">Slept 2 seconds.</msg>
<arg>2s</arg>
<doc>Pauses the test executed for the given time.</doc>
<status status="PASS" start="2025-02-24T15:35:40.061143" elapsed="2.003090"/>
</kw>
<arg>${KIM_USERNAME}</arg>
<arg>${KIM_PASSWORD}</arg>
<status status="PASS" start="2025-02-24T15:35:39.473112" elapsed="2.591817"/>
</kw>
<kw name="Sleep" owner="BuiltIn">
<msg time="2025-02-24T15:35:44.071097" level="INFO">Slept 2 seconds.</msg>
<arg>2s</arg>
<doc>Pauses the test executed for the given time.</doc>
<status status="PASS" start="2025-02-24T15:35:42.065901" elapsed="2.005538"/>
</kw>
<kw name="Then Wait Until Element Is Visible" owner="SeleniumLibrary">
<arg>id=logout-nav</arg>
<arg>timeout=10s</arg>
<doc>Waits until the element ``locator`` is visible.</doc>
<status status="PASS" start="2025-02-24T15:35:44.072180" elapsed="0.027524"/>
</kw>
<kw name="And Element Should Not Be Visible" owner="SeleniumLibrary">
<msg time="2025-02-24T15:35:44.121516" level="INFO">Element 'id=login-nav' exists but is not displayed.</msg>
<arg>id=login-nav</arg>
<doc>Verifies that the element identified by ``locator`` is NOT visible.</doc>
<status status="PASS" start="2025-02-24T15:35:44.100566" elapsed="0.021265"/>
</kw>
<kw name="Close All Browsers" owner="SeleniumLibrary" type="TEARDOWN">
<doc>Closes all open browsers and resets the browser cache.</doc>
<status status="PASS" start="2025-02-24T15:35:44.122358" elapsed="0.205176"/>
</kw>
<doc>Kim successfully logs into the website</doc>
<tag>login</tag>
<tag>positive</tag>
<tag>Sumeyye</tag>
<status status="PASS" start="2025-02-24T15:35:29.555280" elapsed="14.773192"/>
</test>
<test id="s1-t5" name="1.5 - Failed Login With Wrong Password" line="53">
<kw name="Open Browser To Main Page" owner="common" type="SETUP">
<kw name="Open Browser" owner="SeleniumLibrary">
<msg time="2025-02-24T15:35:44.339334" level="INFO">Opening browser 'chrome' to base url 'file:///Users/mac/Desktop/jurastina-alfa/jurap.html'.</msg>
<arg>${URL}</arg>
<arg>${BROWSER}</arg>
<doc>Opens a new browser instance to the optional ``url``.</doc>
<status status="PASS" start="2025-02-24T15:35:44.338586" elapsed="2.373995"/>
</kw>
<kw name="Maximize Browser Window" owner="SeleniumLibrary">
<doc>Maximizes current browser window.</doc>
<status status="PASS" start="2025-02-24T15:35:46.713889" elapsed="0.376670"/>
</kw>
<kw name="Set Selenium Timeout" owner="SeleniumLibrary">
<arg>${TIMEOUT}</arg>
<doc>Sets the timeout that is used by various keywords.</doc>
<status status="PASS" start="2025-02-24T15:35:47.091245" elapsed="0.006422"/>
</kw>
<status status="PASS" start="2025-02-24T15:35:44.336492" elapsed="2.765594"/>
</kw>
<kw name="Given Navigate To Registration Page" owner="kim">
<kw name="Click Element" owner="SeleniumLibrary">
<msg time="2025-02-24T15:35:47.112738" level="INFO">Clicking element 'id=register-nav'.</msg>
<arg>id=register-nav</arg>
<doc>Click the element identified by ``locator``.</doc>
<status status="PASS" start="2025-02-24T15:35:47.107565" elapsed="0.138260"/>
</kw>
<kw name="Wait Until Element Is Visible" owner="SeleniumLibrary">
<arg>id=register-section</arg>
<arg>timeout=${TIMEOUT}</arg>
<doc>Waits until the element ``locator`` is visible.</doc>
<status status="PASS" start="2025-02-24T15:35:47.246842" elapsed="0.047768"/>
</kw>
<kw name="Sleep" owner="BuiltIn">
<msg time="2025-02-24T15:35:49.297798" level="INFO">Slept 2 seconds.</msg>
<arg>2s</arg>
<doc>Pauses the test executed for the given time.</doc>
<status status="PASS" start="2025-02-24T15:35:47.294999" elapsed="2.003592"/>
</kw>
<status status="PASS" start="2025-02-24T15:35:47.105955" elapsed="2.193129"/>
</kw>
<kw name="And Fill Registration Form" owner="kim">
<kw name="Input Text" owner="SeleniumLibrary">
<msg time="2025-02-24T15:35:49.303467" level="INFO">Typing text 'KimAndFamily' into text field 'id=reg-username'.</msg>
<arg>id=reg-username</arg>
<arg>${username}</arg>
<doc>Types the given ``text`` into the text field identified by ``locator``.</doc>
<status status="PASS" start="2025-02-24T15:35:49.302082" elapsed="0.238877"/>
</kw>
<kw name="Input Text" owner="SeleniumLibrary">
<msg time="2025-02-24T15:35:49.542727" level="INFO">Typing text 'KimAndFamily123' into text field 'id=reg-password'.</msg>
<arg>id=reg-password</arg>
<arg>${password}</arg>
<doc>Types the given ``text`` into the text field identified by ``locator``.</doc>
<status status="PASS" start="2025-02-24T15:35:49.541830" elapsed="0.147383"/>
</kw>
<kw name="Click Button" owner="SeleniumLibrary">
<msg time="2025-02-24T15:35:49.689986" level="INFO">Clicking button 'xpath=//button[@type='submit']'.</msg>
<arg>xpath=//button[@type='submit']</arg>
<doc>Clicks the button identified by ``locator``.</doc>
<status status="PASS" start="2025-02-24T15:35:49.689589" elapsed="0.157955"/>
</kw>
<arg>${KIM_USERNAME}</arg>
<arg>${KIM_PASSWORD}</arg>
<status status="PASS" start="2025-02-24T15:35:49.300596" elapsed="0.547224"/>
</kw>
<kw name="And Page Should Contain" owner="SeleniumLibrary">
<msg time="2025-02-24T15:35:49.879778" level="INFO">Current page contains text 'Registration successful'.</msg>
<arg>Registration successful</arg>
<doc>Verifies that current page contains ``text``.</doc>
<status status="PASS" start="2025-02-24T15:35:49.848480" elapsed="0.032075"/>
</kw>
<kw name="Sleep" owner="BuiltIn">
<msg time="2025-02-24T15:35:51.887052" level="INFO">Slept 2 seconds.</msg>
<arg>2s</arg>
<doc>Pauses the test executed for the given time.</doc>
<status status="PASS" start="2025-02-24T15:35:49.881896" elapsed="2.005737"/>
</kw>
<kw name="When Navigate To Login Page" owner="kim">
<kw name="Click Element" owner="SeleniumLibrary">
<msg time="2025-02-24T15:35:51.892781" level="INFO">Clicking element 'id=login-nav'.</msg>
<arg>id=login-nav</arg>
<doc>Click the element identified by ``locator``.</doc>
<status status="PASS" start="2025-02-24T15:35:51.892033" elapsed="0.139317"/>
</kw>
<kw name="Wait Until Element Is Visible" owner="SeleniumLibrary">
<arg>id=login-section</arg>
<arg>timeout=10s</arg>
<doc>Waits until the element ``locator`` is visible.</doc>
<status status="PASS" start="2025-02-24T15:35:52.031762" elapsed="0.045736"/>
</kw>
<kw name="Sleep" owner="BuiltIn">
<msg time="2025-02-24T15:35:54.078468" level="INFO">Slept 2 seconds.</msg>
<arg>2s</arg>
<doc>Pauses the test executed for the given time.</doc>
<status status="PASS" start="2025-02-24T15:35:52.077877" elapsed="2.001018"/>
</kw>
<status status="PASS" start="2025-02-24T15:35:51.888814" elapsed="2.190503"/>
</kw>
<kw name="And Wait Until Element Is Visible" owner="SeleniumLibrary">
<arg>id=login-username</arg>
<arg>timeout=10s</arg>
<doc>Waits until the element ``locator`` is visible.</doc>
<status status="PASS" start="2025-02-24T15:35:54.080252" elapsed="0.025878"/>
</kw>
<kw name="And Fill Login Form" owner="kim">
<kw name="Wait Until Element Is Visible" owner="SeleniumLibrary">
<arg>id=login-username</arg>
<arg>timeout=10s</arg>
<doc>Waits until the element ``locator`` is visible.</doc>
<status status="PASS" start="2025-02-24T15:35:54.108744" elapsed="0.025428"/>
</kw>
<kw name="Input Text" owner="SeleniumLibrary">
<msg time="2025-02-24T15:35:54.135173" level="INFO">Typing text 'KimAndFamily' into text field 'id=login-username'.</msg>
<arg>id=login-username</arg>
<arg>${username}</arg>
<doc>Types the given ``text`` into the text field identified by ``locator``.</doc>
<status status="PASS" start="2025-02-24T15:35:54.134628" elapsed="0.252642"/>
</kw>
<kw name="Input Text" owner="SeleniumLibrary">
<msg time="2025-02-24T15:35:54.389764" level="INFO">Typing text 'Wrongpassword123' into text field 'id=login-password'.</msg>
<arg>id=login-password</arg>
<arg>${password}</arg>
<doc>Types the given ``text`` into the text field identified by ``locator``.</doc>
<status status="PASS" start="2025-02-24T15:35:54.388307" elapsed="0.178412"/>
</kw>
<kw name="Click Button" owner="SeleniumLibrary">
<msg time="2025-02-24T15:35:54.570425" level="INFO">Clicking button 'xpath=//form[@id='login-form']//button[@type='submit']'.</msg>
<arg>xpath=//form[@id='login-form']//button[@type='submit']</arg>
<doc>Clicks the button identified by ``locator``.</doc>
<status status="PASS" start="2025-02-24T15:35:54.567407" elapsed="0.123717"/>
</kw>
<kw name="Sleep" owner="BuiltIn">
<msg time="2025-02-24T15:35:56.692610" level="INFO">Slept 2 seconds.</msg>
<arg>2s</arg>
<doc>Pauses the test executed for the given time.</doc>
<status status="PASS" start="2025-02-24T15:35:54.691687" elapsed="2.001637"/>
</kw>
<arg>${KIM_USERNAME}</arg>
<arg>${WRONG_PASSWORD}</arg>
<status status="PASS" start="2025-02-24T15:35:54.107083" elapsed="2.586736"/>
</kw>
<kw name="Sleep" owner="BuiltIn">
<msg time="2025-02-24T15:35:58.696001" level="INFO">Slept 2 seconds.</msg>
<arg>2s</arg>
<doc>Pauses the test executed for the given time.</doc>
<status status="PASS" start="2025-02-24T15:35:56.695204" elapsed="2.001313"/>
</kw>
<kw name="Then Wait Until Page Contains" owner="SeleniumLibrary">
<arg>Invalid username or password</arg>
<arg>timeout=10s</arg>
<doc>Waits until ``text`` appears on the current page.</doc>
<status status="PASS" start="2025-02-24T15:35:58.697691" elapsed="0.028353"/>
</kw>
<kw name="Close All Browsers" owner="SeleniumLibrary" type="TEARDOWN">
<doc>Closes all open browsers and resets the browser cache.</doc>
<status status="PASS" start="2025-02-24T15:35:58.726967" elapsed="0.194396"/>
</kw>
<doc>Kim tries to login with incorrect password</doc>
<tag>login</tag>
<tag>negative</tag>
<tag>Sumeyye</tag>
<status status="PASS" start="2025-02-24T15:35:44.335056" elapsed="14.586779"/>
</test>
<doc>Test cases for Kim registration and login functionality</doc>
<status status="PASS" start="2025-02-24T15:35:05.021956" elapsed="53.904236"/>
</suite>
<statistics>
<total>
<stat pass="5" fail="0" skip="0">All Tests</stat>
</total>
<tag>
<stat pass="2" fail="0" skip="0">login</stat>
<stat pass="3" fail="0" skip="0">negative</stat>
<stat pass="2" fail="0" skip="0">positive</stat>
<stat pass="3" fail="0" skip="0">registration</stat>
<stat pass="5" fail="0" skip="0">Sumeyye</stat>
</tag>
<suite>
<stat name="Test Registration Login" id="s1" pass="5" fail="0" skip="0">Test Registration Login</stat>
</suite>
</statistics>
<errors>
</errors>
</robot>
