<?xml version="1.0" encoding="UTF-8"?>
<robot generator="Robot 7.2 (Python 3.13.1 on win32)" generated="2025-02-25T20:21:23.550529" rpa="false" schemaversion="5">
<suite id="s1" name="Jura-Stina-Kalle-Park" source="C:\Users\mlelo\OneDrive\Documents\GitHub\Jura-Stina-Kalle-Park">
<suite id="s1-s1" name="Test Related" source="C:\Users\mlelo\OneDrive\Documents\GitHub\Jura-Stina-Kalle-Park\test related">
<suite id="s1-s1-s1" name="Tests" source="C:\Users\mlelo\OneDrive\Documents\GitHub\Jura-Stina-Kalle-Park\test related\tests">
<suite id="s1-s1-s1-s1" name="Stina-Palle" source="C:\Users\mlelo\OneDrive\Documents\GitHub\Jura-Stina-Kalle-Park\test related\tests\stina-palle">
<suite id="s1-s1-s1-s1-s1" name="Stina-Palle Ticket" source="C:\Users\mlelo\OneDrive\Documents\GitHub\Jura-Stina-Kalle-Park\test related\tests\stina-palle\stina-palle_ticket.robot">
<test id="s1-s1-s1-s1-s1-t1" name="2.1 Stina-Palle buys a regular admission adult ticket" line="11">
<kw name="Open Browser To Page" owner="stina-palle_keywords" type="SETUP">
<kw name="Open Browser" owner="SeleniumLibrary">
<msg time="2025-02-25T20:21:23.978534" level="INFO">Opening browser 'chrome' to base url 'C:\Users\mlelo\OneDrive\Documents\GitHub\Jura-Stina-Kalle-Park\website\jurap.html'.</msg>
<arg>${url}</arg>
<arg>${browser}</arg>
<doc>Opens a new browser instance to the optional ``url``.</doc>
<status status="PASS" start="2025-02-25T20:21:23.977874" elapsed="2.196506"/>
</kw>
<kw name="Title Should Be" owner="SeleniumLibrary">
<msg time="2025-02-25T20:21:26.183124" level="INFO">Page title is 'Jura-Stina-Kalle Park'.</msg>
<arg>${title}</arg>
<doc>Verifies that the current page title equals ``title``.</doc>
<status status="PASS" start="2025-02-25T20:21:26.174738" elapsed="0.009026"/>
</kw>
<arg>${url_jura}</arg>
<arg>${browser_jura}</arg>
<arg>${title_jura}</arg>
<status status="PASS" start="2025-02-25T20:21:23.976111" elapsed="2.208045"/>
</kw>
<kw name="Maximize Browser Window" owner="SeleniumLibrary">
<doc>Maximizes current browser window.</doc>
<status status="PASS" start="2025-02-25T20:21:26.185742" elapsed="0.040285"/>
</kw>
<kw name="Set Selenium Speed" owner="SeleniumLibrary">
<arg>0.2s</arg>
<doc>Sets the delay that is waited after each Selenium command.</doc>
<status status="PASS" start="2025-02-25T20:21:26.226471" elapsed="0.000436"/>
</kw>
<kw name="Wait Until Element Is Visible" owner="SeleniumLibrary">
<arg>${registration_element}</arg>
<doc>Waits until the element ``locator`` is visible.</doc>
<status status="PASS" start="2025-02-25T20:21:26.227218" elapsed="0.440136"/>
</kw>
<kw name="Click Element" owner="SeleniumLibrary">
<msg time="2025-02-25T20:21:26.668419" level="INFO">Clicking element 'XPATH=/html/body/header/div/nav/ul/li[2]/a'.</msg>
<arg>${registration_element}</arg>
<doc>Click the element identified by ``locator``.</doc>
<status status="PASS" start="2025-02-25T20:21:26.667951" elapsed="0.610585"/>
</kw>
<kw name="Type In Wanted Username" owner="stina-palle_keywords">
<kw name="Input Text" owner="SeleniumLibrary">
<msg time="2025-02-25T20:21:27.280272" level="INFO">Typing text 'Stina-Palle' into text field 'id=reg-username'.</msg>
<arg>${id_reg-username_element}</arg>
<arg>${username}</arg>
<doc>Types the given ``text`` into the text field identified by ``locator``.</doc>
<status status="PASS" start="2025-02-25T20:21:27.279902" elapsed="0.765160"/>
</kw>
<arg>${username_registration_id}</arg>
<arg>${username}</arg>
<status status="PASS" start="2025-02-25T20:21:27.279061" elapsed="0.766882"/>
</kw>
<kw name="Type In Wanted Password" owner="stina-palle_keywords">
<kw name="Input Text" owner="SeleniumLibrary">
<msg time="2025-02-25T20:21:28.054330" level="INFO">Typing text 'Paleontologen' into text field 'id=reg-password'.</msg>
<arg>${id_reg-password_element}</arg>
<arg>${password}</arg>
<doc>Types the given ``text`` into the text field identified by ``locator``.</doc>
<status status="PASS" start="2025-02-25T20:21:28.051232" elapsed="1.111485"/>
</kw>
<arg>${password_registration_id}</arg>
<arg>${password}</arg>
<status status="PASS" start="2025-02-25T20:21:28.047590" elapsed="1.115337"/>
</kw>
<kw name="Click Element" owner="SeleniumLibrary">
<msg time="2025-02-25T20:21:29.163894" level="INFO">Clicking element 'XPATH=//*[@id='register-form']/button'.</msg>
<arg>${register_button}</arg>
<doc>Click the element identified by ``locator``.</doc>
<status status="PASS" start="2025-02-25T20:21:29.163342" elapsed="0.505555"/>
</kw>
<kw name="Sleep" owner="BuiltIn">
<msg time="2025-02-25T20:21:32.674108" level="INFO">Slept 3 seconds.</msg>
<msg time="2025-02-25T20:21:32.674991" level="INFO">Wait for page to load</msg>
<arg>3s</arg>
<arg>Wait for page to load</arg>
<doc>Pauses the test executed for the given time.</doc>
<status status="PASS" start="2025-02-25T20:21:29.670991" elapsed="3.005901"/>
</kw>
<kw name="Type In Wanted Username" owner="stina-palle_keywords">
<kw name="Input Text" owner="SeleniumLibrary">
<msg time="2025-02-25T20:21:32.689944" level="INFO">Typing text 'Stina-Palle' into text field 'id=login-username'.</msg>
<arg>${id_reg-username_element}</arg>
<arg>${username}</arg>
<doc>Types the given ``text`` into the text field identified by ``locator``.</doc>
<status status="PASS" start="2025-02-25T20:21:32.687787" elapsed="1.142622"/>
</kw>
<arg>${username_login_id}</arg>
<arg>${username}</arg>
<status status="PASS" start="2025-02-25T20:21:32.681103" elapsed="1.151203"/>
</kw>
<kw name="Type In Wanted Password" owner="stina-palle_keywords">
<kw name="Input Text" owner="SeleniumLibrary">
<msg time="2025-02-25T20:21:33.839313" level="INFO">Typing text 'Paleontologen' into text field 'id=login-password'.</msg>
<arg>${id_reg-password_element}</arg>
<arg>${password}</arg>
<doc>Types the given ``text`` into the text field identified by ``locator``.</doc>
<status status="PASS" start="2025-02-25T20:21:33.837578" elapsed="1.213987"/>
</kw>
<arg>${password_login_id}</arg>
<arg>${password}</arg>
<status status="PASS" start="2025-02-25T20:21:33.834960" elapsed="1.217412"/>
</kw>
<kw name="Click Element" owner="SeleniumLibrary">
<msg time="2025-02-25T20:21:35.056458" level="INFO">Clicking element 'XPATH=//*[@id='login-form']/button'.</msg>
<arg>${login_button}</arg>
<doc>Click the element identified by ``locator``.</doc>
<status status="PASS" start="2025-02-25T20:21:35.054089" elapsed="0.707735"/>
</kw>
<kw name="Sleep" owner="BuiltIn">
<msg time="2025-02-25T20:21:38.844673" level="INFO">Slept 3 seconds.</msg>
<msg time="2025-02-25T20:21:38.846254" level="INFO">Wait for page to load</msg>
<arg>3s</arg>
<arg>Wait for page to load</arg>
<doc>Pauses the test executed for the given time.</doc>
<status status="PASS" start="2025-02-25T20:21:35.842414" elapsed="3.005900"/>
</kw>
<kw name="Click Element" owner="SeleniumLibrary">
<msg time="2025-02-25T20:21:38.851551" level="INFO">Clicking element 'XPATH=//*[@id='tickets-nav']/a'.</msg>
<arg>${buy_tickets_element}</arg>
<doc>Click the element identified by ``locator``.</doc>
<status status="PASS" start="2025-02-25T20:21:38.849950" elapsed="0.669560"/>
</kw>
<kw name="Sleep" owner="BuiltIn">
<msg time="2025-02-25T20:21:42.522732" level="INFO">Slept 3 seconds.</msg>
<msg time="2025-02-25T20:21:42.523847" level="INFO">Wait for page to load</msg>
<arg>3s</arg>
<arg>Wait for page to load</arg>
<doc>Pauses the test executed for the given time.</doc>
<status status="PASS" start="2025-02-25T20:21:39.520778" elapsed="3.005271"/>
</kw>
<kw name="Select From List By Value" owner="SeleniumLibrary">
<msg time="2025-02-25T20:21:42.535803" level="INFO">Selecting options from selection list 'XPATH=//*[@id="ticket-type"]' by value Adult.</msg>
<arg>XPATH=//*[@id="ticket-type"]</arg>
<arg>Adult</arg>
<doc>Selects options from selection list ``locator`` by ``values``.</doc>
<status status="PASS" start="2025-02-25T20:21:42.533280" elapsed="1.488226"/>
</kw>
<kw name="Select From List By Value" owner="SeleniumLibrary">
<msg time="2025-02-25T20:21:44.026238" level="INFO">Selecting options from selection list 'XPATH=//*[@id="ticket-category"]' by value Regular.</msg>
<arg>XPATH=//*[@id="ticket-category"]</arg>
<arg>Regular</arg>
<doc>Selects options from selection list ``locator`` by ``values``.</doc>
<status status="PASS" start="2025-02-25T20:21:44.023863" elapsed="1.457412"/>
</kw>
<kw name="Type In Quantity" owner="stina-palle_keywords">
<kw name="Input Text" owner="SeleniumLibrary">
<msg time="2025-02-25T20:21:45.484748" level="INFO">Typing text '1' into text field 'XPATH=//*[@id='ticket-quantity']'.</msg>
<arg>${id_quantity_element}</arg>
<arg>${quantity}</arg>
<doc>Types the given ``text`` into the text field identified by ``locator``.</doc>
<status status="PASS" start="2025-02-25T20:21:45.484049" elapsed="0.935839"/>
</kw>
<arg>${ticket_quantity_element}</arg>
<arg>${1}</arg>
<status status="PASS" start="2025-02-25T20:21:45.482377" elapsed="0.937776"/>
</kw>
<kw name="Click Element" owner="SeleniumLibrary">
<msg time="2025-02-25T20:21:46.421167" level="INFO">Clicking element 'XPATH=//*[@id='ticket-form']/button'.</msg>
<arg>${add_tickets_to_cart_button}</arg>
<doc>Click the element identified by ``locator``.</doc>
<status status="PASS" start="2025-02-25T20:21:46.420594" elapsed="0.583380"/>
</kw>
<kw name="Handle Alert" owner="SeleniumLibrary">
<msg time="2025-02-25T20:21:47.006029" level="INFO">HANDLE::&lt;class 'NoneType'&gt;::None</msg>
<doc>Handles the current alert and returns its message.</doc>
<status status="PASS" start="2025-02-25T20:21:47.005109" elapsed="0.616962"/>
</kw>
<kw name="Click Element" owner="SeleniumLibrary">
<msg time="2025-02-25T20:21:47.623308" level="INFO">Clicking element 'XPATH=//*[@id='cart-nav']/a'.</msg>
<arg>${cart_element}</arg>
<doc>Click the element identified by ``locator``.</doc>
<status status="PASS" start="2025-02-25T20:21:47.622627" elapsed="0.508385"/>
</kw>
<kw name="Sleep" owner="BuiltIn">
<msg time="2025-02-25T20:21:50.145331" level="INFO">Slept 2 seconds.</msg>
<msg time="2025-02-25T20:21:50.148102" level="INFO">Wait for page to load</msg>
<arg>2s</arg>
<arg>Wait for page to load</arg>
<doc>Pauses the test executed for the given time.</doc>
<status status="PASS" start="2025-02-25T20:21:48.143460" elapsed="2.006211"/>
</kw>
<kw name="Click Button" owner="SeleniumLibrary">
<msg time="2025-02-25T20:21:50.154911" level="INFO">Clicking button 'id=checkout-button'.</msg>
<arg>${checkout_button}</arg>
<doc>Clicks the button identified by ``locator``.</doc>
<status status="PASS" start="2025-02-25T20:21:50.152712" elapsed="1.206861"/>
</kw>
<kw name="Handle Alert" owner="SeleniumLibrary">
<msg time="2025-02-25T20:21:51.360767" level="INFO">HANDLE::&lt;class 'NoneType'&gt;::None</msg>
<doc>Handles the current alert and returns its message.</doc>
<status status="PASS" start="2025-02-25T20:21:51.360243" elapsed="0.619632"/>
</kw>
<kw name="Close Browser" owner="SeleniumLibrary" type="TEARDOWN">
<doc>Closes the current browser.</doc>
<status status="PASS" start="2025-02-25T20:21:51.981390" elapsed="2.477629"/>
</kw>
<tag>created_by:MoaRosvall</tag>
<status status="PASS" start="2025-02-25T20:21:23.974540" elapsed="30.486013"/>
</test>
<test id="s1-s1-s1-s1-s1-t2" name="2.2 Stina-Palle försöker köpa biljetter utan att vara inloggad" line="36">
<kw name="Open Browser To Page" owner="stina-palle_keywords" type="SETUP">
<kw name="Open Browser" owner="SeleniumLibrary">
<msg time="2025-02-25T20:21:54.476181" level="INFO">Opening browser 'chrome' to base url 'C:\Users\mlelo\OneDrive\Documents\GitHub\Jura-Stina-Kalle-Park\website\jurap.html'.</msg>
<arg>${url}</arg>
<arg>${browser}</arg>
<doc>Opens a new browser instance to the optional ``url``.</doc>
<status status="PASS" start="2025-02-25T20:21:54.470690" elapsed="2.262970"/>
</kw>
<kw name="Title Should Be" owner="SeleniumLibrary">
<msg time="2025-02-25T20:21:56.946105" level="INFO">Page title is 'Jura-Stina-Kalle Park'.</msg>
<arg>${title}</arg>
<doc>Verifies that the current page title equals ``title``.</doc>
<status status="PASS" start="2025-02-25T20:21:56.734175" elapsed="0.212374"/>
</kw>
<arg>${url_jura}</arg>
<arg>${browser_jura}</arg>
<arg>${title_jura}</arg>
<status status="PASS" start="2025-02-25T20:21:54.467547" elapsed="2.479332"/>
</kw>
<kw name="Maximize Browser Window" owner="SeleniumLibrary">
<doc>Maximizes current browser window.</doc>
<status status="PASS" start="2025-02-25T20:21:56.947493" elapsed="0.249329"/>
</kw>
<kw name="Set Selenium Speed" owner="SeleniumLibrary">
<arg>0.2s</arg>
<doc>Sets the delay that is waited after each Selenium command.</doc>
<status status="PASS" start="2025-02-25T20:21:57.197405" elapsed="0.000555"/>
</kw>
<kw name="Wait Until Element Is Visible" owner="SeleniumLibrary">
<arg>${registration_element}</arg>
<doc>Waits until the element ``locator`` is visible.</doc>
<status status="PASS" start="2025-02-25T20:21:57.198404" elapsed="0.451209"/>
</kw>
<kw name="Click Element" owner="SeleniumLibrary">
<msg time="2025-02-25T20:21:57.650560" level="INFO">Clicking element 'XPATH=/html/body/header/div/nav/ul/li[2]/a'.</msg>
<arg>${registration_element}</arg>
<doc>Click the element identified by ``locator``.</doc>
<status status="PASS" start="2025-02-25T20:21:57.650120" elapsed="0.513373"/>
</kw>
<kw name="Type In Wanted Username" owner="stina-palle_keywords">
<kw name="Input Text" owner="SeleniumLibrary">
<msg time="2025-02-25T20:21:58.164987" level="INFO">Typing text 'Stina-Palle' into text field 'id=reg-username'.</msg>
<arg>${id_reg-username_element}</arg>
<arg>${username}</arg>
<doc>Types the given ``text`` into the text field identified by ``locator``.</doc>
<status status="PASS" start="2025-02-25T20:21:58.164619" elapsed="0.804699"/>
</kw>
<arg>${username_registration_id}</arg>
<arg>${username}</arg>
<status status="PASS" start="2025-02-25T20:21:58.164021" elapsed="0.805643"/>
</kw>
<kw name="Type In Wanted Password" owner="stina-palle_keywords">
<kw name="Input Text" owner="SeleniumLibrary">
<msg time="2025-02-25T20:21:58.973191" level="INFO">Typing text 'Paleontologen' into text field 'id=reg-password'.</msg>
<arg>${id_reg-password_element}</arg>
<arg>${password}</arg>
<doc>Types the given ``text`` into the text field identified by ``locator``.</doc>
<status status="PASS" start="2025-02-25T20:21:58.972364" elapsed="1.061546"/>
</kw>
<arg>${password_registration_id}</arg>
<arg>${password}</arg>
<status status="PASS" start="2025-02-25T20:21:58.970860" elapsed="1.064368"/>
</kw>
<kw name="Click Element" owner="SeleniumLibrary">
<msg time="2025-02-25T20:22:00.050418" level="INFO">Clicking element 'XPATH=//*[@id='register-form']/button'.</msg>
<arg>${register_button}</arg>
<doc>Click the element identified by ``locator``.</doc>
<status status="PASS" start="2025-02-25T20:22:00.046277" elapsed="0.657685"/>
</kw>
<kw name="Sleep" owner="BuiltIn">
<msg time="2025-02-25T20:22:03.709136" level="INFO">Slept 3 seconds.</msg>
<msg time="2025-02-25T20:22:03.710138" level="INFO">Wait for page to load</msg>
<arg>3s</arg>
<arg>Wait for page to load</arg>
<doc>Pauses the test executed for the given time.</doc>
<status status="PASS" start="2025-02-25T20:22:00.706914" elapsed="3.004727"/>
</kw>
<kw name="Click Element" owner="SeleniumLibrary">
<msg time="2025-02-25T20:22:03.718197" level="INFO">Clicking element 'XPATH=//*[@id='tickets-nav']/a'.</msg>
<arg>${buy_tickets_element}</arg>
<doc>Click the element identified by ``locator``.</doc>
<status status="PASS" start="2025-02-25T20:22:03.715650" elapsed="0.714212"/>
</kw>
<kw name="Sleep" owner="BuiltIn">
<msg time="2025-02-25T20:22:07.433651" level="INFO">Slept 3 seconds.</msg>
<msg time="2025-02-25T20:22:07.434325" level="INFO">Wait for page to load</msg>
<arg>3s</arg>
<arg>Wait for page to load</arg>
<doc>Pauses the test executed for the given time.</doc>
<status status="PASS" start="2025-02-25T20:22:04.431666" elapsed="3.003300"/>
</kw>
<kw name="Select From List By Value" owner="SeleniumLibrary">
<msg time="2025-02-25T20:22:07.437782" level="INFO">Selecting options from selection list 'XPATH=//*[@id="ticket-type"]' by value Adult.</msg>
<arg>XPATH=//*[@id="ticket-type"]</arg>
<arg>Adult</arg>
<doc>Selects options from selection list ``locator`` by ``values``.</doc>
<status status="PASS" start="2025-02-25T20:22:07.436856" elapsed="1.387093"/>
</kw>
<kw name="Select From List By Value" owner="SeleniumLibrary">
<msg time="2025-02-25T20:22:08.826440" level="INFO">Selecting options from selection list 'XPATH=//*[@id="ticket-category"]' by value Regular.</msg>
<arg>XPATH=//*[@id="ticket-category"]</arg>
<arg>Regular</arg>
<doc>Selects options from selection list ``locator`` by ``values``.</doc>
<status status="PASS" start="2025-02-25T20:22:08.825243" elapsed="1.414960"/>
</kw>
<kw name="Type In Quantity" owner="stina-palle_keywords">
<kw name="Input Text" owner="SeleniumLibrary">
<msg time="2025-02-25T20:22:10.242365" level="INFO">Typing text '1' into text field 'XPATH=//*[@id='ticket-quantity']'.</msg>
<arg>${id_quantity_element}</arg>
<arg>${quantity}</arg>
<doc>Types the given ``text`` into the text field identified by ``locator``.</doc>
<status status="PASS" start="2025-02-25T20:22:10.241867" elapsed="0.837293"/>
</kw>
<arg>${ticket_quantity_element}</arg>
<arg>${1}</arg>
<status status="PASS" start="2025-02-25T20:22:10.240742" elapsed="0.838875"/>
</kw>
<kw name="Click Element" owner="SeleniumLibrary">
<msg time="2025-02-25T20:22:11.084155" level="INFO">Clicking element 'XPATH=//*[@id='ticket-form']/button'.</msg>
<arg>${add_tickets_to_cart_button}</arg>
<doc>Click the element identified by ``locator``.</doc>
<status status="PASS" start="2025-02-25T20:22:11.080578" elapsed="0.635401"/>
</kw>
<kw name="Handle Alert" owner="SeleniumLibrary">
<msg time="2025-02-25T20:22:11.720459" level="INFO">HANDLE::&lt;class 'NoneType'&gt;::None</msg>
<doc>Handles the current alert and returns its message.</doc>
<status status="PASS" start="2025-02-25T20:22:11.719320" elapsed="0.637028"/>
</kw>
<kw name="Close Browser" owner="SeleniumLibrary" type="TEARDOWN">
<doc>Closes the current browser.</doc>
<status status="PASS" start="2025-02-25T20:22:12.357164" elapsed="2.309809"/>
</kw>
<tag>created_by:MoaRosvall</tag>
<status status="PASS" start="2025-02-25T20:21:54.464511" elapsed="20.203064"/>
</test>
<doc>[Moa, Grupp 5] User 2 (Stina-Palle) buying their ticket.</doc>
<status status="PASS" start="2025-02-25T20:21:23.595529" elapsed="51.073833"/>
</suite>
<status status="PASS" start="2025-02-25T20:21:23.591301" elapsed="51.081033"/>
</suite>
<status status="PASS" start="2025-02-25T20:21:23.588432" elapsed="51.086460"/>
</suite>
<status status="PASS" start="2025-02-25T20:21:23.585555" elapsed="51.091533"/>
</suite>
<status status="PASS" start="2025-02-25T20:21:23.556955" elapsed="51.122111"/>
</suite>
<statistics>
<total>
<stat pass="2" fail="0" skip="0">All Tests</stat>
</total>
<tag>
<stat pass="2" fail="0" skip="0">created_by:MoaRosvall</stat>
</tag>
<suite>
<stat name="Jura-Stina-Kalle-Park" id="s1" pass="2" fail="0" skip="0">Jura-Stina-Kalle-Park</stat>
<stat name="Test Related" id="s1-s1" pass="2" fail="0" skip="0">Jura-Stina-Kalle-Park.Test Related</stat>
<stat name="Tests" id="s1-s1-s1" pass="2" fail="0" skip="0">Jura-Stina-Kalle-Park.Test Related.Tests</stat>
<stat name="Stina-Palle" id="s1-s1-s1-s1" pass="2" fail="0" skip="0">Jura-Stina-Kalle-Park.Test Related.Tests.Stina-Palle</stat>
<stat name="Stina-Palle Ticket" id="s1-s1-s1-s1-s1" pass="2" fail="0" skip="0">Jura-Stina-Kalle-Park.Test Related.Tests.Stina-Palle.Stina-Palle Ticket</stat>
</suite>
</statistics>
<errors>
<msg time="2025-02-25T20:21:23.968408" level="ERROR">Error in file 'C:\Users\mlelo\OneDrive\Documents\GitHub\Jura-Stina-Kalle-Park\test related\resources\keywords\stina-palle_keywords.robot' on line 3: Setting 'Test Tags' is not allowed in resource file.</msg>
</errors>
</robot>
