<?xml version="1.0" encoding="UTF-8"?>
<robot generator="Robot 7.2 (Python 3.13.1 on win32)" generated="2025-02-25T17:59:57.044513" rpa="false" schemaversion="5">
<suite id="s1" name="Jura-Stina-Kalle-Park" source="C:\Users\mlelo\OneDrive\Documents\GitHub\Jura-Stina-Kalle-Park">
<suite id="s1-s1" name="Jura-Stina-Kalle-Park" source="C:\Users\mlelo\OneDrive\Documents\GitHub\Jura-Stina-Kalle-Park\Jura-Stina-Kalle-Park">
<suite id="s1-s1-s1" name="Test Related" source="C:\Users\mlelo\OneDrive\Documents\GitHub\Jura-Stina-Kalle-Park\Jura-Stina-Kalle-Park\test related">
<suite id="s1-s1-s1-s1" name="Tests" source="C:\Users\mlelo\OneDrive\Documents\GitHub\Jura-Stina-Kalle-Park\Jura-Stina-Kalle-Park\test related\tests">
<suite id="s1-s1-s1-s1-s1" name="Stina-Palle" source="C:\Users\mlelo\OneDrive\Documents\GitHub\Jura-Stina-Kalle-Park\Jura-Stina-Kalle-Park\test related\tests\stina-palle">
<suite id="s1-s1-s1-s1-s1-s1" name="Stina-Palle Ticket" source="C:\Users\mlelo\OneDrive\Documents\GitHub\Jura-Stina-Kalle-Park\Jura-Stina-Kalle-Park\test related\tests\stina-palle\stina-palle_ticket.robot">
<test id="s1-s1-s1-s1-s1-s1-t1" name="2.2 Stina-Palle försöker köpa biljetter utan att vara inloggad" line="34">
<kw name="Open Browser To Page" owner="stina-palle_keywords" type="SETUP">
<kw name="Open Browser" owner="SeleniumLibrary">
<msg time="2025-02-25T17:59:57.764875" level="INFO">Opening browser 'chrome' to base url 'C:\Users\mlelo\OneDrive\Documents\GitHub\Jura-Stina-Kalle-Park\Jura-Stina-Kalle-Park\website\jurap.html'.</msg>
<arg>${url}</arg>
<arg>${browser}</arg>
<doc>Opens a new browser instance to the optional ``url``.</doc>
<status status="PASS" start="2025-02-25T17:59:57.763986" elapsed="2.633137"/>
</kw>
<kw name="Title Should Be" owner="SeleniumLibrary">
<msg time="2025-02-25T18:00:00.416872" level="INFO">Page title is 'Jura-Stina-Kalle Park'.</msg>
<arg>${title}</arg>
<doc>Verifies that the current page title equals ``title``.</doc>
<status status="PASS" start="2025-02-25T18:00:00.397935" elapsed="0.019370"/>
</kw>
<arg>${url_jura}</arg>
<arg>${browser_jura}</arg>
<arg>${title_jura}</arg>
<status status="PASS" start="2025-02-25T17:59:57.761757" elapsed="2.655948"/>
</kw>
<kw name="Set Selenium Speed" owner="SeleniumLibrary">
<arg>0.2s</arg>
<doc>Sets the delay that is waited after each Selenium command.</doc>
<status status="PASS" start="2025-02-25T18:00:00.418421" elapsed="0.000716"/>
</kw>
<kw name="Wait Until Element Is Visible" owner="SeleniumLibrary">
<arg>${registration_element}</arg>
<doc>Waits until the element ``locator`` is visible.</doc>
<status status="PASS" start="2025-02-25T18:00:00.419833" elapsed="0.462357"/>
</kw>
<kw name="Click Element" owner="SeleniumLibrary">
<msg time="2025-02-25T18:00:00.883582" level="INFO">Clicking element 'XPATH=/html/body/header/div/nav/ul/li[2]/a'.</msg>
<arg>${registration_element}</arg>
<doc>Click the element identified by ``locator``.</doc>
<status status="PASS" start="2025-02-25T18:00:00.882869" elapsed="0.583934"/>
</kw>
<kw name="Type In Wanted Username" owner="stina-palle_keywords">
<kw name="Input Text" owner="SeleniumLibrary">
<msg time="2025-02-25T18:00:01.469555" level="INFO">Typing text 'Stina-Palle' into text field 'id=reg-username'.</msg>
<arg>${id_reg-username_element}</arg>
<arg>${username}</arg>
<doc>Types the given ``text`` into the text field identified by ``locator``.</doc>
<status status="PASS" start="2025-02-25T18:00:01.468902" elapsed="0.962172"/>
</kw>
<arg>${username_registration_id}</arg>
<arg>${username}</arg>
<status status="PASS" start="2025-02-25T18:00:01.467803" elapsed="0.964020"/>
</kw>
<kw name="Type In Wanted Password" owner="stina-palle_keywords">
<kw name="Input Text" owner="SeleniumLibrary">
<msg time="2025-02-25T18:00:02.436682" level="INFO">Typing text 'Paleontologen' into text field 'id=reg-password'.</msg>
<arg>${id_reg-password_element}</arg>
<arg>${password}</arg>
<doc>Types the given ``text`` into the text field identified by ``locator``.</doc>
<status status="PASS" start="2025-02-25T18:00:02.435045" elapsed="0.893258"/>
</kw>
<arg>${password_registration_id}</arg>
<arg>${password}</arg>
<status status="PASS" start="2025-02-25T18:00:02.433126" elapsed="0.895555"/>
</kw>
<kw name="Click Element" owner="SeleniumLibrary">
<msg time="2025-02-25T18:00:03.330558" level="INFO">Clicking element 'XPATH=//*[@id='register-form']/button'.</msg>
<arg>${register_button}</arg>
<doc>Click the element identified by ``locator``.</doc>
<status status="PASS" start="2025-02-25T18:00:03.329527" elapsed="0.755341"/>
</kw>
<kw name="Sleep" owner="BuiltIn">
<msg time="2025-02-25T18:00:07.091289" level="INFO">Slept 3 seconds.</msg>
<msg time="2025-02-25T18:00:07.092565" level="INFO">Wait for page to load</msg>
<arg>3s</arg>
<arg>Wait for page to load</arg>
<doc>Pauses the test executed for the given time.</doc>
<status status="PASS" start="2025-02-25T18:00:04.086660" elapsed="3.007091"/>
</kw>
<kw name="Click Element" owner="SeleniumLibrary">
<msg time="2025-02-25T18:00:07.098638" level="INFO">Clicking element 'XPATH=//*[@id='tickets-nav']/a'.</msg>
<arg>${buy_tickets_element}</arg>
<doc>Click the element identified by ``locator``.</doc>
<status status="PASS" start="2025-02-25T18:00:07.095918" elapsed="0.775787"/>
</kw>
<kw name="Sleep" owner="BuiltIn">
<msg time="2025-02-25T18:00:10.878586" level="INFO">Slept 3 seconds.</msg>
<msg time="2025-02-25T18:00:10.879239" level="INFO">Wait for page to load</msg>
<arg>3s</arg>
<arg>Wait for page to load</arg>
<doc>Pauses the test executed for the given time.</doc>
<status status="PASS" start="2025-02-25T18:00:07.876608" elapsed="3.003759"/>
</kw>
<kw name="Select From List By Value" owner="SeleniumLibrary">
<msg time="2025-02-25T18:00:10.883093" level="INFO">Selecting options from selection list 'XPATH=//*[@id="ticket-type"]' by value Adult.</msg>
<arg>XPATH=//*[@id="ticket-type"]</arg>
<arg>Adult</arg>
<doc>Selects options from selection list ``locator`` by ``values``.</doc>
<status status="PASS" start="2025-02-25T18:00:10.881718" elapsed="1.327813"/>
</kw>
<kw name="Select From List By Value" owner="SeleniumLibrary">
<msg time="2025-02-25T18:00:12.214955" level="INFO">Selecting options from selection list 'XPATH=//*[@id="ticket-category"]' by value Regular.</msg>
<arg>XPATH=//*[@id="ticket-category"]</arg>
<arg>Regular</arg>
<doc>Selects options from selection list ``locator`` by ``values``.</doc>
<status status="PASS" start="2025-02-25T18:00:12.212565" elapsed="1.343830"/>
</kw>
<kw name="Type In Quantity" owner="stina-palle_keywords">
<kw name="Input Text" owner="SeleniumLibrary">
<msg time="2025-02-25T18:00:13.563619" level="INFO">Typing text '1' into text field 'XPATH=//*[@id='ticket-quantity']'.</msg>
<arg>${id_quantity_element}</arg>
<arg>${quantity}</arg>
<doc>Types the given ``text`` into the text field identified by ``locator``.</doc>
<status status="PASS" start="2025-02-25T18:00:13.562148" elapsed="1.003844"/>
</kw>
<arg>${ticket_quantity_element}</arg>
<arg>${1}</arg>
<status status="PASS" start="2025-02-25T18:00:13.558268" elapsed="1.008671"/>
</kw>
<kw name="Click Element" owner="SeleniumLibrary">
<msg time="2025-02-25T18:00:14.575361" level="INFO">Clicking element 'XPATH=//*[@id='ticket-form']/button'.</msg>
<arg>${add_tickets_to_cart_button}</arg>
<doc>Click the element identified by ``locator``.</doc>
<status status="PASS" start="2025-02-25T18:00:14.572847" elapsed="0.811444"/>
</kw>
<kw name="Handle Alert" owner="SeleniumLibrary">
<msg time="2025-02-25T18:00:15.390091" level="INFO">HANDLE::&lt;class 'NoneType'&gt;::None</msg>
<doc>Handles the current alert and returns its message.</doc>
<status status="PASS" start="2025-02-25T18:00:15.387789" elapsed="0.646429"/>
</kw>
<kw name="Close Browser" owner="SeleniumLibrary" type="TEARDOWN">
<doc>Closes the current browser.</doc>
<status status="PASS" start="2025-02-25T18:00:16.038734" elapsed="2.588583"/>
</kw>
<status status="PASS" start="2025-02-25T17:59:57.759603" elapsed="20.869192"/>
</test>
<doc>[Moa, Grupp 5] User 2 (Stina-Palle) buying their ticket.</doc>
<status status="PASS" start="2025-02-25T17:59:57.128247" elapsed="21.510210"/>
</suite>
<status status="PASS" start="2025-02-25T17:59:57.122948" elapsed="21.531790"/>
</suite>
<status status="PASS" start="2025-02-25T17:59:57.118957" elapsed="21.547825"/>
</suite>
<status status="PASS" start="2025-02-25T17:59:57.112587" elapsed="21.563771"/>
</suite>
<status status="PASS" start="2025-02-25T17:59:57.106273" elapsed="21.582201"/>
</suite>
<status status="PASS" start="2025-02-25T17:59:57.052861" elapsed="21.644516"/>
</suite>
<statistics>
<total>
<stat pass="1" fail="0" skip="0">All Tests</stat>
</total>
<tag>
</tag>
<suite>
<stat name="Jura-Stina-Kalle-Park" id="s1" pass="1" fail="0" skip="0">Jura-Stina-Kalle-Park</stat>
<stat name="Jura-Stina-Kalle-Park" id="s1-s1" pass="1" fail="0" skip="0">Jura-Stina-Kalle-Park.Jura-Stina-Kalle-Park</stat>
<stat name="Test Related" id="s1-s1-s1" pass="1" fail="0" skip="0">Jura-Stina-Kalle-Park.Jura-Stina-Kalle-Park.Test Related</stat>
<stat name="Tests" id="s1-s1-s1-s1" pass="1" fail="0" skip="0">Jura-Stina-Kalle-Park.Jura-Stina-Kalle-Park.Test Related.Tests</stat>
<stat name="Stina-Palle" id="s1-s1-s1-s1-s1" pass="1" fail="0" skip="0">Jura-Stina-Kalle-Park.Jura-Stina-Kalle-Park.Test Related.Tests.Stina-Palle</stat>
<stat name="Stina-Palle Ticket" id="s1-s1-s1-s1-s1-s1" pass="1" fail="0" skip="0">Jura-Stina-Kalle-Park.Jura-Stina-Kalle-Park.Test Related.Tests.Stina-Palle.Stina-Palle Ticket</stat>
</suite>
</statistics>
<errors>
</errors>
</robot>
