<?xml version="1.0" encoding="UTF-8"?>
<robot generator="Robot 7.2.2 (Python 3.13.2 on win32)" generated="2025-03-14T15:10:56.328160" rpa="false" schemaversion="5">
<suite id="s1" name="Jura-Stina-Kalle-Park" source="C:\Users\Moa\Documents\GitHub\Jura-Stina-Kalle-Park">
<suite id="s1-s1" name="Tests" source="C:\Users\Moa\Documents\GitHub\Jura-Stina-Kalle-Park\tests">
<suite id="s1-s1-s1" name="Stina-Palle Tests" source="C:\Users\Moa\Documents\GitHub\Jura-Stina-Kalle-Park\tests\stina-palle_tests.robot">
<test id="s1-s1-s1-t1" name="2.2 Stina-Palle tries to buy a ticket without logging in" line="16">
<kw name="Open Browser and Register User" owner="stina-palle_keywords" type="SETUP">
<kw name="Open Browser To Page" owner="stina-palle_keywords">
<kw name="Open Browser" owner="SeleniumLibrary">
<msg time="2025-03-14T15:10:56.622315" level="INFO">Opening browser 'chrome' to base url 'file:///C:\Users\Moa\Documents\GitHub\Jura-Stina-Kalle-Park/website/jurap.html'.</msg>
<arg>${url}</arg>
<arg>${browser}</arg>
<doc>Opens a new browser instance to the optional ``url``.</doc>
<status status="PASS" start="2025-03-14T15:10:56.621902" elapsed="1.655848"/>
</kw>
<kw name="Title Should Be" owner="SeleniumLibrary">
<msg time="2025-03-14T15:10:58.283754" level="INFO">Page title is 'Jura-Stina-Kalle Park'.</msg>
<arg>${title}</arg>
<doc>Verifies that the current page title equals ``title``.</doc>
<status status="PASS" start="2025-03-14T15:10:58.278058" elapsed="0.006199"/>
</kw>
<arg>${url_jura}</arg>
<arg>${browser_jura}</arg>
<arg>${title_jura}</arg>
<tag>setup</tag>
<status status="PASS" start="2025-03-14T15:10:56.620906" elapsed="1.663570"/>
</kw>
<kw name="Maximize Browser Window" owner="SeleniumLibrary">
<doc>Maximizes current browser window.</doc>
<status status="PASS" start="2025-03-14T15:10:58.284681" elapsed="0.038571"/>
</kw>
<kw name="Wait Until Element Is Visible" owner="SeleniumLibrary">
<arg>${registration_element}</arg>
<doc>Waits until the element ``locator`` is visible.</doc>
<status status="PASS" start="2025-03-14T15:10:58.323498" elapsed="0.019340"/>
</kw>
<kw name="Click Element" owner="SeleniumLibrary">
<msg time="2025-03-14T15:10:58.343618" level="INFO">Clicking element 'XPATH=/html/body/header/div/nav/ul/li[2]/a'.</msg>
<arg>${registration_element}</arg>
<doc>Click the element identified by ``locator``.</doc>
<status status="PASS" start="2025-03-14T15:10:58.343107" elapsed="0.069310"/>
</kw>
<kw name="Type In Wanted Username" owner="stina-palle_keywords">
<kw name="Input Text" owner="SeleniumLibrary">
<msg time="2025-03-14T15:10:58.413880" level="INFO">Typing text 'Stina-Palle' into text field 'id=reg-username'.</msg>
<arg>${id_reg-username_element}</arg>
<arg>${username}</arg>
<doc>Types the given ``text`` into the text field identified by ``locator``.</doc>
<status status="PASS" start="2025-03-14T15:10:58.413479" elapsed="0.114824"/>
</kw>
<arg>${username_registration_id}</arg>
<arg>${username}</arg>
<tag>stina-palle-login</tag>
<status status="PASS" start="2025-03-14T15:10:58.412829" elapsed="0.115675"/>
</kw>
<kw name="Type In Wanted Password" owner="stina-palle_keywords">
<kw name="Input Text" owner="SeleniumLibrary">
<msg time="2025-03-14T15:10:58.529915" level="INFO">Typing text 'Paleontologen' into text field 'id=reg-password'.</msg>
<arg>${id_reg-password_element}</arg>
<arg>${password}</arg>
<doc>Types the given ``text`` into the text field identified by ``locator``.</doc>
<status status="PASS" start="2025-03-14T15:10:58.529386" elapsed="0.101762"/>
</kw>
<arg>${password_registration_id}</arg>
<arg>${password}</arg>
<tag>stina-palle-login</tag>
<status status="PASS" start="2025-03-14T15:10:58.528743" elapsed="0.102601"/>
</kw>
<kw name="Click Element" owner="SeleniumLibrary">
<msg time="2025-03-14T15:10:58.631960" level="INFO">Clicking element 'XPATH=//*[@id='register-form']/button'.</msg>
<arg>${register_button}</arg>
<doc>Click the element identified by ``locator``.</doc>
<status status="PASS" start="2025-03-14T15:10:58.631533" elapsed="0.076047"/>
</kw>
<tag>setup</tag>
<status status="PASS" start="2025-03-14T15:10:56.620280" elapsed="2.087519"/>
</kw>
<kw name="Given the user goes to buy a ticket without logging in" owner="stina-palle_keywords">
<kw name="Sleep" owner="BuiltIn">
<msg time="2025-03-14T15:11:02.711128" level="INFO">Slept 4 seconds.</msg>
<arg>4s</arg>
<doc>Pauses the test executed for the given time.</doc>
<status status="PASS" start="2025-03-14T15:10:58.709853" elapsed="4.001846"/>
</kw>
<kw name="Wait Until Element Is Visible" owner="SeleniumLibrary">
<arg>${buy_tickets_element}</arg>
<doc>Waits until the element ``locator`` is visible.</doc>
<status status="PASS" start="2025-03-14T15:11:02.711945" elapsed="0.015434"/>
</kw>
<kw name="Click Element" owner="SeleniumLibrary">
<msg time="2025-03-14T15:11:02.728065" level="INFO">Clicking element 'XPATH=//*[@id='tickets-nav']/a'.</msg>
<arg>${buy_tickets_element}</arg>
<doc>Click the element identified by ``locator``.</doc>
<status status="PASS" start="2025-03-14T15:11:02.727610" elapsed="0.045109"/>
</kw>
<kw name="Sleep" owner="BuiltIn">
<msg time="2025-03-14T15:11:04.773904" level="INFO">Slept 2 seconds.</msg>
<arg>2s</arg>
<doc>Pauses the test executed for the given time.</doc>
<status status="PASS" start="2025-03-14T15:11:02.772947" elapsed="2.001440"/>
</kw>
<tag>stina-palle-fail</tag>
<status status="PASS" start="2025-03-14T15:10:58.708265" elapsed="6.066313"/>
</kw>
<kw name="When the user tries to add the ticket to their cart" owner="stina-palle_keywords">
<kw name="Wait Until Element Is Visible" owner="SeleniumLibrary">
<arg>${ticket_quantity_element}</arg>
<doc>Waits until the element ``locator`` is visible.</doc>
<status status="PASS" start="2025-03-14T15:11:04.777794" elapsed="0.014122"/>
</kw>
<kw name="Select From List By Value" owner="SeleniumLibrary">
<msg time="2025-03-14T15:11:04.792589" level="INFO">Selecting options from selection list 'id=ticket-type' by value Adult.</msg>
<arg>id=ticket-type</arg>
<arg>Adult</arg>
<doc>Selects options from selection list ``locator`` by ``values``.</doc>
<status status="PASS" start="2025-03-14T15:11:04.792169" elapsed="0.035344"/>
</kw>
<kw name="Select From List By Value" owner="SeleniumLibrary">
<msg time="2025-03-14T15:11:04.828172" level="INFO">Selecting options from selection list 'id=ticket-category' by value Regular.</msg>
<arg>id=ticket-category</arg>
<arg>Regular</arg>
<doc>Selects options from selection list ``locator`` by ``values``.</doc>
<status status="PASS" start="2025-03-14T15:11:04.827749" elapsed="0.033918"/>
</kw>
<kw name="Type In Quantity" owner="stina-palle_keywords">
<kw name="Input Text" owner="SeleniumLibrary">
<msg time="2025-03-14T15:11:04.863119" level="INFO">Typing text '1' into text field 'XPATH=//*[@id='ticket-quantity']'.</msg>
<arg>${id_quantity_element}</arg>
<arg>${quantity}</arg>
<doc>Types the given ``text`` into the text field identified by ``locator``.</doc>
<status status="PASS" start="2025-03-14T15:11:04.862775" elapsed="0.051207"/>
</kw>
<arg>${ticket_quantity_element}</arg>
<arg>${1}</arg>
<tag>stina-palle-ticket-keyword</tag>
<status status="PASS" start="2025-03-14T15:11:04.861952" elapsed="0.052248"/>
</kw>
<kw name="Click Element" owner="SeleniumLibrary">
<msg time="2025-03-14T15:11:04.914899" level="INFO">Clicking element 'XPATH=//*[@id='ticket-form']/button'.</msg>
<arg>${add_tickets_to_cart_button}</arg>
<doc>Click the element identified by ``locator``.</doc>
<status status="PASS" start="2025-03-14T15:11:04.914404" elapsed="0.051516"/>
</kw>
<tag>stina-palle-ticket</tag>
<status status="PASS" start="2025-03-14T15:11:04.776176" elapsed="0.189928"/>
</kw>
<kw name="Then an error alert pops up" owner="stina-palle_keywords">
<kw name="Handle Alert" owner="SeleniumLibrary">
<msg time="2025-03-14T15:11:04.970689" level="INFO">HANDLE::&lt;class 'NoneType'&gt;::None</msg>
<doc>Handles the current alert and returns its message.</doc>
<status status="PASS" start="2025-03-14T15:11:04.970383" elapsed="0.007349"/>
</kw>
<tag>stina-palle-error</tag>
<status status="PASS" start="2025-03-14T15:11:04.967595" elapsed="0.010569"/>
</kw>
<kw name="Close Browser" owner="SeleniumLibrary" type="TEARDOWN">
<doc>Closes the current browser.</doc>
<status status="PASS" start="2025-03-14T15:11:04.980819" elapsed="2.144103"/>
</kw>
<tag>new-feature</tag>
<tag>stina-palle</tag>
<status status="PASS" start="2025-03-14T15:10:56.619012" elapsed="10.506205"/>
</test>
<doc>[created_by:MoaRosvall] All test cases where user 2 (Stina-Palle) buys tickets and books safaris</doc>
<status status="PASS" start="2025-03-14T15:10:56.355938" elapsed="10.770471"/>
</suite>
<status status="PASS" start="2025-03-14T15:10:56.354027" elapsed="10.773917"/>
</suite>
<status status="PASS" start="2025-03-14T15:10:56.332382" elapsed="10.796654"/>
</suite>
<statistics>
<total>
<stat pass="1" fail="0" skip="0">All Tests</stat>
</total>
<tag>
<stat pass="1" fail="0" skip="0">new-feature</stat>
<stat pass="1" fail="0" skip="0">stina-palle</stat>
</tag>
<suite>
<stat name="Jura-Stina-Kalle-Park" id="s1" pass="1" fail="0" skip="0">Jura-Stina-Kalle-Park</stat>
<stat name="Tests" id="s1-s1" pass="1" fail="0" skip="0">Jura-Stina-Kalle-Park.Tests</stat>
<stat name="Stina-Palle Tests" id="s1-s1-s1" pass="1" fail="0" skip="0">Jura-Stina-Kalle-Park.Tests.Stina-Palle Tests</stat>
</suite>
</statistics>
<errors>
</errors>
</robot>
