<?xml version="1.0" encoding="UTF-8"?>
<robot generator="Robot 7.2 (Python 3.13.1 on win32)" generated="2025-02-21T14:05:03.303573" rpa="false" schemaversion="5">
<suite id="s1" name="Jura-Stina-Kalle" source="C:\Users\Hanzoni\Desktop\Jura-Stina-Kalle">
<suite id="s1-s1" name="Test Related" source="C:\Users\Hanzoni\Desktop\Jura-Stina-Kalle\test related">
<suite id="s1-s1-s1" name="Tests" source="C:\Users\Hanzoni\Desktop\Jura-Stina-Kalle\test related\tests">
<suite id="s1-s1-s1-s1" name="Kim" source="C:\Users\Hanzoni\Desktop\Jura-Stina-Kalle\test related\tests\kim">
<suite id="s1-s1-s1-s1-s1" name="2.2 Kim köper biljetter utan att vara inloggad" source="C:\Users\Hanzoni\Desktop\Jura-Stina-Kalle\test related\tests\kim\2.2 Kim köper biljetter utan att vara inloggad.robot">
<test id="s1-s1-s1-s1-s1-t1" name="User Cannot Buy Tickets Without Login" line="15">
<kw name="Open Browser" owner="SeleniumLibrary">
<msg time="2025-02-21T14:05:03.551728" level="INFO">Opening browser 'Chrome' to base url 'file:///C:/Users/Hanzoni/Desktop/Jura-Stina-Kalle/website/jurap.html'.</msg>
<arg>${URL}</arg>
<arg>${BROWSER}</arg>
<doc>Opens a new browser instance to the optional ``url``.</doc>
<status status="PASS" start="2025-02-21T14:05:03.551317" elapsed="1.348150"/>
</kw>
<kw name="Maximize Browser Window" owner="SeleniumLibrary">
<doc>Maximizes current browser window.</doc>
<status status="PASS" start="2025-02-21T14:05:04.900067" elapsed="0.022340"/>
</kw>
<kw name="Set Selenium Speed" owner="SeleniumLibrary">
<arg>0.2</arg>
<doc>Sets the delay that is waited after each Selenium command.</doc>
<status status="PASS" start="2025-02-21T14:05:04.922889" elapsed="0.000529"/>
</kw>
<kw name="Navigate To Tickets">
<kw name="Click Element" owner="SeleniumLibrary">
<msg time="2025-02-21T14:05:04.925217" level="INFO">Clicking element 'xpath=//li[@id='tickets-nav']/a'.</msg>
<arg>${TICKETS_NAV}</arg>
<doc>Click the element identified by ``locator``.</doc>
<status status="PASS" start="2025-02-21T14:05:04.924602" elapsed="0.463657"/>
</kw>
<kw name="Wait Until Page Contains Element" owner="SeleniumLibrary">
<arg>${TICKET_CATEGORY}</arg>
<doc>Waits until the element ``locator`` appears on the current page.</doc>
<status status="PASS" start="2025-02-21T14:05:05.388530" elapsed="0.209072"/>
</kw>
<status status="PASS" start="2025-02-21T14:05:04.924025" elapsed="0.673819"/>
</kw>
<kw name="Attempt To Add Tickets Without Login">
<kw name="Select From List By Value" owner="SeleniumLibrary">
<msg time="2025-02-21T14:05:05.599000" level="INFO">Selecting options from selection list 'id=ticket-category' by value VIP.</msg>
<arg>${TICKET_CATEGORY}</arg>
<arg>VIP</arg>
<doc>Selects options from selection list ``locator`` by ``values``.</doc>
<status status="PASS" start="2025-02-21T14:05:05.598662" elapsed="1.655746"/>
</kw>
<kw name="Input Text" owner="SeleniumLibrary">
<msg time="2025-02-21T14:05:07.255099" level="INFO">Typing text '2' into text field 'id=ticket-quantity'.</msg>
<arg>${TICKET_QUANTITY}</arg>
<arg>2</arg>
<doc>Types the given ``text`` into the text field identified by ``locator``.</doc>
<status status="PASS" start="2025-02-21T14:05:07.254685" elapsed="0.662600"/>
</kw>
<kw name="Click Button" owner="SeleniumLibrary">
<msg time="2025-02-21T14:05:07.917966" level="INFO">Clicking button 'xpath=//form[@id='ticket-form']//button[@type='submit']'.</msg>
<arg>${ADD_TO_CART}</arg>
<doc>Clicks the button identified by ``locator``.</doc>
<status status="PASS" start="2025-02-21T14:05:07.917557" elapsed="1.065570"/>
</kw>
<kw name="Verify Alert Message">
<kw name="Handle Alert" owner="SeleniumLibrary">
<msg time="2025-02-21T14:05:08.984144" level="INFO">HANDLE::&lt;class 'NoneType'&gt;::None</msg>
<msg time="2025-02-21T14:05:09.590715" level="INFO">${alert_text} = You must be logged in to purchase tickets.</msg>
<var>${alert_text}</var>
<arg>ACCEPT</arg>
<doc>Handles the current alert and returns its message.</doc>
<status status="PASS" start="2025-02-21T14:05:08.983893" elapsed="0.607155"/>
</kw>
<kw name="Should Be Equal" owner="BuiltIn">
<arg>${alert_text}</arg>
<arg>${EXPECTED_ALERT_TEXT}</arg>
<doc>Fails if the given objects are unequal.</doc>
<status status="PASS" start="2025-02-21T14:05:09.591291" elapsed="0.000498"/>
</kw>
<kw name="Wait Until Page Contains Element" owner="SeleniumLibrary">
<arg>${LOGIN_SECTION}</arg>
<doc>Waits until the element ``locator`` appears on the current page.</doc>
<status status="PASS" start="2025-02-21T14:05:09.591947" elapsed="0.208696"/>
</kw>
<status status="PASS" start="2025-02-21T14:05:08.983461" elapsed="0.817406"/>
</kw>
<status status="PASS" start="2025-02-21T14:05:05.598199" elapsed="4.202762"/>
</kw>
<kw name="Close Browser" owner="SeleniumLibrary">
<doc>Closes the current browser.</doc>
<status status="PASS" start="2025-02-21T14:05:09.801241" elapsed="2.283776"/>
</kw>
<status status="PASS" start="2025-02-21T14:05:03.550056" elapsed="8.535377"/>
</test>
<status status="PASS" start="2025-02-21T14:05:03.331905" elapsed="8.754571"/>
</suite>
<status status="PASS" start="2025-02-21T14:05:03.330373" elapsed="8.757488"/>
</suite>
<status status="PASS" start="2025-02-21T14:05:03.328749" elapsed="8.760280"/>
</suite>
<status status="PASS" start="2025-02-21T14:05:03.326953" elapsed="8.763236"/>
</suite>
<status status="PASS" start="2025-02-21T14:05:03.307954" elapsed="8.783208"/>
</suite>
<statistics>
<total>
<stat pass="1" fail="0" skip="0">All Tests</stat>
</total>
<tag>
</tag>
<suite>
<stat name="Jura-Stina-Kalle" id="s1" pass="1" fail="0" skip="0">Jura-Stina-Kalle</stat>
<stat name="Test Related" id="s1-s1" pass="1" fail="0" skip="0">Jura-Stina-Kalle.Test Related</stat>
<stat name="Tests" id="s1-s1-s1" pass="1" fail="0" skip="0">Jura-Stina-Kalle.Test Related.Tests</stat>
<stat name="Kim" id="s1-s1-s1-s1" pass="1" fail="0" skip="0">Jura-Stina-Kalle.Test Related.Tests.Kim</stat>
<stat name="2.2 Kim köper biljetter utan att vara inloggad" id="s1-s1-s1-s1-s1" pass="1" fail="0" skip="0">Jura-Stina-Kalle.Test Related.Tests.Kim.2.2 Kim köper biljetter utan att vara inloggad</stat>
</suite>
</statistics>
<errors>
</errors>
</robot>
