<?xml version="1.0" encoding="UTF-8"?>
<robot generator="Robot 7.2 (Python 3.13.1 on win32)" generated="2025-02-25T09:01:38.738168" rpa="false" schemaversion="5">
<suite id="s1" name="Jura-Stina-Kalle" source="C:\Users\Hanzoni\Desktop\Jura-Stina-Kalle">
<suite id="s1-s1" name="Test Related" source="C:\Users\Hanzoni\Desktop\Jura-Stina-Kalle\test related">
<suite id="s1-s1-s1" name="Tests" source="C:\Users\Hanzoni\Desktop\Jura-Stina-Kalle\test related\tests">
<suite id="s1-s1-s1-s1" name="Kim" source="C:\Users\Hanzoni\Desktop\Jura-Stina-Kalle\test related\tests\kim">
<suite id="s1-s1-s1-s1-s1" name="Test 3.2 Kim Försöker Köpa Safari Utan VIP" source="C:\Users\Hanzoni\Desktop\Jura-Stina-Kalle\test related\tests\kim\Test 3.2 Kim Försöker Köpa Safari Utan VIP.robot">
<test id="s1-s1-s1-s1-s1-t1" name="Test Safari Booking Without General Admission Tickets" line="15">
<kw name="Open Browser and URL">
<kw name="Open Browser" owner="SeleniumLibrary">
<msg time="2025-02-25T09:01:39.070191" level="INFO">Opening browser 'Chrome' to base url 'file:///C:/Users/Hanzoni/Desktop/Jura-Stina-Kalle/website/jurap.html'.</msg>
<arg>${URL}</arg>
<arg>${BROWSER}</arg>
<doc>Opens a new browser instance to the optional ``url``.</doc>
<status status="PASS" start="2025-02-25T09:01:39.069826" elapsed="1.683379"/>
</kw>
<kw name="Maximize Browser Window" owner="SeleniumLibrary">
<doc>Maximizes current browser window.</doc>
<status status="PASS" start="2025-02-25T09:01:40.753512" elapsed="0.025299"/>
</kw>
<kw name="Set Selenium Speed" owner="SeleniumLibrary">
<arg>0.2s</arg>
<doc>Sets the delay that is waited after each Selenium command.</doc>
<status status="PASS" start="2025-02-25T09:01:40.779386" elapsed="0.000443"/>
</kw>
<doc>Opens the browser and navigates to the Safari booking page.</doc>
<status status="PASS" start="2025-02-25T09:01:39.068790" elapsed="1.711192"/>
</kw>
<kw name="Register New User">
<kw name="Wait Until Element Is Visible" owner="SeleniumLibrary">
<arg>id=register-nav</arg>
<doc>Waits until the element ``locator`` is visible.</doc>
<status status="PASS" start="2025-02-25T09:01:40.780688" elapsed="0.494274"/>
</kw>
<kw name="Click Element" owner="SeleniumLibrary">
<msg time="2025-02-25T09:01:41.275682" level="INFO">Clicking element 'id=register-nav'.</msg>
<arg>id=register-nav</arg>
<doc>Click the element identified by ``locator``.</doc>
<status status="PASS" start="2025-02-25T09:01:41.275249" elapsed="0.455674"/>
</kw>
<kw name="Wait Until Element Is Visible" owner="SeleniumLibrary">
<arg>id=register-section</arg>
<doc>Waits until the element ``locator`` is visible.</doc>
<status status="PASS" start="2025-02-25T09:01:41.731212" elapsed="0.416634"/>
</kw>
<kw name="Input Text" owner="SeleniumLibrary">
<msg time="2025-02-25T09:01:42.148554" level="INFO">Typing text 'KimUsername' into text field 'id=reg-username'.</msg>
<arg>id=reg-username</arg>
<arg>${USERNAME}</arg>
<doc>Types the given ``text`` into the text field identified by ``locator``.</doc>
<status status="PASS" start="2025-02-25T09:01:42.148124" elapsed="0.669443"/>
</kw>
<kw name="Input Text" owner="SeleniumLibrary">
<msg time="2025-02-25T09:01:42.818414" level="INFO">Typing text 'KimPassword123' into text field 'id=reg-password'.</msg>
<arg>id=reg-password</arg>
<arg>${PASSWORD}</arg>
<doc>Types the given ``text`` into the text field identified by ``locator``.</doc>
<status status="PASS" start="2025-02-25T09:01:42.817886" elapsed="0.665551"/>
</kw>
<kw name="Click Element" owner="SeleniumLibrary">
<msg time="2025-02-25T09:01:43.484056" level="INFO">Clicking element 'xpath=//form[@id='register-form']//button[@type='submit']'.</msg>
<arg>xpath=//form[@id='register-form']//button[@type='submit']</arg>
<doc>Click the element identified by ``locator``.</doc>
<status status="PASS" start="2025-02-25T09:01:43.483704" elapsed="0.449680"/>
</kw>
<kw name="Sleep" owner="BuiltIn">
<msg time="2025-02-25T09:01:45.934115" level="INFO">Slept 2 seconds.</msg>
<arg>2s</arg>
<doc>Pauses the test executed for the given time.</doc>
<status status="PASS" start="2025-02-25T09:01:43.933671" elapsed="2.000844"/>
</kw>
<doc>Clicks on 'Register' and registers a new user with valid credentials.</doc>
<status status="PASS" start="2025-02-25T09:01:40.780329" elapsed="5.154380"/>
</kw>
<kw name="Login with Existing User">
<kw name="Wait Until Element Is Visible" owner="SeleniumLibrary">
<arg>id=login-nav</arg>
<doc>Waits until the element ``locator`` is visible.</doc>
<status status="PASS" start="2025-02-25T09:01:45.935580" elapsed="0.414515"/>
</kw>
<kw name="Click Element" owner="SeleniumLibrary">
<msg time="2025-02-25T09:01:46.350780" level="INFO">Clicking element 'id=login-nav'.</msg>
<arg>id=login-nav</arg>
<doc>Click the element identified by ``locator``.</doc>
<status status="PASS" start="2025-02-25T09:01:46.350384" elapsed="0.440626"/>
</kw>
<kw name="Wait Until Element Is Visible" owner="SeleniumLibrary">
<arg>id=login-section</arg>
<doc>Waits until the element ``locator`` is visible.</doc>
<status status="PASS" start="2025-02-25T09:01:46.791274" elapsed="0.413188"/>
</kw>
<kw name="Input Text" owner="SeleniumLibrary">
<msg time="2025-02-25T09:01:47.205460" level="INFO">Typing text 'KimUsername' into text field 'id=login-username'.</msg>
<arg>id=login-username</arg>
<arg>${USERNAME}</arg>
<doc>Types the given ``text`` into the text field identified by ``locator``.</doc>
<status status="PASS" start="2025-02-25T09:01:47.204946" elapsed="0.658593"/>
</kw>
<kw name="Input Text" owner="SeleniumLibrary">
<msg time="2025-02-25T09:01:47.864203" level="INFO">Typing text 'KimPassword123' into text field 'id=login-password'.</msg>
<arg>id=login-password</arg>
<arg>${PASSWORD}</arg>
<doc>Types the given ``text`` into the text field identified by ``locator``.</doc>
<status status="PASS" start="2025-02-25T09:01:47.863804" elapsed="0.660907"/>
</kw>
<kw name="Click Element" owner="SeleniumLibrary">
<msg time="2025-02-25T09:01:48.525418" level="INFO">Clicking element 'xpath=//form[@id='login-form']//button[@type='submit']'.</msg>
<arg>xpath=//form[@id='login-form']//button[@type='submit']</arg>
<doc>Click the element identified by ``locator``.</doc>
<status status="PASS" start="2025-02-25T09:01:48.525008" elapsed="0.442124"/>
</kw>
<kw name="Wait Until Element Is Visible" owner="SeleniumLibrary">
<arg>id=logout-nav</arg>
<doc>Waits until the element ``locator`` is visible.</doc>
<status status="PASS" start="2025-02-25T09:01:48.967403" elapsed="2.260508"/>
</kw>
<kw name="Element Should Be Visible" owner="SeleniumLibrary">
<msg time="2025-02-25T09:01:51.641725" level="INFO">Element 'id=cart-nav' is displayed.</msg>
<arg>id=cart-nav</arg>
<doc>Verifies that the element identified by ``locator`` is visible.</doc>
<status status="PASS" start="2025-02-25T09:01:51.228269" elapsed="0.413889"/>
</kw>
<doc>Logs in with the registered user.</doc>
<status status="PASS" start="2025-02-25T09:01:45.935133" elapsed="5.707191"/>
</kw>
<kw name="Attempt to Book Safari Without General Admission Tickets">
<kw name="Wait Until Element Is Visible" owner="SeleniumLibrary">
<arg>id=safari-nav</arg>
<doc>Waits until the element ``locator`` is visible.</doc>
<status status="PASS" start="2025-02-25T09:01:51.643128" elapsed="0.413623"/>
</kw>
<kw name="Click Element" owner="SeleniumLibrary">
<msg time="2025-02-25T09:01:52.057365" level="INFO">Clicking element 'id=safari-nav'.</msg>
<arg>id=safari-nav</arg>
<doc>Click the element identified by ``locator``.</doc>
<status status="PASS" start="2025-02-25T09:01:52.057025" elapsed="0.446134"/>
</kw>
<kw name="Wait Until Element Is Visible" owner="SeleniumLibrary">
<arg>id=safari-section</arg>
<doc>Waits until the element ``locator`` is visible.</doc>
<status status="PASS" start="2025-02-25T09:01:52.503459" elapsed="0.415126"/>
</kw>
<kw name="Input Text" owner="SeleniumLibrary">
<msg time="2025-02-25T09:01:52.919477" level="INFO">Typing text '002025-03-01' into text field 'id=safari-date'.</msg>
<arg>id=safari-date</arg>
<arg>${SAFARI_DATE}</arg>
<doc>Types the given ``text`` into the text field identified by ``locator``.</doc>
<status status="PASS" start="2025-02-25T09:01:52.918953" elapsed="0.666753"/>
</kw>
<kw name="Select From List By Label" owner="SeleniumLibrary">
<msg time="2025-02-25T09:01:53.586541" level="INFO">Selecting options from selection list 'id=safari-type' by label T-Rex Rumble eXtreme Thrill Pack.</msg>
<arg>id=safari-type</arg>
<arg>${SAFARI_TYPE}</arg>
<doc>Selects options from selection list ``locator`` by ``labels``.</doc>
<status status="PASS" start="2025-02-25T09:01:53.586129" elapsed="1.663384"/>
</kw>
<kw name="Click Element" owner="SeleniumLibrary">
<msg time="2025-02-25T09:01:55.250209" level="INFO">Clicking element 'xpath=//form[@id='safari-form']//button[@type='submit']'.</msg>
<arg>xpath=//form[@id='safari-form']//button[@type='submit']</arg>
<doc>Click the element identified by ``locator``.</doc>
<status status="PASS" start="2025-02-25T09:01:55.249845" elapsed="0.458829"/>
</kw>
<doc>Attempts to book a VIP Safari ticket without having general admission tickets.</doc>
<status status="PASS" start="2025-02-25T09:01:51.642725" elapsed="4.066164"/>
</kw>
<kw name="Alert Message is Shown">
<kw name="Handle Alert" owner="SeleniumLibrary">
<msg time="2025-02-25T09:01:55.710135" level="INFO">HANDLE::&lt;class 'NoneType'&gt;::None</msg>
<msg time="2025-02-25T09:02:01.076826" level="INFO" html="true">&lt;/td&gt;&lt;/tr&gt;&lt;tr&gt;&lt;td colspan="3"&gt;&lt;a href="selenium-screenshot-40.png"&gt;&lt;img src="selenium-screenshot-40.png" width="800px"&gt;&lt;/a&gt;</msg>
<msg time="2025-02-25T09:02:01.077387" level="FAIL">Alert not found in 5 seconds.</msg>
<var>${alert_text}</var>
<arg>ACCEPT</arg>
<doc>Handles the current alert and returns its message.</doc>
<status status="FAIL" start="2025-02-25T09:01:55.709770" elapsed="5.417997">Alert not found in 5 seconds.</status>
</kw>
<kw name="Should Be Equal" owner="BuiltIn">
<arg>${alert_text}</arg>
<arg>Only VIP users can book the selected safari option.</arg>
<doc>Fails if the given objects are unequal.</doc>
<status status="NOT RUN" start="2025-02-25T09:02:01.128131" elapsed="0.000219"/>
</kw>
<kw name="Wait Until Page Contains Element" owner="SeleniumLibrary">
<arg>id=tickets-nav</arg>
<doc>Waits until the element ``locator`` appears on the current page.</doc>
<status status="NOT RUN" start="2025-02-25T09:02:01.128557" elapsed="0.000164"/>
</kw>
<kw name="Click Element" owner="SeleniumLibrary">
<arg>id=tickets-nav</arg>
<doc>Click the element identified by ``locator``.</doc>
<status status="NOT RUN" start="2025-02-25T09:02:01.128916" elapsed="0.000172"/>
</kw>
<status status="FAIL" start="2025-02-25T09:01:55.709251" elapsed="5.420065">Alert not found in 5 seconds.</status>
</kw>
<kw name="Close All Browsers" owner="SeleniumLibrary" type="TEARDOWN">
<doc>Closes all open browsers and resets the browser cache.</doc>
<status status="PASS" start="2025-02-25T09:02:01.129789" elapsed="2.330198"/>
</kw>
<doc>Tests the scenario where a user tries to book a VIP Safari ticket without having general admission tickets.</doc>
<status status="FAIL" start="2025-02-25T09:01:39.067721" elapsed="24.392585">Alert not found in 5 seconds.</status>
</test>
<status status="FAIL" start="2025-02-25T09:01:38.769991" elapsed="24.691680"/>
</suite>
<status status="FAIL" start="2025-02-25T09:01:38.768324" elapsed="24.694741"/>
</suite>
<status status="FAIL" start="2025-02-25T09:01:38.766773" elapsed="24.697507"/>
</suite>
<status status="FAIL" start="2025-02-25T09:01:38.764727" elapsed="24.700732"/>
</suite>
<status status="FAIL" start="2025-02-25T09:01:38.743264" elapsed="24.723115"/>
</suite>
<statistics>
<total>
<stat pass="0" fail="1" skip="0">All Tests</stat>
</total>
<tag>
</tag>
<suite>
<stat name="Jura-Stina-Kalle" id="s1" pass="0" fail="1" skip="0">Jura-Stina-Kalle</stat>
<stat name="Test Related" id="s1-s1" pass="0" fail="1" skip="0">Jura-Stina-Kalle.Test Related</stat>
<stat name="Tests" id="s1-s1-s1" pass="0" fail="1" skip="0">Jura-Stina-Kalle.Test Related.Tests</stat>
<stat name="Kim" id="s1-s1-s1-s1" pass="0" fail="1" skip="0">Jura-Stina-Kalle.Test Related.Tests.Kim</stat>
<stat name="Test 3.2 Kim Försöker Köpa Safari Utan VIP" id="s1-s1-s1-s1-s1" pass="0" fail="1" skip="0">Jura-Stina-Kalle.Test Related.Tests.Kim.Test 3.2 Kim Försöker Köpa Safari Utan VIP</stat>
</suite>
</statistics>
<errors>
</errors>
</robot>
