<?xml version="1.0" encoding="UTF-8"?>
<robot generator="Robot 7.2 (Python 3.13.1 on win32)" generated="2025-02-25T20:52:22.246010" rpa="false" schemaversion="5">
<suite id="s1" name="Jura-Stina-Kalle-Park" source="C:\Users\mlelo\OneDrive\Documents\GitHub\Jura-Stina-Kalle-Park">
<suite id="s1-s1" name="Test Related" source="C:\Users\mlelo\OneDrive\Documents\GitHub\Jura-Stina-Kalle-Park\test related">
<suite id="s1-s1-s1" name="Tests" source="C:\Users\mlelo\OneDrive\Documents\GitHub\Jura-Stina-Kalle-Park\test related\tests">
<suite id="s1-s1-s1-s1" name="Stina-Palle" source="C:\Users\mlelo\OneDrive\Documents\GitHub\Jura-Stina-Kalle-Park\test related\tests\stina-palle">
<suite id="s1-s1-s1-s1-s1" name="Stina-Palle Safari" source="C:\Users\mlelo\OneDrive\Documents\GitHub\Jura-Stina-Kalle-Park\test related\tests\stina-palle\stina-palle_safari.robot">
<test id="s1-s1-s1-s1-s1-t1" name="3.1, 3.2 Stina-Palle books herbivore safari and T-Rex safari on a weekday" line="10">
<kw name="Open Browser To Page" owner="stina-palle_keywords" type="SETUP">
<kw name="Open Browser" owner="SeleniumLibrary">
<msg time="2025-02-25T20:52:22.655574" level="INFO">Opening browser 'chrome' to base url 'file:///C:/Users/mlelo/OneDrive/Documents/GitHub/Jura-Stina-Kalle-Park/website\jurap.html'.</msg>
<arg>${url}</arg>
<arg>${browser}</arg>
<doc>Opens a new browser instance to the optional ``url``.</doc>
<status status="PASS" start="2025-02-25T20:52:22.654888" elapsed="1.719671"/>
</kw>
<kw name="Title Should Be" owner="SeleniumLibrary">
<msg time="2025-02-25T20:52:24.389295" level="INFO">Page title is 'Jura-Stina-Kalle Park'.</msg>
<arg>${title}</arg>
<doc>Verifies that the current page title equals ``title``.</doc>
<status status="PASS" start="2025-02-25T20:52:24.374971" elapsed="0.014626"/>
</kw>
<arg>${url_jura}</arg>
<arg>${browser_jura}</arg>
<arg>${title_jura}</arg>
<status status="PASS" start="2025-02-25T20:52:22.653712" elapsed="1.736115"/>
</kw>
<kw name="Maximize Browser Window" owner="SeleniumLibrary">
<doc>Maximizes current browser window.</doc>
<status status="PASS" start="2025-02-25T20:52:24.390320" elapsed="0.043146"/>
</kw>
<kw name="Set Selenium Speed" owner="SeleniumLibrary">
<arg>0.2s</arg>
<doc>Sets the delay that is waited after each Selenium command.</doc>
<status status="PASS" start="2025-02-25T20:52:24.434087" elapsed="0.000693"/>
</kw>
<kw name="Wait Until Element Is Visible" owner="SeleniumLibrary">
<arg>${registration_element}</arg>
<doc>Waits until the element ``locator`` is visible.</doc>
<status status="PASS" start="2025-02-25T20:52:24.435448" elapsed="0.435995"/>
</kw>
<kw name="Click Element" owner="SeleniumLibrary">
<msg time="2025-02-25T20:52:24.872576" level="INFO">Clicking element 'XPATH=/html/body/header/div/nav/ul/li[2]/a'.</msg>
<arg>${registration_element}</arg>
<doc>Click the element identified by ``locator``.</doc>
<status status="PASS" start="2025-02-25T20:52:24.872062" elapsed="0.499892"/>
</kw>
<kw name="Type In Wanted Username" owner="stina-palle_keywords">
<kw name="Input Text" owner="SeleniumLibrary">
<msg time="2025-02-25T20:52:25.373343" level="INFO">Typing text 'Stina-Palle' into text field 'id=reg-username'.</msg>
<arg>${id_reg-username_element}</arg>
<arg>${username}</arg>
<doc>Types the given ``text`` into the text field identified by ``locator``.</doc>
<status status="PASS" start="2025-02-25T20:52:25.372990" elapsed="0.768008"/>
</kw>
<arg>${username_registration_id}</arg>
<arg>${username}</arg>
<status status="PASS" start="2025-02-25T20:52:25.372409" elapsed="0.768958"/>
</kw>
<kw name="Type In Wanted Password" owner="stina-palle_keywords">
<kw name="Input Text" owner="SeleniumLibrary">
<msg time="2025-02-25T20:52:26.145523" level="INFO">Typing text 'Paleontologen' into text field 'id=reg-password'.</msg>
<arg>${id_reg-password_element}</arg>
<arg>${password}</arg>
<doc>Types the given ``text`` into the text field identified by ``locator``.</doc>
<status status="PASS" start="2025-02-25T20:52:26.144242" elapsed="0.733227"/>
</kw>
<arg>${password_registration_id}</arg>
<arg>${password}</arg>
<status status="PASS" start="2025-02-25T20:52:26.142113" elapsed="0.735653"/>
</kw>
<kw name="Click Element" owner="SeleniumLibrary">
<msg time="2025-02-25T20:52:26.878999" level="INFO">Clicking element 'XPATH=//*[@id='register-form']/button'.</msg>
<arg>${register_button}</arg>
<doc>Click the element identified by ``locator``.</doc>
<status status="PASS" start="2025-02-25T20:52:26.878485" elapsed="0.503304"/>
</kw>
<kw name="Sleep" owner="BuiltIn">
<msg time="2025-02-25T20:52:30.384488" level="INFO">Slept 3 seconds.</msg>
<msg time="2025-02-25T20:52:30.384806" level="INFO">Wait for page to load</msg>
<arg>3s</arg>
<arg>Wait for page to load</arg>
<doc>Pauses the test executed for the given time.</doc>
<status status="PASS" start="2025-02-25T20:52:27.383132" elapsed="3.001923"/>
</kw>
<kw name="Type In Wanted Username" owner="stina-palle_keywords">
<kw name="Input Text" owner="SeleniumLibrary">
<msg time="2025-02-25T20:52:30.387553" level="INFO">Typing text 'Stina-Palle' into text field 'id=login-username'.</msg>
<arg>${id_reg-username_element}</arg>
<arg>${username}</arg>
<doc>Types the given ``text`` into the text field identified by ``locator``.</doc>
<status status="PASS" start="2025-02-25T20:52:30.386984" elapsed="0.726175"/>
</kw>
<arg>${username_login_id}</arg>
<arg>${username}</arg>
<status status="PASS" start="2025-02-25T20:52:30.386199" elapsed="0.728034"/>
</kw>
<kw name="Type In Wanted Password" owner="stina-palle_keywords">
<kw name="Input Text" owner="SeleniumLibrary">
<msg time="2025-02-25T20:52:31.120702" level="INFO">Typing text 'Paleontologen' into text field 'id=login-password'.</msg>
<arg>${id_reg-password_element}</arg>
<arg>${password}</arg>
<doc>Types the given ``text`` into the text field identified by ``locator``.</doc>
<status status="PASS" start="2025-02-25T20:52:31.119058" elapsed="0.808184"/>
</kw>
<arg>${password_login_id}</arg>
<arg>${password}</arg>
<status status="PASS" start="2025-02-25T20:52:31.116351" elapsed="0.811877"/>
</kw>
<kw name="Click Element" owner="SeleniumLibrary">
<msg time="2025-02-25T20:52:31.933338" level="INFO">Clicking element 'XPATH=//*[@id='login-form']/button'.</msg>
<arg>${login_button}</arg>
<doc>Click the element identified by ``locator``.</doc>
<status status="PASS" start="2025-02-25T20:52:31.931001" elapsed="0.619578"/>
</kw>
<kw name="Sleep" owner="BuiltIn">
<msg time="2025-02-25T20:52:35.553375" level="INFO">Slept 3 seconds.</msg>
<msg time="2025-02-25T20:52:35.554066" level="INFO">Wait for page to load</msg>
<arg>3s</arg>
<arg>Wait for page to load</arg>
<doc>Pauses the test executed for the given time.</doc>
<status status="PASS" start="2025-02-25T20:52:32.551610" elapsed="3.003663"/>
</kw>
<kw name="Click Element" owner="SeleniumLibrary">
<msg time="2025-02-25T20:52:35.558983" level="INFO">Clicking element 'XPATH=//*[@id='tickets-nav']/a'.</msg>
<arg>${buy_tickets_element}</arg>
<doc>Click the element identified by ``locator``.</doc>
<status status="PASS" start="2025-02-25T20:52:35.556982" elapsed="0.522459"/>
</kw>
<kw name="Sleep" owner="BuiltIn">
<msg time="2025-02-25T20:52:39.080807" level="INFO">Slept 3 seconds.</msg>
<msg time="2025-02-25T20:52:39.081772" level="INFO">Wait for page to load</msg>
<arg>3s</arg>
<arg>Wait for page to load</arg>
<doc>Pauses the test executed for the given time.</doc>
<status status="PASS" start="2025-02-25T20:52:36.079903" elapsed="3.003101"/>
</kw>
<kw name="Select From List By Value" owner="SeleniumLibrary">
<msg time="2025-02-25T20:52:39.087610" level="INFO">Selecting options from selection list 'id=ticket-type' by value Adult.</msg>
<arg>id=ticket-type</arg>
<arg>Adult</arg>
<doc>Selects options from selection list ``locator`` by ``values``.</doc>
<status status="PASS" start="2025-02-25T20:52:39.085071" elapsed="1.376344"/>
</kw>
<kw name="Select From List By Value" owner="SeleniumLibrary">
<msg time="2025-02-25T20:52:40.462346" level="INFO">Selecting options from selection list 'id=ticket-category' by value Regular.</msg>
<arg>id=ticket-category</arg>
<arg>Regular</arg>
<doc>Selects options from selection list ``locator`` by ``values``.</doc>
<status status="PASS" start="2025-02-25T20:52:40.461891" elapsed="1.276399"/>
</kw>
<kw name="Type In Quantity" owner="stina-palle_keywords">
<kw name="Input Text" owner="SeleniumLibrary">
<msg time="2025-02-25T20:52:41.740412" level="INFO">Typing text '1' into text field 'XPATH=//*[@id='ticket-quantity']'.</msg>
<arg>${id_quantity_element}</arg>
<arg>${quantity}</arg>
<doc>Types the given ``text`` into the text field identified by ``locator``.</doc>
<status status="PASS" start="2025-02-25T20:52:41.740076" elapsed="0.698761"/>
</kw>
<arg>${ticket_quantity_element}</arg>
<arg>${1}</arg>
<status status="PASS" start="2025-02-25T20:52:41.739246" elapsed="0.699874"/>
</kw>
<kw name="Click Element" owner="SeleniumLibrary">
<msg time="2025-02-25T20:52:42.440167" level="INFO">Clicking element 'XPATH=//*[@id='ticket-form']/button'.</msg>
<arg>${add_tickets_to_cart_button}</arg>
<doc>Click the element identified by ``locator``.</doc>
<status status="PASS" start="2025-02-25T20:52:42.439572" elapsed="0.505521"/>
</kw>
<kw name="Handle Alert" owner="SeleniumLibrary">
<msg time="2025-02-25T20:52:42.945916" level="INFO">HANDLE::&lt;class 'NoneType'&gt;::None</msg>
<doc>Handles the current alert and returns its message.</doc>
<status status="PASS" start="2025-02-25T20:52:42.945569" elapsed="0.624795"/>
</kw>
<kw name="Click Element" owner="SeleniumLibrary">
<msg time="2025-02-25T20:52:43.577422" level="INFO">Clicking element 'XPATH=//*[@id='safari-nav']/a'.</msg>
<arg>${book_safari_element}</arg>
<doc>Click the element identified by ``locator``.</doc>
<status status="PASS" start="2025-02-25T20:52:43.575615" elapsed="0.526811"/>
</kw>
<kw name="Type In Date" owner="stina-palle_keywords">
<kw name="Input Text" owner="SeleniumLibrary">
<msg time="2025-02-25T20:52:44.104826" level="INFO">Typing text '002025-06-25' into text field 'id=safari-date'.</msg>
<arg>${id_date_element}</arg>
<arg>${date}</arg>
<doc>Types the given ``text`` into the text field identified by ``locator``.</doc>
<status status="PASS" start="2025-02-25T20:52:44.104296" elapsed="0.712127"/>
</kw>
<arg>${date_element_id}</arg>
<arg>${weekday}</arg>
<status status="PASS" start="2025-02-25T20:52:44.103338" elapsed="0.713542"/>
</kw>
<kw name="Select From List By Value" owner="SeleniumLibrary">
<msg time="2025-02-25T20:52:44.819239" level="INFO">Selecting options from selection list 'id=safari-type' by value Herbivore Tour.</msg>
<arg>id=safari-type</arg>
<arg>Herbivore Tour</arg>
<doc>Selects options from selection list ``locator`` by ``values``.</doc>
<status status="PASS" start="2025-02-25T20:52:44.817818" elapsed="1.333358"/>
</kw>
<kw name="Click Element" owner="SeleniumLibrary">
<msg time="2025-02-25T20:52:46.155054" level="INFO">Clicking element 'XPATH=//*[@id='safari-form']/button'.</msg>
<arg>${add_safaris_to_cart_button}</arg>
<doc>Click the element identified by ``locator``.</doc>
<status status="PASS" start="2025-02-25T20:52:46.153276" elapsed="0.499403"/>
</kw>
<kw name="Handle Alert" owner="SeleniumLibrary">
<msg time="2025-02-25T20:52:46.653790" level="INFO">HANDLE::&lt;class 'NoneType'&gt;::None</msg>
<doc>Handles the current alert and returns its message.</doc>
<status status="PASS" start="2025-02-25T20:52:46.653293" elapsed="0.607100"/>
</kw>
<kw name="Type In Date" owner="stina-palle_keywords">
<kw name="Input Text" owner="SeleniumLibrary">
<msg time="2025-02-25T20:52:47.261882" level="INFO">Typing text '002025-06-25' into text field 'id=safari-date'.</msg>
<arg>${id_date_element}</arg>
<arg>${date}</arg>
<doc>Types the given ``text`` into the text field identified by ``locator``.</doc>
<status status="PASS" start="2025-02-25T20:52:47.261537" elapsed="0.777094"/>
</kw>
<arg>${date_element_id}</arg>
<arg>${weekday}</arg>
<status status="PASS" start="2025-02-25T20:52:47.261032" elapsed="0.778129"/>
</kw>
<kw name="Select From List By Value" owner="SeleniumLibrary">
<msg time="2025-02-25T20:52:48.040643" level="INFO">Selecting options from selection list 'id=safari-type' by value T-Rex Rumble.</msg>
<arg>id=safari-type</arg>
<arg>T-Rex Rumble</arg>
<doc>Selects options from selection list ``locator`` by ``values``.</doc>
<status status="PASS" start="2025-02-25T20:52:48.039887" elapsed="1.792519"/>
</kw>
<kw name="Click Element" owner="SeleniumLibrary">
<msg time="2025-02-25T20:52:49.833645" level="INFO">Clicking element 'XPATH=//*[@id='safari-form']/button'.</msg>
<arg>${add_safaris_to_cart_button}</arg>
<doc>Click the element identified by ``locator``.</doc>
<status status="PASS" start="2025-02-25T20:52:49.832914" elapsed="0.479261"/>
</kw>
<kw name="Handle Alert" owner="SeleniumLibrary">
<msg time="2025-02-25T20:52:50.314223" level="INFO">HANDLE::&lt;class 'NoneType'&gt;::None</msg>
<doc>Handles the current alert and returns its message.</doc>
<status status="PASS" start="2025-02-25T20:52:50.313354" elapsed="0.622018"/>
</kw>
<kw name="Click Element" owner="SeleniumLibrary">
<msg time="2025-02-25T20:52:50.936643" level="INFO">Clicking element 'XPATH=//*[@id='cart-nav']/a'.</msg>
<arg>${cart_element}</arg>
<doc>Click the element identified by ``locator``.</doc>
<status status="PASS" start="2025-02-25T20:52:50.936069" elapsed="0.492347"/>
</kw>
<kw name="Sleep" owner="BuiltIn">
<msg time="2025-02-25T20:52:53.432297" level="INFO">Slept 2 seconds.</msg>
<msg time="2025-02-25T20:52:53.433120" level="INFO">Wait for page to load</msg>
<arg>2s</arg>
<arg>Wait for page to load</arg>
<doc>Pauses the test executed for the given time.</doc>
<status status="PASS" start="2025-02-25T20:52:51.429881" elapsed="2.003947"/>
</kw>
<kw name="Click Button" owner="SeleniumLibrary">
<msg time="2025-02-25T20:52:53.435901" level="INFO">Clicking button 'id=checkout-button'.</msg>
<arg>${checkout_button}</arg>
<doc>Clicks the button identified by ``locator``.</doc>
<status status="PASS" start="2025-02-25T20:52:53.434871" elapsed="1.184534"/>
</kw>
<kw name="Handle Alert" owner="SeleniumLibrary">
<msg time="2025-02-25T20:52:54.621295" level="INFO">HANDLE::&lt;class 'NoneType'&gt;::None</msg>
<doc>Handles the current alert and returns its message.</doc>
<status status="PASS" start="2025-02-25T20:52:54.620480" elapsed="0.617338"/>
</kw>
<kw name="Close Browser" owner="SeleniumLibrary" type="TEARDOWN">
<doc>Closes the current browser.</doc>
<status status="PASS" start="2025-02-25T20:52:55.240702" elapsed="2.439003"/>
</kw>
<tag>created_by:MoaRosvall</tag>
<status status="PASS" start="2025-02-25T20:52:22.652150" elapsed="35.028231"/>
</test>
<doc>All test cases where user 2 is booking safaris</doc>
<status status="PASS" start="2025-02-25T20:52:22.290426" elapsed="35.392672"/>
</suite>
<status status="PASS" start="2025-02-25T20:52:22.286277" elapsed="35.400256"/>
</suite>
<status status="PASS" start="2025-02-25T20:52:22.283237" elapsed="35.405213"/>
</suite>
<status status="PASS" start="2025-02-25T20:52:22.279754" elapsed="35.410844"/>
</suite>
<status status="PASS" start="2025-02-25T20:52:22.251830" elapsed="35.440807"/>
</suite>
<statistics>
<total>
<stat pass="1" fail="0" skip="0">All Tests</stat>
</total>
<tag>
<stat pass="1" fail="0" skip="0">created_by:MoaRosvall</stat>
</tag>
<suite>
<stat name="Jura-Stina-Kalle-Park" id="s1" pass="1" fail="0" skip="0">Jura-Stina-Kalle-Park</stat>
<stat name="Test Related" id="s1-s1" pass="1" fail="0" skip="0">Jura-Stina-Kalle-Park.Test Related</stat>
<stat name="Tests" id="s1-s1-s1" pass="1" fail="0" skip="0">Jura-Stina-Kalle-Park.Test Related.Tests</stat>
<stat name="Stina-Palle" id="s1-s1-s1-s1" pass="1" fail="0" skip="0">Jura-Stina-Kalle-Park.Test Related.Tests.Stina-Palle</stat>
<stat name="Stina-Palle Safari" id="s1-s1-s1-s1-s1" pass="1" fail="0" skip="0">Jura-Stina-Kalle-Park.Test Related.Tests.Stina-Palle.Stina-Palle Safari</stat>
</suite>
</statistics>
<errors>
<msg time="2025-02-25T20:52:22.294202" level="ERROR">Error in file 'C:\Users\mlelo\OneDrive\Documents\GitHub\Jura-Stina-Kalle-Park\test related\resources\keywords\stina-palle_keywords.robot' on line 3: Setting 'Test Tags' is not allowed in resource file.</msg>
</errors>
</robot>
