<?xml version="1.0" encoding="UTF-8"?>
<robot generator="Robot 7.2 (Python 3.13.1 on win32)" generated="2025-02-25T21:26:17.337291" rpa="false" schemaversion="5">
<suite id="s1" name="Jura-Stina-Kalle" source="C:\Users\Hanzoni\Desktop\Jura-Stina-Kalle">
<suite id="s1-s1" name="Test Related" source="C:\Users\Hanzoni\Desktop\Jura-Stina-Kalle\test related">
<suite id="s1-s1-s1" name="Tests" source="C:\Users\Hanzoni\Desktop\Jura-Stina-Kalle\test related\tests">
<suite id="s1-s1-s1-s1" name="Kim" source="C:\Users\Hanzoni\Desktop\Jura-Stina-Kalle\test related\tests\kim">
<suite id="s1-s1-s1-s1-s1" name="Test Registration Login" source="C:\Users\Hanzoni\Desktop\Jura-Stina-Kalle\test related\tests\kim\test_registration_login.robot">
<test id="s1-s1-s1-s1-s1-t1" name="1.1 - Successful Registration" line="9">
<kw name="Open Browser To Main Page" owner="common" type="SETUP">
<kw name="Open Browser" owner="SeleniumLibrary">
<msg time="2025-02-25T21:26:17.580932" level="INFO">Opening browser 'chrome' to base url 'file:///Users/mac/Desktop/jurastina-alfa/jurap.html'.</msg>
<arg>${URL}</arg>
<arg>${BROWSER}</arg>
<doc>Opens a new browser instance to the optional ``url``.</doc>
<status status="PASS" start="2025-02-25T21:26:17.580580" elapsed="1.394036"/>
</kw>
<kw name="Maximize Browser Window" owner="SeleniumLibrary">
<doc>Maximizes current browser window.</doc>
<status status="PASS" start="2025-02-25T21:26:18.974928" elapsed="0.019344"/>
</kw>
<kw name="Set Selenium Timeout" owner="SeleniumLibrary">
<arg>${TIMEOUT}</arg>
<doc>Sets the timeout that is used by various keywords.</doc>
<status status="PASS" start="2025-02-25T21:26:18.994566" elapsed="0.001208"/>
</kw>
<status status="PASS" start="2025-02-25T21:26:17.579806" elapsed="1.416113"/>
</kw>
<kw name="Given Navigate To Registration Page" owner="kim">
<kw name="Click Element" owner="SeleniumLibrary">
<msg time="2025-02-25T21:26:18.998909" level="INFO">Clicking element 'id=register-nav'.</msg>
<msg time="2025-02-25T21:26:19.153433" level="INFO" html="true">&lt;/td&gt;&lt;/tr&gt;&lt;tr&gt;&lt;td colspan="3"&gt;&lt;a href="selenium-screenshot-64.png"&gt;&lt;img src="selenium-screenshot-64.png" width="800px"&gt;&lt;/a&gt;</msg>
<msg time="2025-02-25T21:26:19.153848" level="FAIL">Element with locator 'id=register-nav' not found.</msg>
<arg>id=register-nav</arg>
<doc>Click the element identified by ``locator``.</doc>
<status status="FAIL" start="2025-02-25T21:26:18.998418" elapsed="0.172502">Element with locator 'id=register-nav' not found.</status>
</kw>
<kw name="Wait Until Element Is Visible" owner="SeleniumLibrary">
<arg>id=register-section</arg>
<arg>timeout=${TIMEOUT}</arg>
<doc>Waits until the element ``locator`` is visible.</doc>
<status status="NOT RUN" start="2025-02-25T21:26:19.171203" elapsed="0.000183"/>
</kw>
<kw name="Sleep" owner="BuiltIn">
<arg>2s</arg>
<doc>Pauses the test executed for the given time.</doc>
<status status="NOT RUN" start="2025-02-25T21:26:19.171553" elapsed="0.000137"/>
</kw>
<status status="FAIL" start="2025-02-25T21:26:18.996299" elapsed="0.175577">Element with locator 'id=register-nav' not found.</status>
</kw>
<kw name="When Fill Registration Form" owner="kim">
<arg>${KIM_USERNAME}</arg>
<arg>${KIM_PASSWORD}</arg>
<status status="NOT RUN" start="2025-02-25T21:26:19.173924" elapsed="0.001557"/>
</kw>
<kw name="Then Page Should Contain" owner="SeleniumLibrary">
<arg>Registration successful</arg>
<doc>Verifies that current page contains ``text``.</doc>
<status status="NOT RUN" start="2025-02-25T21:26:19.177125" elapsed="0.003438"/>
</kw>
<kw name="Close All Browsers" owner="SeleniumLibrary" type="TEARDOWN">
<doc>Closes all open browsers and resets the browser cache.</doc>
<status status="PASS" start="2025-02-25T21:26:19.183908" elapsed="2.092848"/>
</kw>
<doc>Kim successfully registers an account</doc>
<tag>positive</tag>
<tag>registration</tag>
<tag>Sumeyye</tag>
<status status="FAIL" start="2025-02-25T21:26:17.578811" elapsed="3.698251">Element with locator 'id=register-nav' not found.</status>
</test>
<test id="s1-s1-s1-s1-s1-t2" name="1.2 - Registration With Existing Username" line="16">
<kw name="Open Browser To Main Page" owner="common" type="SETUP">
<kw name="Open Browser" owner="SeleniumLibrary">
<msg time="2025-02-25T21:26:21.279449" level="INFO">Opening browser 'chrome' to base url 'file:///Users/mac/Desktop/jurastina-alfa/jurap.html'.</msg>
<arg>${URL}</arg>
<arg>${BROWSER}</arg>
<doc>Opens a new browser instance to the optional ``url``.</doc>
<status status="PASS" start="2025-02-25T21:26:21.279125" elapsed="1.392048"/>
</kw>
<kw name="Maximize Browser Window" owner="SeleniumLibrary">
<doc>Maximizes current browser window.</doc>
<status status="PASS" start="2025-02-25T21:26:22.671421" elapsed="0.020607"/>
</kw>
<kw name="Set Selenium Timeout" owner="SeleniumLibrary">
<arg>${TIMEOUT}</arg>
<doc>Sets the timeout that is used by various keywords.</doc>
<status status="PASS" start="2025-02-25T21:26:22.692265" elapsed="0.001072"/>
</kw>
<status status="PASS" start="2025-02-25T21:26:21.278758" elapsed="1.414705"/>
</kw>
<kw name="Navigate To Registration Page" owner="kim">
<kw name="Click Element" owner="SeleniumLibrary">
<msg time="2025-02-25T21:26:22.694569" level="INFO">Clicking element 'id=register-nav'.</msg>
<msg time="2025-02-25T21:26:22.869429" level="INFO" html="true">&lt;/td&gt;&lt;/tr&gt;&lt;tr&gt;&lt;td colspan="3"&gt;&lt;a href="selenium-screenshot-65.png"&gt;&lt;img src="selenium-screenshot-65.png" width="800px"&gt;&lt;/a&gt;</msg>
<msg time="2025-02-25T21:26:22.869953" level="FAIL">Element with locator 'id=register-nav' not found.</msg>
<arg>id=register-nav</arg>
<doc>Click the element identified by ``locator``.</doc>
<status status="FAIL" start="2025-02-25T21:26:22.694149" elapsed="0.178115">Element with locator 'id=register-nav' not found.</status>
</kw>
<kw name="Wait Until Element Is Visible" owner="SeleniumLibrary">
<arg>id=register-section</arg>
<arg>timeout=${TIMEOUT}</arg>
<doc>Waits until the element ``locator`` is visible.</doc>
<status status="NOT RUN" start="2025-02-25T21:26:22.872657" elapsed="0.000252"/>
</kw>
<kw name="Sleep" owner="BuiltIn">
<arg>2s</arg>
<doc>Pauses the test executed for the given time.</doc>
<status status="NOT RUN" start="2025-02-25T21:26:22.873138" elapsed="0.000185"/>
</kw>
<status status="FAIL" start="2025-02-25T21:26:22.693811" elapsed="0.179709">Element with locator 'id=register-nav' not found.</status>
</kw>
<kw name="Fill Registration Form" owner="kim">
<arg>${KIM_USERNAME}</arg>
<arg>${KIM_PASSWORD}</arg>
<status status="NOT RUN" start="2025-02-25T21:26:22.873897" elapsed="0.000188"/>
</kw>
<kw name="Sleep" owner="BuiltIn">
<arg>2s</arg>
<doc>Pauses the test executed for the given time.</doc>
<status status="NOT RUN" start="2025-02-25T21:26:22.874334" elapsed="0.000168"/>
</kw>
<kw name="Navigate To Registration Page" owner="kim">
<status status="NOT RUN" start="2025-02-25T21:26:22.874768" elapsed="0.000163"/>
</kw>
<kw name="Fill Registration Form" owner="kim">
<arg>${KIM_USERNAME}</arg>
<arg>${WRONG_PASSWORD}</arg>
<status status="NOT RUN" start="2025-02-25T21:26:22.875165" elapsed="0.000158"/>
</kw>
<kw name="Wait Until Page Contains" owner="SeleniumLibrary">
<arg>Username already exists. Please choose another</arg>
<arg>timeout=10s</arg>
<doc>Waits until ``text`` appears on the current page.</doc>
<status status="NOT RUN" start="2025-02-25T21:26:22.875565" elapsed="0.000186"/>
</kw>
<kw name="Close All Browsers" owner="SeleniumLibrary" type="TEARDOWN">
<doc>Closes all open browsers and resets the browser cache.</doc>
<status status="PASS" start="2025-02-25T21:26:22.876175" elapsed="2.083452"/>
</kw>
<doc>Kim tries to register with already taken username</doc>
<tag>negative</tag>
<tag>registration</tag>
<tag>Sumeyye</tag>
<status status="FAIL" start="2025-02-25T21:26:21.277999" elapsed="3.681929">Element with locator 'id=register-nav' not found.</status>
</test>
<test id="s1-s1-s1-s1-s1-t3" name="1.3 - Registration With Short Password" line="30">
<kw name="Open Browser To Main Page" owner="common" type="SETUP">
<kw name="Open Browser" owner="SeleniumLibrary">
<msg time="2025-02-25T21:26:24.962468" level="INFO">Opening browser 'chrome' to base url 'file:///Users/mac/Desktop/jurastina-alfa/jurap.html'.</msg>
<arg>${URL}</arg>
<arg>${BROWSER}</arg>
<doc>Opens a new browser instance to the optional ``url``.</doc>
<status status="PASS" start="2025-02-25T21:26:24.962143" elapsed="1.384387"/>
</kw>
<kw name="Maximize Browser Window" owner="SeleniumLibrary">
<doc>Maximizes current browser window.</doc>
<status status="PASS" start="2025-02-25T21:26:26.346861" elapsed="0.020130"/>
</kw>
<kw name="Set Selenium Timeout" owner="SeleniumLibrary">
<arg>${TIMEOUT}</arg>
<doc>Sets the timeout that is used by various keywords.</doc>
<status status="PASS" start="2025-02-25T21:26:26.367229" elapsed="0.001065"/>
</kw>
<status status="PASS" start="2025-02-25T21:26:24.961603" elapsed="1.406811"/>
</kw>
<kw name="Given Navigate To Registration Page" owner="kim">
<kw name="Click Element" owner="SeleniumLibrary">
<msg time="2025-02-25T21:26:26.371383" level="INFO">Clicking element 'id=register-nav'.</msg>
<msg time="2025-02-25T21:26:26.523692" level="INFO" html="true">&lt;/td&gt;&lt;/tr&gt;&lt;tr&gt;&lt;td colspan="3"&gt;&lt;a href="selenium-screenshot-66.png"&gt;&lt;img src="selenium-screenshot-66.png" width="800px"&gt;&lt;/a&gt;</msg>
<msg time="2025-02-25T21:26:26.524209" level="FAIL">Element with locator 'id=register-nav' not found.</msg>
<arg>id=register-nav</arg>
<doc>Click the element identified by ``locator``.</doc>
<status status="FAIL" start="2025-02-25T21:26:26.371113" elapsed="0.155173">Element with locator 'id=register-nav' not found.</status>
</kw>
<kw name="Wait Until Element Is Visible" owner="SeleniumLibrary">
<arg>id=register-section</arg>
<arg>timeout=${TIMEOUT}</arg>
<doc>Waits until the element ``locator`` is visible.</doc>
<status status="NOT RUN" start="2025-02-25T21:26:26.526585" elapsed="0.000184"/>
</kw>
<kw name="Sleep" owner="BuiltIn">
<arg>2s</arg>
<doc>Pauses the test executed for the given time.</doc>
<status status="NOT RUN" start="2025-02-25T21:26:26.526939" elapsed="0.000148"/>
</kw>
<status status="FAIL" start="2025-02-25T21:26:26.368765" elapsed="0.158501">Element with locator 'id=register-nav' not found.</status>
</kw>
<kw name="When Fill Registration Form" owner="kim">
<arg>${KIM_USERNAME}</arg>
<arg>${SHORT_PASSWORD}</arg>
<status status="NOT RUN" start="2025-02-25T21:26:34.549874" elapsed="0.001759"/>
</kw>
<kw name="Then Page Should Contain" owner="SeleniumLibrary">
<arg>Password must be at least 8 characters long</arg>
<doc>Verifies that current page contains ``text``.</doc>
<status status="NOT RUN" start="2025-02-25T21:26:34.553304" elapsed="0.003166"/>
</kw>
<kw name="Close All Browsers" owner="SeleniumLibrary" type="TEARDOWN">
<doc>Closes all open browsers and resets the browser cache.</doc>
<status status="PASS" start="2025-02-25T21:26:34.559735" elapsed="2.047162"/>
</kw>
<doc>Kim tries to register with a too short password</doc>
<tag>negative</tag>
<tag>registration</tag>
<tag>Sumeyye</tag>
<status status="FAIL" start="2025-02-25T21:26:24.960890" elapsed="11.646303">Element with locator 'id=register-nav' not found.</status>
</test>
<test id="s1-s1-s1-s1-s1-t4" name="1.4 - Successful Login" line="37">
<kw name="Open Browser To Main Page" owner="common" type="SETUP">
<kw name="Open Browser" owner="SeleniumLibrary">
<msg time="2025-02-25T21:26:36.609575" level="INFO">Opening browser 'chrome' to base url 'file:///Users/mac/Desktop/jurastina-alfa/jurap.html'.</msg>
<arg>${URL}</arg>
<arg>${BROWSER}</arg>
<doc>Opens a new browser instance to the optional ``url``.</doc>
<status status="PASS" start="2025-02-25T21:26:36.609254" elapsed="1.392570"/>
</kw>
<kw name="Maximize Browser Window" owner="SeleniumLibrary">
<doc>Maximizes current browser window.</doc>
<status status="PASS" start="2025-02-25T21:26:38.002087" elapsed="0.020065"/>
</kw>
<kw name="Set Selenium Timeout" owner="SeleniumLibrary">
<arg>${TIMEOUT}</arg>
<doc>Sets the timeout that is used by various keywords.</doc>
<status status="PASS" start="2025-02-25T21:26:38.022393" elapsed="0.001180"/>
</kw>
<status status="PASS" start="2025-02-25T21:26:36.608848" elapsed="1.414908"/>
</kw>
<kw name="Given Navigate To Registration Page" owner="kim">
<kw name="Click Element" owner="SeleniumLibrary">
<msg time="2025-02-25T21:26:38.026529" level="INFO">Clicking element 'id=register-nav'.</msg>
<msg time="2025-02-25T21:26:38.186977" level="INFO" html="true">&lt;/td&gt;&lt;/tr&gt;&lt;tr&gt;&lt;td colspan="3"&gt;&lt;a href="selenium-screenshot-67.png"&gt;&lt;img src="selenium-screenshot-67.png" width="800px"&gt;&lt;/a&gt;</msg>
<msg time="2025-02-25T21:26:38.187408" level="FAIL">Element with locator 'id=register-nav' not found.</msg>
<arg>id=register-nav</arg>
<doc>Click the element identified by ``locator``.</doc>
<status status="FAIL" start="2025-02-25T21:26:38.026251" elapsed="0.163084">Element with locator 'id=register-nav' not found.</status>
</kw>
<kw name="Wait Until Element Is Visible" owner="SeleniumLibrary">
<arg>id=register-section</arg>
<arg>timeout=${TIMEOUT}</arg>
<doc>Waits until the element ``locator`` is visible.</doc>
<status status="NOT RUN" start="2025-02-25T21:26:38.189660" elapsed="0.000224"/>
</kw>
<kw name="Sleep" owner="BuiltIn">
<arg>2s</arg>
<doc>Pauses the test executed for the given time.</doc>
<status status="NOT RUN" start="2025-02-25T21:26:38.190049" elapsed="0.000206"/>
</kw>
<status status="FAIL" start="2025-02-25T21:26:38.024144" elapsed="0.166326">Element with locator 'id=register-nav' not found.</status>
</kw>
<kw name="And Fill Registration Form" owner="kim">
<arg>${KIM_USERNAME}</arg>
<arg>${KIM_PASSWORD}</arg>
<status status="NOT RUN" start="2025-02-25T21:26:38.193163" elapsed="0.001602"/>
</kw>
<kw name="And Page Should Contain" owner="SeleniumLibrary">
<arg>Registration successful</arg>
<doc>Verifies that current page contains ``text``.</doc>
<status status="NOT RUN" start="2025-02-25T21:26:38.196393" elapsed="0.003003"/>
</kw>
<kw name="Sleep" owner="BuiltIn">
<arg>2s</arg>
<doc>Pauses the test executed for the given time.</doc>
<status status="NOT RUN" start="2025-02-25T21:26:38.202202" elapsed="0.000139"/>
</kw>
<kw name="When Navigate To Login Page" owner="kim">
<status status="NOT RUN" start="2025-02-25T21:26:38.202576" elapsed="0.001453"/>
</kw>
<kw name="And Wait Until Element Is Visible" owner="SeleniumLibrary">
<arg>id=login-username</arg>
<arg>timeout=10s</arg>
<doc>Waits until the element ``locator`` is visible.</doc>
<status status="NOT RUN" start="2025-02-25T21:26:38.205635" elapsed="0.001601"/>
</kw>
<kw name="And Fill Login Form" owner="kim">
<arg>${KIM_USERNAME}</arg>
<arg>${KIM_PASSWORD}</arg>
<status status="NOT RUN" start="2025-02-25T21:26:38.208965" elapsed="0.001108"/>
</kw>
<kw name="Sleep" owner="BuiltIn">
<arg>2s</arg>
<doc>Pauses the test executed for the given time.</doc>
<status status="NOT RUN" start="2025-02-25T21:26:38.211231" elapsed="0.000161"/>
</kw>
<kw name="Then Wait Until Element Is Visible" owner="SeleniumLibrary">
<arg>id=logout-nav</arg>
<arg>timeout=10s</arg>
<doc>Waits until the element ``locator`` is visible.</doc>
<status status="NOT RUN" start="2025-02-25T21:26:38.211668" elapsed="0.001574"/>
</kw>
<kw name="And Element Should Not Be Visible" owner="SeleniumLibrary">
<arg>id=login-nav</arg>
<doc>Verifies that the element identified by ``locator`` is NOT visible.</doc>
<status status="NOT RUN" start="2025-02-25T21:26:38.214956" elapsed="0.002324"/>
</kw>
<kw name="Close All Browsers" owner="SeleniumLibrary" type="TEARDOWN">
<doc>Closes all open browsers and resets the browser cache.</doc>
<status status="PASS" start="2025-02-25T21:26:38.220587" elapsed="2.085351"/>
</kw>
<doc>Kim successfully logs into the website</doc>
<tag>login</tag>
<tag>positive</tag>
<tag>Sumeyye</tag>
<status status="FAIL" start="2025-02-25T21:26:36.608163" elapsed="3.698078">Element with locator 'id=register-nav' not found.</status>
</test>
<test id="s1-s1-s1-s1-s1-t5" name="1.5 - Failed Login With Wrong Password" line="53">
<kw name="Open Browser To Main Page" owner="common" type="SETUP">
<kw name="Open Browser" owner="SeleniumLibrary">
<msg time="2025-02-25T21:26:40.308778" level="INFO">Opening browser 'chrome' to base url 'file:///Users/mac/Desktop/jurastina-alfa/jurap.html'.</msg>
<arg>${URL}</arg>
<arg>${BROWSER}</arg>
<doc>Opens a new browser instance to the optional ``url``.</doc>
<status status="PASS" start="2025-02-25T21:26:40.308455" elapsed="1.406415"/>
</kw>
<kw name="Maximize Browser Window" owner="SeleniumLibrary">
<doc>Maximizes current browser window.</doc>
<status status="PASS" start="2025-02-25T21:26:41.715129" elapsed="0.022084"/>
</kw>
<kw name="Set Selenium Timeout" owner="SeleniumLibrary">
<arg>${TIMEOUT}</arg>
<doc>Sets the timeout that is used by various keywords.</doc>
<status status="PASS" start="2025-02-25T21:26:41.737484" elapsed="0.001276"/>
</kw>
<status status="PASS" start="2025-02-25T21:26:40.308068" elapsed="1.430841"/>
</kw>
<kw name="Given Navigate To Registration Page" owner="kim">
<kw name="Click Element" owner="SeleniumLibrary">
<msg time="2025-02-25T21:26:41.741755" level="INFO">Clicking element 'id=register-nav'.</msg>
<msg time="2025-02-25T21:26:41.896932" level="INFO" html="true">&lt;/td&gt;&lt;/tr&gt;&lt;tr&gt;&lt;td colspan="3"&gt;&lt;a href="selenium-screenshot-68.png"&gt;&lt;img src="selenium-screenshot-68.png" width="800px"&gt;&lt;/a&gt;</msg>
<msg time="2025-02-25T21:26:41.897486" level="FAIL">Element with locator 'id=register-nav' not found.</msg>
<arg>id=register-nav</arg>
<doc>Click the element identified by ``locator``.</doc>
<status status="FAIL" start="2025-02-25T21:26:41.741385" elapsed="0.158305">Element with locator 'id=register-nav' not found.</status>
</kw>
<kw name="Wait Until Element Is Visible" owner="SeleniumLibrary">
<arg>id=register-section</arg>
<arg>timeout=${TIMEOUT}</arg>
<doc>Waits until the element ``locator`` is visible.</doc>
<status status="NOT RUN" start="2025-02-25T21:26:41.900043" elapsed="0.000237"/>
</kw>
<kw name="Sleep" owner="BuiltIn">
<arg>2s</arg>
<doc>Pauses the test executed for the given time.</doc>
<status status="NOT RUN" start="2025-02-25T21:26:41.900484" elapsed="0.000181"/>
</kw>
<status status="FAIL" start="2025-02-25T21:26:41.739251" elapsed="0.161721">Element with locator 'id=register-nav' not found.</status>
</kw>
<kw name="And Fill Registration Form" owner="kim">
<arg>${KIM_USERNAME}</arg>
<arg>${KIM_PASSWORD}</arg>
<status status="NOT RUN" start="2025-02-25T21:26:41.903317" elapsed="0.001594"/>
</kw>
<kw name="And Page Should Contain" owner="SeleniumLibrary">
<arg>Registration successful</arg>
<doc>Verifies that current page contains ``text``.</doc>
<status status="NOT RUN" start="2025-02-25T21:26:41.906517" elapsed="0.003180"/>
</kw>
<kw name="Sleep" owner="BuiltIn">
<arg>2s</arg>
<doc>Pauses the test executed for the given time.</doc>
<status status="NOT RUN" start="2025-02-25T21:26:41.912743" elapsed="0.000184"/>
</kw>
<kw name="When Navigate To Login Page" owner="kim">
<status status="NOT RUN" start="2025-02-25T21:26:41.913215" elapsed="0.001504"/>
</kw>
<kw name="And Wait Until Element Is Visible" owner="SeleniumLibrary">
<arg>id=login-username</arg>
<arg>timeout=10s</arg>
<doc>Waits until the element ``locator`` is visible.</doc>
<status status="NOT RUN" start="2025-02-25T21:26:41.916351" elapsed="0.001694"/>
</kw>
<kw name="And Fill Login Form" owner="kim">
<arg>${KIM_USERNAME}</arg>
<arg>${WRONG_PASSWORD}</arg>
<status status="NOT RUN" start="2025-02-25T21:26:41.919851" elapsed="0.001177"/>
</kw>
<kw name="Sleep" owner="BuiltIn">
<arg>2s</arg>
<doc>Pauses the test executed for the given time.</doc>
<status status="NOT RUN" start="2025-02-25T21:26:41.922489" elapsed="0.000250"/>
</kw>
<kw name="Then Wait Until Page Contains" owner="SeleniumLibrary">
<arg>Invalid username or password</arg>
<arg>timeout=10s</arg>
<doc>Waits until ``text`` appears on the current page.</doc>
<status status="NOT RUN" start="2025-02-25T21:26:41.923104" elapsed="0.002463"/>
</kw>
<kw name="Close All Browsers" owner="SeleniumLibrary" type="TEARDOWN">
<doc>Closes all open browsers and resets the browser cache.</doc>
<status status="PASS" start="2025-02-25T21:26:41.928206" elapsed="2.089777"/>
</kw>
<doc>Kim tries to login with incorrect password</doc>
<tag>login</tag>
<tag>negative</tag>
<tag>Sumeyye</tag>
<status status="FAIL" start="2025-02-25T21:26:40.307167" elapsed="3.711113">Element with locator 'id=register-nav' not found.</status>
</test>
<doc>Test cases for Kim registration and login functionality</doc>
<status status="FAIL" start="2025-02-25T21:26:17.364438" elapsed="26.654935"/>
</suite>
<status status="FAIL" start="2025-02-25T21:26:17.362978" elapsed="26.657667"/>
</suite>
<status status="FAIL" start="2025-02-25T21:26:17.361478" elapsed="26.660114"/>
</suite>
<status status="FAIL" start="2025-02-25T21:26:17.359916" elapsed="26.662570"/>
</suite>
<status status="FAIL" start="2025-02-25T21:26:17.341607" elapsed="26.681799"/>
</suite>
<statistics>
<total>
<stat pass="0" fail="5" skip="0">All Tests</stat>
</total>
<tag>
<stat pass="0" fail="2" skip="0">login</stat>
<stat pass="0" fail="3" skip="0">negative</stat>
<stat pass="0" fail="2" skip="0">positive</stat>
<stat pass="0" fail="3" skip="0">registration</stat>
<stat pass="0" fail="5" skip="0">Sumeyye</stat>
</tag>
<suite>
<stat name="Jura-Stina-Kalle" id="s1" pass="0" fail="5" skip="0">Jura-Stina-Kalle</stat>
<stat name="Test Related" id="s1-s1" pass="0" fail="5" skip="0">Jura-Stina-Kalle.Test Related</stat>
<stat name="Tests" id="s1-s1-s1" pass="0" fail="5" skip="0">Jura-Stina-Kalle.Test Related.Tests</stat>
<stat name="Kim" id="s1-s1-s1-s1" pass="0" fail="5" skip="0">Jura-Stina-Kalle.Test Related.Tests.Kim</stat>
<stat name="Test Registration Login" id="s1-s1-s1-s1-s1" pass="0" fail="5" skip="0">Jura-Stina-Kalle.Test Related.Tests.Kim.Test Registration Login</stat>
</suite>
</statistics>
<errors>
</errors>
</robot>
