<?xml version="1.0" encoding="UTF-8"?>
<robot generator="Robot 7.2 (Python 3.13.1 on win32)" generated="2025-02-25T21:37:24.676881" rpa="false" schemaversion="5">
<suite id="s1" name="Jura-Stina-Kalle" source="C:\Users\Hanzoni\Desktop\Jura-Stina-Kalle">
<suite id="s1-s1" name="Test Related" source="C:\Users\Hanzoni\Desktop\Jura-Stina-Kalle\test related">
<suite id="s1-s1-s1" name="Tests" source="C:\Users\Hanzoni\Desktop\Jura-Stina-Kalle\test related\tests">
<suite id="s1-s1-s1-s1" name="Stina-Palle" source="C:\Users\Hanzoni\Desktop\Jura-Stina-Kalle\test related\tests\stina-palle">
<suite id="s1-s1-s1-s1-s1" name="Stina-Palle Ticket" source="C:\Users\Hanzoni\Desktop\Jura-Stina-Kalle\test related\tests\stina-palle\stina-palle_ticket.robot">
<test id="s1-s1-s1-s1-s1-t1" name="2.1 Stina-Palle buys a regular admission adult ticket" line="10">
<kw name="Open Browser To Page" owner="stina-palle_keywords" type="SETUP">
<kw name="Open Browser" owner="SeleniumLibrary">
<msg time="2025-02-25T21:37:24.922907" level="INFO">Opening browser 'chrome' to base url 'file:///C:/Users/Hanzoni/Desktop/Jura-Stina-Kalle/website\jurap.html'.</msg>
<arg>${url}</arg>
<arg>${browser}</arg>
<doc>Opens a new browser instance to the optional ``url``.</doc>
<status status="PASS" start="2025-02-25T21:37:24.922569" elapsed="1.407563"/>
</kw>
<kw name="Title Should Be" owner="SeleniumLibrary">
<msg time="2025-02-25T21:37:26.335276" level="INFO">Page title is 'Jura-Stina-Kalle Park'.</msg>
<arg>${title}</arg>
<doc>Verifies that the current page title equals ``title``.</doc>
<status status="PASS" start="2025-02-25T21:37:26.330461" elapsed="0.005248"/>
</kw>
<arg>${url_jura}</arg>
<arg>${browser_jura}</arg>
<arg>${title_jura}</arg>
<status status="PASS" start="2025-02-25T21:37:24.921672" elapsed="1.414275"/>
</kw>
<kw name="Maximize Browser Window" owner="SeleniumLibrary">
<doc>Maximizes current browser window.</doc>
<status status="PASS" start="2025-02-25T21:37:26.336367" elapsed="0.020338"/>
</kw>
<kw name="Set Selenium Speed" owner="SeleniumLibrary">
<arg>0.2s</arg>
<doc>Sets the delay that is waited after each Selenium command.</doc>
<status status="PASS" start="2025-02-25T21:37:26.357183" elapsed="0.000592"/>
</kw>
<kw name="Wait Until Element Is Visible" owner="SeleniumLibrary">
<arg>${registration_element}</arg>
<doc>Waits until the element ``locator`` is visible.</doc>
<status status="PASS" start="2025-02-25T21:37:26.358066" elapsed="0.420209"/>
</kw>
<kw name="Click Element" owner="SeleniumLibrary">
<msg time="2025-02-25T21:37:26.779129" level="INFO">Clicking element 'XPATH=/html/body/header/div/nav/ul/li[2]/a'.</msg>
<arg>${registration_element}</arg>
<doc>Click the element identified by ``locator``.</doc>
<status status="PASS" start="2025-02-25T21:37:26.778677" elapsed="0.454028"/>
</kw>
<kw name="Type In Wanted Username" owner="stina-palle_keywords">
<kw name="Input Text" owner="SeleniumLibrary">
<msg time="2025-02-25T21:37:27.234062" level="INFO">Typing text 'Stina-Palle' into text field 'id=reg-username'.</msg>
<arg>${id_reg-username_element}</arg>
<arg>${username}</arg>
<doc>Types the given ``text`` into the text field identified by ``locator``.</doc>
<status status="PASS" start="2025-02-25T21:37:27.233751" elapsed="0.668601"/>
</kw>
<arg>${username_registration_id}</arg>
<arg>${username}</arg>
<status status="PASS" start="2025-02-25T21:37:27.233177" elapsed="0.669414"/>
</kw>
<kw name="Type In Wanted Password" owner="stina-palle_keywords">
<kw name="Input Text" owner="SeleniumLibrary">
<msg time="2025-02-25T21:37:27.903958" level="INFO">Typing text 'Paleontologen' into text field 'id=reg-password'.</msg>
<arg>${id_reg-password_element}</arg>
<arg>${password}</arg>
<doc>Types the given ``text`` into the text field identified by ``locator``.</doc>
<status status="PASS" start="2025-02-25T21:37:27.903651" elapsed="0.662249"/>
</kw>
<arg>${password_registration_id}</arg>
<arg>${password}</arg>
<status status="PASS" start="2025-02-25T21:37:27.903043" elapsed="0.663074"/>
</kw>
<kw name="Click Element" owner="SeleniumLibrary">
<msg time="2025-02-25T21:37:28.566821" level="INFO">Clicking element 'XPATH=//*[@id='register-form']/button'.</msg>
<arg>${register_button}</arg>
<doc>Click the element identified by ``locator``.</doc>
<status status="PASS" start="2025-02-25T21:37:28.566396" elapsed="0.442947"/>
</kw>
<kw name="Sleep" owner="BuiltIn">
<msg time="2025-02-25T21:37:32.010697" level="INFO">Slept 3 seconds.</msg>
<msg time="2025-02-25T21:37:32.011045" level="INFO">Wait for page to load</msg>
<arg>3s</arg>
<arg>Wait for page to load</arg>
<doc>Pauses the test executed for the given time.</doc>
<status status="PASS" start="2025-02-25T21:37:29.009756" elapsed="3.001556"/>
</kw>
<kw name="Type In Wanted Username" owner="stina-palle_keywords">
<kw name="Input Text" owner="SeleniumLibrary">
<msg time="2025-02-25T21:37:32.012737" level="INFO">Typing text 'Stina-Palle' into text field 'id=login-username'.</msg>
<arg>${id_reg-username_element}</arg>
<arg>${username}</arg>
<doc>Types the given ``text`` into the text field identified by ``locator``.</doc>
<status status="PASS" start="2025-02-25T21:37:32.012396" elapsed="0.657987"/>
</kw>
<arg>${username_login_id}</arg>
<arg>${username}</arg>
<status status="PASS" start="2025-02-25T21:37:32.011877" elapsed="0.658728"/>
</kw>
<kw name="Type In Wanted Password" owner="stina-palle_keywords">
<kw name="Input Text" owner="SeleniumLibrary">
<msg time="2025-02-25T21:37:32.671792" level="INFO">Typing text 'Paleontologen' into text field 'id=login-password'.</msg>
<arg>${id_reg-password_element}</arg>
<arg>${password}</arg>
<doc>Types the given ``text`` into the text field identified by ``locator``.</doc>
<status status="PASS" start="2025-02-25T21:37:32.671471" elapsed="0.658131"/>
</kw>
<arg>${password_login_id}</arg>
<arg>${password}</arg>
<status status="PASS" start="2025-02-25T21:37:32.670931" elapsed="0.658989"/>
</kw>
<kw name="Click Element" owner="SeleniumLibrary">
<msg time="2025-02-25T21:37:33.330709" level="INFO">Clicking element 'XPATH=//*[@id='login-form']/button'.</msg>
<arg>${login_button}</arg>
<doc>Click the element identified by ``locator``.</doc>
<status status="PASS" start="2025-02-25T21:37:33.330279" elapsed="0.440213"/>
</kw>
<kw name="Sleep" owner="BuiltIn">
<msg time="2025-02-25T21:37:36.771396" level="INFO">Slept 3 seconds.</msg>
<msg time="2025-02-25T21:37:36.771736" level="INFO">Wait for page to load</msg>
<arg>3s</arg>
<arg>Wait for page to load</arg>
<doc>Pauses the test executed for the given time.</doc>
<status status="PASS" start="2025-02-25T21:37:33.770876" elapsed="3.001040"/>
</kw>
<kw name="Click Element" owner="SeleniumLibrary">
<msg time="2025-02-25T21:37:36.772675" level="INFO">Clicking element 'XPATH=//*[@id='tickets-nav']/a'.</msg>
<arg>${buy_tickets_element}</arg>
<doc>Click the element identified by ``locator``.</doc>
<status status="PASS" start="2025-02-25T21:37:36.772303" elapsed="0.445094"/>
</kw>
<kw name="Sleep" owner="BuiltIn">
<msg time="2025-02-25T21:37:40.218486" level="INFO">Slept 3 seconds.</msg>
<msg time="2025-02-25T21:37:40.218824" level="INFO">Wait for page to load</msg>
<arg>3s</arg>
<arg>Wait for page to load</arg>
<doc>Pauses the test executed for the given time.</doc>
<status status="PASS" start="2025-02-25T21:37:37.217780" elapsed="3.001287"/>
</kw>
<kw name="Select From List By Value" owner="SeleniumLibrary">
<msg time="2025-02-25T21:37:40.219848" level="INFO">Selecting options from selection list 'XPATH=//*[@id="ticket-type"]' by value Adult.</msg>
<arg>XPATH=//*[@id="ticket-type"]</arg>
<arg>Adult</arg>
<doc>Selects options from selection list ``locator`` by ``values``.</doc>
<status status="PASS" start="2025-02-25T21:37:40.219459" elapsed="1.237593"/>
</kw>
<kw name="Select From List By Value" owner="SeleniumLibrary">
<msg time="2025-02-25T21:37:41.457782" level="INFO">Selecting options from selection list 'XPATH=//*[@id="ticket-category"]' by value Regular.</msg>
<arg>XPATH=//*[@id="ticket-category"]</arg>
<arg>Regular</arg>
<doc>Selects options from selection list ``locator`` by ``values``.</doc>
<status status="PASS" start="2025-02-25T21:37:41.457418" elapsed="1.235361"/>
</kw>
<kw name="Type In Quantity" owner="stina-palle_keywords">
<kw name="Input Text" owner="SeleniumLibrary">
<msg time="2025-02-25T21:37:42.694589" level="INFO">Typing text '1' into text field 'XPATH=//*[@id='ticket-quantity']'.</msg>
<arg>${id_quantity_element}</arg>
<arg>${quantity}</arg>
<doc>Types the given ``text`` into the text field identified by ``locator``.</doc>
<status status="PASS" start="2025-02-25T21:37:42.694255" elapsed="0.650194"/>
</kw>
<arg>${ticket_quantity_element}</arg>
<arg>${1}</arg>
<status status="PASS" start="2025-02-25T21:37:42.693476" elapsed="0.651235"/>
</kw>
<kw name="Click Element" owner="SeleniumLibrary">
<msg time="2025-02-25T21:37:43.345437" level="INFO">Clicking element 'XPATH=//*[@id='ticket-form']/button'.</msg>
<arg>${add_tickets_to_cart_button}</arg>
<doc>Click the element identified by ``locator``.</doc>
<status status="PASS" start="2025-02-25T21:37:43.345022" elapsed="0.452379"/>
</kw>
<kw name="Handle Alert" owner="SeleniumLibrary">
<msg time="2025-02-25T21:37:43.798056" level="INFO">HANDLE::&lt;class 'NoneType'&gt;::None</msg>
<doc>Handles the current alert and returns its message.</doc>
<status status="PASS" start="2025-02-25T21:37:43.797772" elapsed="0.606245"/>
</kw>
<kw name="Click Element" owner="SeleniumLibrary">
<msg time="2025-02-25T21:37:44.404871" level="INFO">Clicking element 'XPATH=//*[@id='cart-nav']/a'.</msg>
<arg>${cart_element}</arg>
<doc>Click the element identified by ``locator``.</doc>
<status status="PASS" start="2025-02-25T21:37:44.404420" elapsed="0.448037"/>
</kw>
<kw name="Sleep" owner="BuiltIn">
<msg time="2025-02-25T21:37:46.853730" level="INFO">Slept 2 seconds.</msg>
<msg time="2025-02-25T21:37:46.854092" level="INFO">Wait for page to load</msg>
<arg>2s</arg>
<arg>Wait for page to load</arg>
<doc>Pauses the test executed for the given time.</doc>
<status status="PASS" start="2025-02-25T21:37:44.852856" elapsed="2.001509"/>
</kw>
<kw name="Click Button" owner="SeleniumLibrary">
<msg time="2025-02-25T21:37:46.855269" level="INFO">Clicking button 'id=checkout-button'.</msg>
<arg>${checkout_button}</arg>
<doc>Clicks the button identified by ``locator``.</doc>
<status status="PASS" start="2025-02-25T21:37:46.854816" elapsed="1.075539"/>
</kw>
<kw name="Handle Alert" owner="SeleniumLibrary">
<msg time="2025-02-25T21:37:47.931185" level="INFO">HANDLE::&lt;class 'NoneType'&gt;::None</msg>
<doc>Handles the current alert and returns its message.</doc>
<status status="PASS" start="2025-02-25T21:37:47.930808" elapsed="0.606170"/>
</kw>
<kw name="Close Browser" owner="SeleniumLibrary" type="TEARDOWN">
<doc>Closes the current browser.</doc>
<status status="PASS" start="2025-02-25T21:37:48.537481" elapsed="2.282017"/>
</kw>
<status status="PASS" start="2025-02-25T21:37:24.920751" elapsed="25.899171"/>
</test>
<test id="s1-s1-s1-s1-s1-t2" name="2.2 Stina-Palle försöker köpa biljetter utan att vara inloggad" line="35">
<kw name="Open Browser To Page" owner="stina-palle_keywords" type="SETUP">
<kw name="Open Browser" owner="SeleniumLibrary">
<msg time="2025-02-25T21:37:50.822564" level="INFO">Opening browser 'chrome' to base url 'file:///C:/Users/Hanzoni/Desktop/Jura-Stina-Kalle/website\jurap.html'.</msg>
<arg>${url}</arg>
<arg>${browser}</arg>
<doc>Opens a new browser instance to the optional ``url``.</doc>
<status status="PASS" start="2025-02-25T21:37:50.822214" elapsed="1.613073"/>
</kw>
<kw name="Title Should Be" owner="SeleniumLibrary">
<msg time="2025-02-25T21:37:52.641570" level="INFO">Page title is 'Jura-Stina-Kalle Park'.</msg>
<arg>${title}</arg>
<doc>Verifies that the current page title equals ``title``.</doc>
<status status="PASS" start="2025-02-25T21:37:52.435570" elapsed="0.206413"/>
</kw>
<arg>${url_jura}</arg>
<arg>${browser_jura}</arg>
<arg>${title_jura}</arg>
<status status="PASS" start="2025-02-25T21:37:50.821701" elapsed="1.820455"/>
</kw>
<kw name="Maximize Browser Window" owner="SeleniumLibrary">
<doc>Maximizes current browser window.</doc>
<status status="PASS" start="2025-02-25T21:37:52.642515" elapsed="0.221158"/>
</kw>
<kw name="Set Selenium Speed" owner="SeleniumLibrary">
<arg>0.2s</arg>
<doc>Sets the delay that is waited after each Selenium command.</doc>
<status status="PASS" start="2025-02-25T21:37:52.864058" elapsed="0.000451"/>
</kw>
<kw name="Wait Until Element Is Visible" owner="SeleniumLibrary">
<arg>${registration_element}</arg>
<doc>Waits until the element ``locator`` is visible.</doc>
<status status="PASS" start="2025-02-25T21:37:52.864736" elapsed="0.418375"/>
</kw>
<kw name="Click Element" owner="SeleniumLibrary">
<msg time="2025-02-25T21:37:53.284032" level="INFO">Clicking element 'XPATH=/html/body/header/div/nav/ul/li[2]/a'.</msg>
<arg>${registration_element}</arg>
<doc>Click the element identified by ``locator``.</doc>
<status status="PASS" start="2025-02-25T21:37:53.283522" elapsed="0.459510"/>
</kw>
<kw name="Type In Wanted Username" owner="stina-palle_keywords">
<kw name="Input Text" owner="SeleniumLibrary">
<msg time="2025-02-25T21:37:53.744527" level="INFO">Typing text 'Stina-Palle' into text field 'id=reg-username'.</msg>
<arg>${id_reg-username_element}</arg>
<arg>${username}</arg>
<doc>Types the given ``text`` into the text field identified by ``locator``.</doc>
<status status="PASS" start="2025-02-25T21:37:53.744037" elapsed="0.672958"/>
</kw>
<arg>${username_registration_id}</arg>
<arg>${username}</arg>
<status status="PASS" start="2025-02-25T21:37:53.743466" elapsed="0.673749"/>
</kw>
<kw name="Type In Wanted Password" owner="stina-palle_keywords">
<kw name="Input Text" owner="SeleniumLibrary">
<msg time="2025-02-25T21:37:54.418697" level="INFO">Typing text 'Paleontologen' into text field 'id=reg-password'.</msg>
<arg>${id_reg-password_element}</arg>
<arg>${password}</arg>
<doc>Types the given ``text`` into the text field identified by ``locator``.</doc>
<status status="PASS" start="2025-02-25T21:37:54.418120" elapsed="0.665018"/>
</kw>
<arg>${password_registration_id}</arg>
<arg>${password}</arg>
<status status="PASS" start="2025-02-25T21:37:54.417557" elapsed="0.665801"/>
</kw>
<kw name="Click Element" owner="SeleniumLibrary">
<msg time="2025-02-25T21:37:55.084088" level="INFO">Clicking element 'XPATH=//*[@id='register-form']/button'.</msg>
<arg>${register_button}</arg>
<doc>Click the element identified by ``locator``.</doc>
<status status="PASS" start="2025-02-25T21:37:55.083659" elapsed="0.444967"/>
</kw>
<kw name="Sleep" owner="BuiltIn">
<msg time="2025-02-25T21:37:58.529510" level="INFO">Slept 3 seconds.</msg>
<msg time="2025-02-25T21:37:58.529853" level="INFO">Wait for page to load</msg>
<arg>3s</arg>
<arg>Wait for page to load</arg>
<doc>Pauses the test executed for the given time.</doc>
<status status="PASS" start="2025-02-25T21:37:55.529014" elapsed="3.001093"/>
</kw>
<kw name="Click Element" owner="SeleniumLibrary">
<msg time="2025-02-25T21:37:58.531054" level="INFO">Clicking element 'XPATH=//*[@id='tickets-nav']/a'.</msg>
<arg>${buy_tickets_element}</arg>
<doc>Click the element identified by ``locator``.</doc>
<status status="PASS" start="2025-02-25T21:37:58.530632" elapsed="0.445373"/>
</kw>
<kw name="Sleep" owner="BuiltIn">
<msg time="2025-02-25T21:38:01.977041" level="INFO">Slept 3 seconds.</msg>
<msg time="2025-02-25T21:38:01.977375" level="INFO">Wait for page to load</msg>
<arg>3s</arg>
<arg>Wait for page to load</arg>
<doc>Pauses the test executed for the given time.</doc>
<status status="PASS" start="2025-02-25T21:37:58.976390" elapsed="3.001140"/>
</kw>
<kw name="Select From List By Value" owner="SeleniumLibrary">
<msg time="2025-02-25T21:38:01.978322" level="INFO">Selecting options from selection list 'XPATH=//*[@id="ticket-type"]' by value Adult.</msg>
<arg>XPATH=//*[@id="ticket-type"]</arg>
<arg>Adult</arg>
<doc>Selects options from selection list ``locator`` by ``values``.</doc>
<status status="PASS" start="2025-02-25T21:38:01.977891" elapsed="1.239426"/>
</kw>
<kw name="Select From List By Value" owner="SeleniumLibrary">
<msg time="2025-02-25T21:38:03.218251" level="INFO">Selecting options from selection list 'XPATH=//*[@id="ticket-category"]' by value Regular.</msg>
<arg>XPATH=//*[@id="ticket-category"]</arg>
<arg>Regular</arg>
<doc>Selects options from selection list ``locator`` by ``values``.</doc>
<status status="PASS" start="2025-02-25T21:38:03.217837" elapsed="1.234226"/>
</kw>
<kw name="Type In Quantity" owner="stina-palle_keywords">
<kw name="Input Text" owner="SeleniumLibrary">
<msg time="2025-02-25T21:38:04.453808" level="INFO">Typing text '1' into text field 'XPATH=//*[@id='ticket-quantity']'.</msg>
<arg>${id_quantity_element}</arg>
<arg>${quantity}</arg>
<doc>Types the given ``text`` into the text field identified by ``locator``.</doc>
<status status="PASS" start="2025-02-25T21:38:04.453429" elapsed="0.648864"/>
</kw>
<arg>${ticket_quantity_element}</arg>
<arg>${1}</arg>
<status status="PASS" start="2025-02-25T21:38:04.452525" elapsed="0.650065"/>
</kw>
<kw name="Click Element" owner="SeleniumLibrary">
<msg time="2025-02-25T21:38:05.103376" level="INFO">Clicking element 'XPATH=//*[@id='ticket-form']/button'.</msg>
<arg>${add_tickets_to_cart_button}</arg>
<doc>Click the element identified by ``locator``.</doc>
<status status="PASS" start="2025-02-25T21:38:05.102902" elapsed="0.447755"/>
</kw>
<kw name="Handle Alert" owner="SeleniumLibrary">
<msg time="2025-02-25T21:38:05.551446" level="INFO">HANDLE::&lt;class 'NoneType'&gt;::None</msg>
<doc>Handles the current alert and returns its message.</doc>
<status status="PASS" start="2025-02-25T21:38:05.551086" elapsed="0.606630"/>
</kw>
<kw name="Close Browser" owner="SeleniumLibrary" type="TEARDOWN">
<doc>Closes the current browser.</doc>
<status status="PASS" start="2025-02-25T21:38:06.158211" elapsed="2.248827"/>
</kw>
<status status="PASS" start="2025-02-25T21:37:50.820912" elapsed="17.586780"/>
</test>
<doc>[created_by:MoaRosvall] User 2 (Stina-Palle) buying their ticket.</doc>
<status status="PASS" start="2025-02-25T21:37:24.703895" elapsed="43.704874"/>
</suite>
<status status="PASS" start="2025-02-25T21:37:24.702400" elapsed="43.707726"/>
</suite>
<status status="PASS" start="2025-02-25T21:37:24.700837" elapsed="43.710371"/>
</suite>
<status status="PASS" start="2025-02-25T21:37:24.699087" elapsed="43.713150"/>
</suite>
<status status="PASS" start="2025-02-25T21:37:24.681204" elapsed="43.732264"/>
</suite>
<statistics>
<total>
<stat pass="2" fail="0" skip="0">All Tests</stat>
</total>
<tag>
</tag>
<suite>
<stat name="Jura-Stina-Kalle" id="s1" pass="2" fail="0" skip="0">Jura-Stina-Kalle</stat>
<stat name="Test Related" id="s1-s1" pass="2" fail="0" skip="0">Jura-Stina-Kalle.Test Related</stat>
<stat name="Tests" id="s1-s1-s1" pass="2" fail="0" skip="0">Jura-Stina-Kalle.Test Related.Tests</stat>
<stat name="Stina-Palle" id="s1-s1-s1-s1" pass="2" fail="0" skip="0">Jura-Stina-Kalle.Test Related.Tests.Stina-Palle</stat>
<stat name="Stina-Palle Ticket" id="s1-s1-s1-s1-s1" pass="2" fail="0" skip="0">Jura-Stina-Kalle.Test Related.Tests.Stina-Palle.Stina-Palle Ticket</stat>
</suite>
</statistics>
<errors>
</errors>
</robot>
