<?xml version="1.0" encoding="UTF-8"?>
<robot generator="Robot 7.2 (Python 3.13.1 on win32)" generated="2025-02-17T11:48:11.483561" rpa="false" schemaversion="5">
<suite id="s1" name="Jura-Stina-Kalle-Park" source="C:\Users\mlelo\OneDrive\Documents\GitHub\Jura-Stina-Kalle-Park">
<suite id="s1-s1" name="Jura-Stina-Kalle-Park" source="C:\Users\mlelo\OneDrive\Documents\GitHub\Jura-Stina-Kalle-Park\Jura-Stina-Kalle-Park">
<suite id="s1-s1-s1" name="Test Related" source="C:\Users\mlelo\OneDrive\Documents\GitHub\Jura-Stina-Kalle-Park\Jura-Stina-Kalle-Park\test related">
<suite id="s1-s1-s1-s1" name="Tests" source="C:\Users\mlelo\OneDrive\Documents\GitHub\Jura-Stina-Kalle-Park\Jura-Stina-Kalle-Park\test related\tests">
<suite id="s1-s1-s1-s1-s1" name="Stina-Palle" source="C:\Users\mlelo\OneDrive\Documents\GitHub\Jura-Stina-Kalle-Park\Jura-Stina-Kalle-Park\test related\tests\stina-palle">
<suite id="s1-s1-s1-s1-s1-s1" name="Stina-Palleticket" source="C:\Users\mlelo\OneDrive\Documents\GitHub\Jura-Stina-Kalle-Park\Jura-Stina-Kalle-Park\test related\tests\stina-palle\stina-palleticket.robot">
<test id="s1-s1-s1-s1-s1-s1-t1" name="Buy ticket successful" line="11">
<kw name="Open Browser To Page" owner="common" type="SETUP">
<kw name="Open Browser" owner="SeleniumLibrary">
<msg time="2025-02-17T11:48:11.903272" level="INFO">Opening browser 'chrome' to base url 'file:///C:/Users/mlelo/OneDrive/Documents/GitHub/Jura-Stina-Kalle-Park/../website/jurap.html'.</msg>
<arg>${url}</arg>
<arg>${browser}</arg>
<doc>Opens a new browser instance to the optional ``url``.</doc>
<status status="PASS" start="2025-02-17T11:48:11.902711" elapsed="1.713030"/>
</kw>
<kw name="Title Should Be" owner="SeleniumLibrary">
<msg time="2025-02-17T11:48:13.812753" level="INFO" html="true">&lt;/td&gt;&lt;/tr&gt;&lt;tr&gt;&lt;td colspan="3"&gt;&lt;a href="selenium-screenshot-3.png"&gt;&lt;img src="selenium-screenshot-3.png" width="800px"&gt;&lt;/a&gt;</msg>
<msg time="2025-02-17T11:48:13.813431" level="FAIL">Title should have been 'Jura-Stina-Kalle Park' but was 'file:///C:/Users/mlelo/OneDrive/Documents/GitHub/website/jurap.html'.</msg>
<arg>${title}</arg>
<doc>Verifies that the current page title equals ``title``.</doc>
<status status="FAIL" start="2025-02-17T11:48:13.616068" elapsed="0.201430">Title should have been 'Jura-Stina-Kalle Park' but was 'file:///C:/Users/mlelo/OneDrive/Documents/GitHub/website/jurap.html'.</status>
</kw>
<arg>${url_jura}</arg>
<arg>${browser_jura}</arg>
<arg>${title_jura}</arg>
<status status="FAIL" start="2025-02-17T11:48:11.901378" elapsed="1.916416">Title should have been 'Jura-Stina-Kalle Park' but was 'file:///C:/Users/mlelo/OneDrive/Documents/GitHub/website/jurap.html'.</status>
</kw>
<kw name="Close Browser" owner="SeleniumLibrary" type="TEARDOWN">
<doc>Closes the current browser.</doc>
<status status="PASS" start="2025-02-17T11:48:13.818371" elapsed="2.150785"/>
</kw>
<status status="FAIL" start="2025-02-17T11:48:11.899935" elapsed="4.070580">Setup failed:
Title should have been 'Jura-Stina-Kalle Park' but was 'file:///C:/Users/mlelo/OneDrive/Documents/GitHub/website/jurap.html'.</status>
</test>
<doc>User 2 buying their ticket</doc>
<status status="FAIL" start="2025-02-17T11:48:11.534145" elapsed="4.444367"/>
</suite>
<status status="FAIL" start="2025-02-17T11:48:11.530942" elapsed="4.460456"/>
</suite>
<status status="FAIL" start="2025-02-17T11:48:11.528144" elapsed="4.474847"/>
</suite>
<status status="FAIL" start="2025-02-17T11:48:11.524501" elapsed="4.488624"/>
</suite>
<status status="FAIL" start="2025-02-17T11:48:11.521579" elapsed="4.496144"/>
</suite>
<status status="FAIL" start="2025-02-17T11:48:11.488257" elapsed="4.533273"/>
</suite>
<statistics>
<total>
<stat pass="0" fail="1" skip="0">All Tests</stat>
</total>
<tag>
</tag>
<suite>
<stat name="Jura-Stina-Kalle-Park" id="s1" pass="0" fail="1" skip="0">Jura-Stina-Kalle-Park</stat>
<stat name="Jura-Stina-Kalle-Park" id="s1-s1" pass="0" fail="1" skip="0">Jura-Stina-Kalle-Park.Jura-Stina-Kalle-Park</stat>
<stat name="Test Related" id="s1-s1-s1" pass="0" fail="1" skip="0">Jura-Stina-Kalle-Park.Jura-Stina-Kalle-Park.Test Related</stat>
<stat name="Tests" id="s1-s1-s1-s1" pass="0" fail="1" skip="0">Jura-Stina-Kalle-Park.Jura-Stina-Kalle-Park.Test Related.Tests</stat>
<stat name="Stina-Palle" id="s1-s1-s1-s1-s1" pass="0" fail="1" skip="0">Jura-Stina-Kalle-Park.Jura-Stina-Kalle-Park.Test Related.Tests.Stina-Palle</stat>
<stat name="Stina-Palleticket" id="s1-s1-s1-s1-s1-s1" pass="0" fail="1" skip="0">Jura-Stina-Kalle-Park.Jura-Stina-Kalle-Park.Test Related.Tests.Stina-Palle.Stina-Palleticket</stat>
</suite>
</statistics>
<errors>
</errors>
</robot>
