<?xml version="1.0" encoding="UTF-8"?>
<robot generator="Robot 7.2 (Python 3.13.1 on win32)" generated="2025-02-25T18:40:33.263464" rpa="false" schemaversion="5">
<suite id="s1" name="Jura-Stina-Kalle" source="C:\Users\Hanzoni\Desktop\Jura-Stina-Kalle">
<suite id="s1-s1" name="Test Related" source="C:\Users\Hanzoni\Desktop\Jura-Stina-Kalle\test related">
<suite id="s1-s1-s1" name="Tests" source="C:\Users\Hanzoni\Desktop\Jura-Stina-Kalle\test related\tests">
<suite id="s1-s1-s1-s1" name="Kim" source="C:\Users\Hanzoni\Desktop\Jura-Stina-Kalle\test related\tests\kim">
<suite id="s1-s1-s1-s1-s1" name="Kim Fails To Purchase Tickets Without Login" source="C:\Users\Hanzoni\Desktop\Jura-Stina-Kalle\test related\tests\kim\Kim_Fails_To_Purchase_Tickets_Without_Login.robot">
<test id="s1-s1-s1-s1-s1-t1" name="user attempts to buy VIP-Tickets without login" line="8">
<kw name="Given the browser is open on the correct URL" owner="Keywords_Kim">
<kw name="Open Browser" owner="SeleniumLibrary">
<msg time="2025-02-25T18:40:33.566057" level="INFO">Opening browser 'Chrome' to base url 'file://C:\Users\Hanzoni\Desktop\Jura-Stina-Kalle/website/jurap.html'.</msg>
<arg>${URL}</arg>
<arg>${BROWSER}</arg>
<doc>Opens a new browser instance to the optional ``url``.</doc>
<status status="PASS" start="2025-02-25T18:40:33.565668" elapsed="1.527464"/>
</kw>
<kw name="Maximize Browser Window" owner="SeleniumLibrary">
<doc>Maximizes current browser window.</doc>
<status status="PASS" start="2025-02-25T18:40:35.093430" elapsed="0.021489"/>
</kw>
<kw name="Set Selenium Speed" owner="SeleniumLibrary">
<arg>0.2s</arg>
<doc>Sets the delay that is waited after each Selenium command.</doc>
<status status="PASS" start="2025-02-25T18:40:35.115185" elapsed="0.000389"/>
</kw>
<tag>created_by:HannesSchönberg</tag>
<doc>Browser opens, the correct URL loads, Browser window set to maximum, Selenium speed set to 0.2s.</doc>
<status status="PASS" start="2025-02-25T18:40:33.563516" elapsed="1.552181"/>
</kw>
<kw name="And the user navigates to 'Buy Tickets'" owner="Keywords_Kim">
<kw name="Wait Until Element Is Visible" owner="SeleniumLibrary">
<arg>id=tickets-nav</arg>
<doc>Waits until the element ``locator`` is visible.</doc>
<status status="PASS" start="2025-02-25T18:40:35.120319" elapsed="0.420474"/>
</kw>
<kw name="Click Element" owner="SeleniumLibrary">
<msg time="2025-02-25T18:40:35.541469" level="INFO">Clicking element 'id=tickets-nav'.</msg>
<arg>id=tickets-nav</arg>
<doc>Click the element identified by ``locator``.</doc>
<status status="PASS" start="2025-02-25T18:40:35.541078" elapsed="0.469760"/>
</kw>
<kw name="Wait Until Element Is Visible" owner="SeleniumLibrary">
<arg>id=tickets-section</arg>
<doc>Waits until the element ``locator`` is visible.</doc>
<status status="PASS" start="2025-02-25T18:40:36.011214" elapsed="0.419958"/>
</kw>
<tag>created_by:HannesSchönberg</tag>
<doc>The user navigate and clicks on 'Buy Tickets'</doc>
<status status="PASS" start="2025-02-25T18:40:35.117485" elapsed="1.313903"/>
</kw>
<kw name="And the user attempts to Add Tickets Without Login" owner="Keywords_Kim">
<kw name="Wait Until Page Contains Element" owner="SeleniumLibrary">
<arg>id=ticket-category</arg>
<doc>Waits until the element ``locator`` appears on the current page.</doc>
<status status="PASS" start="2025-02-25T18:40:36.434718" elapsed="0.208157"/>
</kw>
<kw name="Select From List By Value" owner="SeleniumLibrary">
<msg time="2025-02-25T18:40:36.643474" level="INFO">Selecting options from selection list 'id=ticket-category' by value VIP.</msg>
<msg time="2025-02-25T18:40:37.509480" level="WARN">Keyword 'Capture Page Screenshot' could not be run on failure: Message: invalid session id
Stacktrace:
	GetHandleVerifier [0x00007FF6473E6EE5+28773]
	(No symbol) [0x00007FF6473525D0]
	(No symbol) [0x00007FF6471E8DDC]
	(No symbol) [0x00007FF64722F17F]
	(No symbol) [0x00007FF647267112]
	(No symbol) [0x00007FF647261AA9]
	(No symbol) [0x00007FF647260B59]
	(No symbol) [0x00007FF6471B5595]
	GetHandleVerifier [0x00007FF64773422D+3490733]
	GetHandleVerifier [0x00007FF64774BA13+3586963]
	GetHandleVerifier [0x00007FF64774144D+3544525]
	GetHandleVerifier [0x00007FF6474AC9AA+838442]
	(No symbol) [0x00007FF64735D01F]
	(No symbol) [0x00007FF6471B41AE]
	GetHandleVerifier [0x00007FF6477BED78+4058872]
	BaseThreadInitThunk [0x00007FF8248DE8D7+23]
	RtlUserThreadStart [0x00007FF82605BF2C+44]
</msg>
<msg time="2025-02-25T18:40:37.510855" level="FAIL">InvalidSessionIdException: Message: invalid session id: session deleted as the browser has closed the connection
from disconnected: not connected to DevTools
  (Session info: chrome=133.0.6943.127)
Stacktrace:
	GetHandleVerifier [0x00007FF6473E6EE5+28773]
	(No symbol) [0x00007FF6473525D0]
	(No symbol) [0x00007FF6471E8FAA]
	(No symbol) [0x00007FF6471D4DA5]
	(No symbol) [0x00007FF6471F973A]
	(No symbol) [0x00007FF64726EFDF]
	(No symbol) [0x00007FF64728EFE2]
	(No symbol) [0x00007FF647267023]
	(No symbol) [0x00007FF64722FF5E]
	(No symbol) [0x00007FF6472311E3]
	GetHandleVerifier [0x00007FF64773422D+3490733]
	GetHandleVerifier [0x00007FF64774BA13+3586963]
	GetHandleVerifier [0x00007FF64774144D+3544525]
	GetHandleVerifier [0x00007FF6474AC9AA+838442]
	(No symbol) [0x00007FF64735D01F]
	(No symbol) [0x00007FF6473595E4]
	(No symbol) [0x00007FF647359786]
	(No symbol) [0x00007FF647348CB9]
	BaseThreadInitThunk [0x00007FF8248DE8D7+23]
	RtlUserThreadStart [0x00007FF82605BF2C+44]
</msg>
<arg>id=ticket-category</arg>
<arg>VIP</arg>
<doc>Selects options from selection list ``locator`` by ``values``.</doc>
<status status="FAIL" start="2025-02-25T18:40:36.643126" elapsed="0.916457">InvalidSessionIdException: Message: invalid session id: session deleted as the browser has closed the connection
from disconnected: not connected to DevTools
  (Session info: chrome=133.0.6943.127)
Stacktrace:
	GetHandleVerifier [0x00007FF6473E6EE5+28773]
	(No symbol) [0x00007FF6473525D0]
	(No symbol) [0x00007FF6471E8FAA]
	(No symbol) [0x00007FF6471D4DA5]
	(No symbol) [0x00007FF6471F973A]
	(No symbol) [0x00007FF64726EFDF]
	(No symbol) [0x00007FF64728EFE2]
	(No symbol) [0x00007FF647267023]
	(No symbol) [0x00007FF64722FF5E]
	(No symbol) [0x00007FF6472311E3]
	GetHandleVerifier [0x00007FF64773422D+3490733]
	GetHandleVerifier [0x00007FF64774BA13+3586963]
	GetHandleVerifier [0x00007FF64774144D+3544525]
	GetHandleVerifier [0x00007FF6474AC9AA+838442]
	(No symbol) [0x00007FF64735D01F]
	(No symbol) [0x00007FF6473595E4]
	(No symbol) [0x00007FF647359786]
	(No symbol) [0x00007FF647348CB9]
	BaseThreadInitThunk [0x00007FF8248DE8D7+23]
	RtlUserThreadStart [0x00007FF82605BF2C+44]
</status>
</kw>
<kw name="Input Text" owner="SeleniumLibrary">
<arg>id=ticket-quantity</arg>
<arg>2</arg>
<doc>Types the given ``text`` into the text field identified by ``locator``.</doc>
<status status="NOT RUN" start="2025-02-25T18:40:37.559857" elapsed="0.000170"/>
</kw>
<kw name="Click Element" owner="SeleniumLibrary">
<arg>xpath=//form[@id='ticket-form']//button[@type='submit']</arg>
<doc>Click the element identified by ``locator``.</doc>
<status status="NOT RUN" start="2025-02-25T18:40:37.560169" elapsed="0.000123"/>
</kw>
<tag>created_by:HannesSchönberg</tag>
<doc>The user attempts to add two VIP-Tickets to cart without login.</doc>
<status status="FAIL" start="2025-02-25T18:40:36.433136" elapsed="1.127335">InvalidSessionIdException: Message: invalid session id: session deleted as the browser has closed the connection
from disconnected: not connected to DevTools
  (Session info: chrome=133.0.6943.127)
Stacktrace:
	GetHandleVerifier [0x00007FF6473E6EE5+28773]
	(No symbol) [0x00007FF6473525D0]
	(No symbol) [0x00007FF6471E8FAA]
	(No symbol) [0x00007FF6471D4DA5]
	(No symbol) [0x00007FF6471F973A]
	(No symbol) [0x00007FF64726EFDF]
	(No symbol) [0x00007FF64728EFE2]
	(No symbol) [0x00007FF647267023]
	(No symbol) [0x00007FF64722FF5E]
	(No symbol) [0x00007FF6472311E3]
	GetHandleVerifier [0x00007FF64773422D+3490733]
	GetHandleVerifier [0x00007FF64774BA13+3586963]
	GetHandleVerifier [0x00007FF64774144D+3544525]
	GetHandleVerifier [0x00007FF6474AC9AA+838442]
	(No symbol) [0x00007FF64735D01F]
	(No symbol) [0x00007FF6473595E4]
	(No symbol) [0x00007FF647359786]
	(No symbol) [0x00007FF647348CB9]
	BaseThreadInitThunk [0x00007FF8248DE8D7+23]
	RtlUserThreadStart [0x00007FF82605BF2C+44]
</status>
</kw>
<kw name="Then Alert message is Shown" owner="Keywords_Kim">
<tag>created_by:HannesSchönberg</tag>
<doc>Alert message is shown when trying to buy VIP-Tickets without login.</doc>
<status status="NOT RUN" start="2025-02-25T18:40:37.562313" elapsed="0.002507"/>
</kw>
<kw name="Close All Browsers" owner="SeleniumLibrary" type="TEARDOWN">
<doc>Closes all open browsers and resets the browser cache.</doc>
<status status="PASS" start="2025-02-25T18:40:37.567843" elapsed="2.238482"/>
</kw>
<doc>Scenario: Kim attempts to buy VIP-Tickets without login</doc>
<tag>created_by:HannesSchönberg</tag>
<tag>functionality:VIP-tickets_purchase</tag>
<tag>status:Approved</tag>
<tag>type:negative</tag>
<status status="FAIL" start="2025-02-25T18:40:33.562421" elapsed="6.244329">InvalidSessionIdException: Message: invalid session id: session deleted as the browser has closed the connection
from disconnected: not connected to DevTools
  (Session info: chrome=133.0.6943.127)
Stacktrace:
	GetHandleVerifier [0x00007FF6473E6EE5+28773]
	(No symbol) [0x00007FF6473525D0]
	(No symbol) [0x00007FF6471E8FAA]
	(No symbol) [0x00007FF6471D4DA5]
	(No symbol) [0x00007FF6471F973A]
	(No symbol) [0x00007FF64726EFDF]
	(No symbol) [0x00007FF64728EFE2]
	(No symbol) [0x00007FF647267023]
	(No symbol) [0x00007FF64722FF5E]
	(No symbol) [0x00007FF6472311E3]
	GetHandleVerifier [0x00007FF64773422D+3490733]
	GetHandleVerifier [0x00007FF64774BA13+3586963]
	GetHandleVerifier [0x00007FF64774144D+3544525]
	GetHandleVerifier [0x00007FF6474AC9AA+838442]
	(No symbol) [0x00007FF64735D01F]
	(No symbol) [0x00007FF6473595E4]
	(No symbol) [0x00007FF647359786]
	(No symbol) [0x00007FF647348CB9]
	BaseThreadInitThunk [0x00007FF8248DE8D7+23]
	RtlUserThreadStart [0x00007FF82605BF2C+44]
</status>
</test>
<status status="FAIL" start="2025-02-25T18:40:33.297743" elapsed="6.511176"/>
</suite>
<status status="FAIL" start="2025-02-25T18:40:33.296116" elapsed="6.514869"/>
</suite>
<status status="FAIL" start="2025-02-25T18:40:33.294617" elapsed="6.517757"/>
</suite>
<status status="FAIL" start="2025-02-25T18:40:33.292447" elapsed="6.521347"/>
</suite>
<status status="FAIL" start="2025-02-25T18:40:33.269865" elapsed="6.545217"/>
</suite>
<statistics>
<total>
<stat pass="0" fail="1" skip="0">All Tests</stat>
</total>
<tag>
<stat pass="0" fail="1" skip="0">created_by:HannesSchönberg</stat>
<stat pass="0" fail="1" skip="0">functionality:VIP-tickets_purchase</stat>
<stat pass="0" fail="1" skip="0">status:Approved</stat>
<stat pass="0" fail="1" skip="0">type:negative</stat>
</tag>
<suite>
<stat name="Jura-Stina-Kalle" id="s1" pass="0" fail="1" skip="0">Jura-Stina-Kalle</stat>
<stat name="Test Related" id="s1-s1" pass="0" fail="1" skip="0">Jura-Stina-Kalle.Test Related</stat>
<stat name="Tests" id="s1-s1-s1" pass="0" fail="1" skip="0">Jura-Stina-Kalle.Test Related.Tests</stat>
<stat name="Kim" id="s1-s1-s1-s1" pass="0" fail="1" skip="0">Jura-Stina-Kalle.Test Related.Tests.Kim</stat>
<stat name="Kim Fails To Purchase Tickets Without Login" id="s1-s1-s1-s1-s1" pass="0" fail="1" skip="0">Jura-Stina-Kalle.Test Related.Tests.Kim.Kim Fails To Purchase Tickets Without Login</stat>
</suite>
</statistics>
<errors>
<msg time="2025-02-25T18:40:37.509480" level="WARN">Keyword 'Capture Page Screenshot' could not be run on failure: Message: invalid session id
Stacktrace:
	GetHandleVerifier [0x00007FF6473E6EE5+28773]
	(No symbol) [0x00007FF6473525D0]
	(No symbol) [0x00007FF6471E8DDC]
	(No symbol) [0x00007FF64722F17F]
	(No symbol) [0x00007FF647267112]
	(No symbol) [0x00007FF647261AA9]
	(No symbol) [0x00007FF647260B59]
	(No symbol) [0x00007FF6471B5595]
	GetHandleVerifier [0x00007FF64773422D+3490733]
	GetHandleVerifier [0x00007FF64774BA13+3586963]
	GetHandleVerifier [0x00007FF64774144D+3544525]
	GetHandleVerifier [0x00007FF6474AC9AA+838442]
	(No symbol) [0x00007FF64735D01F]
	(No symbol) [0x00007FF6471B41AE]
	GetHandleVerifier [0x00007FF6477BED78+4058872]
	BaseThreadInitThunk [0x00007FF8248DE8D7+23]
	RtlUserThreadStart [0x00007FF82605BF2C+44]
</msg>
</errors>
</robot>
