<?xml version="1.0" encoding="UTF-8"?>
<robot generator="Robot 7.2 (Python 3.13.1 on win32)" generated="2025-02-25T18:59:43.131766" rpa="false" schemaversion="5">
<suite id="s1" name="Jura-Stina-Kalle" source="C:\Users\Hanzoni\Desktop\Jura-Stina-Kalle">
<suite id="s1-s1" name="Test Related" source="C:\Users\Hanzoni\Desktop\Jura-Stina-Kalle\test related">
<suite id="s1-s1-s1" name="Tests" source="C:\Users\Hanzoni\Desktop\Jura-Stina-Kalle\test related\tests">
<suite id="s1-s1-s1-s1" name="Kim" source="C:\Users\Hanzoni\Desktop\Jura-Stina-Kalle\test related\tests\kim">
<suite id="s1-s1-s1-s1-s1" name="Kim Books Safari On Weekend Successfully" source="C:\Users\Hanzoni\Desktop\Jura-Stina-Kalle\test related\tests\kim\Kim_Books_Safari_On_Weekend_Successfully.robot">
<test id="s1-s1-s1-s1-s1-t1" name="user successfully purchases VIP-Safari tickets on a weekend" line="8">
<kw name="Given the browser is open on the correct URL" owner="Keywords_Kim">
<kw name="Open Browser" owner="SeleniumLibrary">
<msg time="2025-02-25T18:59:43.387360" level="INFO">Opening browser 'Chrome' to base url 'file://C:\Users\Hanzoni\Desktop\Jura-Stina-Kalle/website/jurap.html'.</msg>
<arg>${URL}</arg>
<arg>${BROWSER}</arg>
<doc>Opens a new browser instance to the optional ``url``.</doc>
<status status="PASS" start="2025-02-25T18:59:43.387017" elapsed="1.360736"/>
</kw>
<kw name="Maximize Browser Window" owner="SeleniumLibrary">
<doc>Maximizes current browser window.</doc>
<status status="PASS" start="2025-02-25T18:59:44.748085" elapsed="0.023288"/>
</kw>
<kw name="Set Selenium Speed" owner="SeleniumLibrary">
<arg>0.2s</arg>
<doc>Sets the delay that is waited after each Selenium command.</doc>
<status status="PASS" start="2025-02-25T18:59:44.771741" elapsed="0.000594"/>
</kw>
<tag>created_by:HannesSchönberg</tag>
<doc>Browser opens, the correct URL loads, Browser window set to maximum, Selenium speed set to 0.2s.</doc>
<status status="PASS" start="2025-02-25T18:59:43.384992" elapsed="1.387528"/>
</kw>
<kw name="When the user registers a new account" owner="Keywords_Kim">
<kw name="Wait Until Element Is Visible" owner="SeleniumLibrary">
<arg>id=register-nav</arg>
<doc>Waits until the element ``locator`` is visible.</doc>
<status status="PASS" start="2025-02-25T18:59:44.778722" elapsed="0.420468"/>
</kw>
<kw name="Click Element" owner="SeleniumLibrary">
<msg time="2025-02-25T18:59:45.199912" level="INFO">Clicking element 'id=register-nav'.</msg>
<arg>id=register-nav</arg>
<doc>Click the element identified by ``locator``.</doc>
<status status="PASS" start="2025-02-25T18:59:45.199484" elapsed="0.456070"/>
</kw>
<kw name="Wait Until Element Is Visible" owner="SeleniumLibrary">
<arg>id=register-section</arg>
<doc>Waits until the element ``locator`` is visible.</doc>
<status status="PASS" start="2025-02-25T18:59:45.655857" elapsed="0.416539"/>
</kw>
<kw name="Input Text" owner="SeleniumLibrary">
<msg time="2025-02-25T18:59:46.073258" level="INFO">Typing text 'KimUsername' into text field 'id=reg-username'.</msg>
<arg>id=reg-username</arg>
<arg>${USERNAME}</arg>
<doc>Types the given ``text`` into the text field identified by ``locator``.</doc>
<status status="PASS" start="2025-02-25T18:59:46.072733" elapsed="0.689367"/>
</kw>
<kw name="Input Text" owner="SeleniumLibrary">
<msg time="2025-02-25T18:59:46.762799" level="INFO">Typing text 'KimPassword123' into text field 'id=reg-password'.</msg>
<arg>id=reg-password</arg>
<arg>${PASSWORD}</arg>
<doc>Types the given ``text`` into the text field identified by ``locator``.</doc>
<status status="PASS" start="2025-02-25T18:59:46.762382" elapsed="0.662414"/>
</kw>
<kw name="Click Element" owner="SeleniumLibrary">
<msg time="2025-02-25T18:59:47.425479" level="INFO">Clicking element 'xpath=//form[@id='register-form']//button[@type='submit']'.</msg>
<arg>xpath=//form[@id='register-form']//button[@type='submit']</arg>
<doc>Click the element identified by ``locator``.</doc>
<status status="PASS" start="2025-02-25T18:59:47.425081" elapsed="0.453431"/>
</kw>
<kw name="Sleep" owner="BuiltIn">
<msg time="2025-02-25T18:59:49.879628" level="INFO">Slept 2 seconds.</msg>
<arg>2s</arg>
<doc>Pauses the test executed for the given time.</doc>
<status status="PASS" start="2025-02-25T18:59:47.878794" elapsed="2.001166"/>
</kw>
<tag>created_by:HannesSchönberg</tag>
<doc>The user successfully registers a new account with valid credentials.</doc>
<status status="PASS" start="2025-02-25T18:59:44.775398" elapsed="5.104752"/>
</kw>
<kw name="And the user logs in with the new account" owner="Keywords_Kim">
<kw name="Wait Until Element Is Visible" owner="SeleniumLibrary">
<arg>id=login-nav</arg>
<doc>Waits until the element ``locator`` is visible.</doc>
<status status="PASS" start="2025-02-25T18:59:49.884272" elapsed="0.414022"/>
</kw>
<kw name="Click Element" owner="SeleniumLibrary">
<msg time="2025-02-25T18:59:50.298977" level="INFO">Clicking element 'id=login-nav'.</msg>
<arg>id=login-nav</arg>
<doc>Click the element identified by ``locator``.</doc>
<status status="PASS" start="2025-02-25T18:59:50.298572" elapsed="0.440073"/>
</kw>
<kw name="Wait Until Element Is Visible" owner="SeleniumLibrary">
<arg>id=login-section</arg>
<doc>Waits until the element ``locator`` is visible.</doc>
<status status="PASS" start="2025-02-25T18:59:50.739153" elapsed="0.415508"/>
</kw>
<kw name="Input Text" owner="SeleniumLibrary">
<msg time="2025-02-25T18:59:51.155467" level="INFO">Typing text 'KimUsername' into text field 'id=login-username'.</msg>
<arg>id=login-username</arg>
<arg>${USERNAME}</arg>
<doc>Types the given ``text`` into the text field identified by ``locator``.</doc>
<status status="PASS" start="2025-02-25T18:59:51.154939" elapsed="0.658277"/>
</kw>
<kw name="Input Text" owner="SeleniumLibrary">
<msg time="2025-02-25T18:59:51.813953" level="INFO">Typing text 'KimPassword123' into text field 'id=login-password'.</msg>
<arg>id=login-password</arg>
<arg>${PASSWORD}</arg>
<doc>Types the given ``text`` into the text field identified by ``locator``.</doc>
<status status="PASS" start="2025-02-25T18:59:51.813507" elapsed="0.662508"/>
</kw>
<kw name="Click Element" owner="SeleniumLibrary">
<msg time="2025-02-25T18:59:52.476726" level="INFO">Clicking element 'xpath=//form[@id='login-form']//button[@type='submit']'.</msg>
<arg>xpath=//form[@id='login-form']//button[@type='submit']</arg>
<doc>Click the element identified by ``locator``.</doc>
<status status="PASS" start="2025-02-25T18:59:52.476308" elapsed="0.452801"/>
</kw>
<kw name="Wait Until Element Is Visible" owner="SeleniumLibrary">
<arg>id=logout-nav</arg>
<doc>Waits until the element ``locator`` is visible.</doc>
<status status="PASS" start="2025-02-25T18:59:52.929384" elapsed="2.246850"/>
</kw>
<kw name="Element Should Be Visible" owner="SeleniumLibrary">
<msg time="2025-02-25T18:59:55.590540" level="INFO">Element 'id=cart-nav' is displayed.</msg>
<arg>id=cart-nav</arg>
<doc>Verifies that the element identified by ``locator`` is visible.</doc>
<status status="PASS" start="2025-02-25T18:59:55.176510" elapsed="0.414365"/>
</kw>
<tag>created_by:HannesSchönberg</tag>
<doc>The user successfully login with new account</doc>
<status status="PASS" start="2025-02-25T18:59:49.882243" elapsed="5.708808"/>
</kw>
<kw name="And the user navigates to 'Buy Tickets'" owner="Keywords_Kim">
<kw name="Wait Until Element Is Visible" owner="SeleniumLibrary">
<arg>id=tickets-nav</arg>
<doc>Waits until the element ``locator`` is visible.</doc>
<status status="PASS" start="2025-02-25T18:59:55.594640" elapsed="0.413060"/>
</kw>
<kw name="Click Element" owner="SeleniumLibrary">
<msg time="2025-02-25T18:59:56.008398" level="INFO">Clicking element 'id=tickets-nav'.</msg>
<arg>id=tickets-nav</arg>
<doc>Click the element identified by ``locator``.</doc>
<status status="PASS" start="2025-02-25T18:59:56.007992" elapsed="0.440767"/>
</kw>
<kw name="Wait Until Element Is Visible" owner="SeleniumLibrary">
<arg>id=tickets-section</arg>
<doc>Waits until the element ``locator`` is visible.</doc>
<status status="PASS" start="2025-02-25T18:59:56.449043" elapsed="0.417335"/>
</kw>
<tag>created_by:HannesSchönberg</tag>
<doc>The user navigate and clicks on 'Buy Tickets'</doc>
<status status="PASS" start="2025-02-25T18:59:55.592895" elapsed="1.273895"/>
</kw>
<kw name="And the user adds two Adult VIP tickets to Cart" owner="Keywords_Kim">
<kw name="Select From List By Value" owner="SeleniumLibrary">
<msg time="2025-02-25T18:59:56.871107" level="INFO">Selecting options from selection list 'id=ticket-type' by value Adult.</msg>
<arg>id=ticket-type</arg>
<arg>Adult</arg>
<doc>Selects options from selection list ``locator`` by ``values``.</doc>
<status status="PASS" start="2025-02-25T18:59:56.870804" elapsed="1.234908"/>
</kw>
<kw name="Select From List By Value" owner="SeleniumLibrary">
<msg time="2025-02-25T18:59:58.106378" level="INFO">Selecting options from selection list 'id=ticket-category' by value VIP.</msg>
<arg>id=ticket-category</arg>
<arg>VIP</arg>
<doc>Selects options from selection list ``locator`` by ``values``.</doc>
<status status="PASS" start="2025-02-25T18:59:58.105986" elapsed="1.652528"/>
</kw>
<kw name="Input Text" owner="SeleniumLibrary">
<msg time="2025-02-25T18:59:59.759202" level="INFO">Typing text '2' into text field 'id=ticket-quantity'.</msg>
<arg>id=ticket-quantity</arg>
<arg>2</arg>
<doc>Types the given ``text`` into the text field identified by ``locator``.</doc>
<status status="PASS" start="2025-02-25T18:59:59.758793" elapsed="0.653748"/>
</kw>
<kw name="Click Element" owner="SeleniumLibrary">
<msg time="2025-02-25T19:00:00.413237" level="INFO">Clicking element 'xpath=//form[@id='ticket-form']//button[@type='submit']'.</msg>
<arg>xpath=//form[@id='ticket-form']//button[@type='submit']</arg>
<doc>Click the element identified by ``locator``.</doc>
<status status="PASS" start="2025-02-25T19:00:00.412822" elapsed="0.446378"/>
</kw>
<kw name="Handle Alert" owner="SeleniumLibrary">
<msg time="2025-02-25T19:00:00.859807" level="INFO">HANDLE::&lt;class 'NoneType'&gt;::None</msg>
<doc>Handles the current alert and returns its message.</doc>
<status status="PASS" start="2025-02-25T19:00:00.859483" elapsed="0.608071"/>
</kw>
<tag>created_by:HannesSchönberg</tag>
<doc>The user successfully adds two Adult VIP-Tickets to cart</doc>
<status status="PASS" start="2025-02-25T18:59:56.868901" elapsed="4.598912"/>
</kw>
<kw name="And the user adds two Children VIP tickets to Cart" owner="Keywords_Kim">
<kw name="Select From List By Value" owner="SeleniumLibrary">
<msg time="2025-02-25T19:00:01.471608" level="INFO">Selecting options from selection list 'id=ticket-type' by value Child.</msg>
<arg>id=ticket-type</arg>
<arg>Child</arg>
<doc>Selects options from selection list ``locator`` by ``values``.</doc>
<status status="PASS" start="2025-02-25T19:00:01.471315" elapsed="1.647297"/>
</kw>
<kw name="Select From List By Value" owner="SeleniumLibrary">
<msg time="2025-02-25T19:00:03.119314" level="INFO">Selecting options from selection list 'id=ticket-category' by value VIP.</msg>
<arg>id=ticket-category</arg>
<arg>VIP</arg>
<doc>Selects options from selection list ``locator`` by ``values``.</doc>
<status status="PASS" start="2025-02-25T19:00:03.118897" elapsed="1.642024"/>
</kw>
<kw name="Input Text" owner="SeleniumLibrary">
<msg time="2025-02-25T19:00:04.761726" level="INFO">Typing text '2' into text field 'id=ticket-quantity'.</msg>
<arg>id=ticket-quantity</arg>
<arg>2</arg>
<doc>Types the given ``text`` into the text field identified by ``locator``.</doc>
<status status="PASS" start="2025-02-25T19:00:04.761243" elapsed="0.648873"/>
</kw>
<kw name="Click Element" owner="SeleniumLibrary">
<msg time="2025-02-25T19:00:05.410817" level="INFO">Clicking element 'xpath=//form[@id='ticket-form']//button[@type='submit']'.</msg>
<arg>xpath=//form[@id='ticket-form']//button[@type='submit']</arg>
<doc>Click the element identified by ``locator``.</doc>
<status status="PASS" start="2025-02-25T19:00:05.410395" elapsed="0.439205"/>
</kw>
<kw name="Handle Alert" owner="SeleniumLibrary">
<msg time="2025-02-25T19:00:05.850207" level="INFO">HANDLE::&lt;class 'NoneType'&gt;::None</msg>
<doc>Handles the current alert and returns its message.</doc>
<status status="PASS" start="2025-02-25T19:00:05.849875" elapsed="0.607678"/>
</kw>
<tag>created_by:HannesSchönberg</tag>
<doc>The user successfully adds two Children VIP-Tickets to cart</doc>
<status status="PASS" start="2025-02-25T19:00:01.469780" elapsed="4.987996"/>
</kw>
<kw name="And the user adds multiple Safaris to Cart" owner="Keywords_Kim">
<kw name="Wait Until Element Is Visible" owner="SeleniumLibrary">
<arg>id=safari-nav</arg>
<doc>Waits until the element ``locator`` is visible.</doc>
<status status="PASS" start="2025-02-25T19:00:06.461911" elapsed="0.415648"/>
</kw>
<kw name="Click Element" owner="SeleniumLibrary">
<msg time="2025-02-25T19:00:06.878311" level="INFO">Clicking element 'id=safari-nav'.</msg>
<arg>id=safari-nav</arg>
<doc>Click the element identified by ``locator``.</doc>
<status status="PASS" start="2025-02-25T19:00:06.877836" elapsed="0.445260"/>
</kw>
<kw name="Wait Until Element Is Visible" owner="SeleniumLibrary">
<arg>id=safari-section</arg>
<doc>Waits until the element ``locator`` is visible.</doc>
<status status="PASS" start="2025-02-25T19:00:07.323392" elapsed="0.414736"/>
</kw>
<for flavor="IN RANGE">
<iter>
<kw name="Input Text" owner="SeleniumLibrary">
<msg time="2025-02-25T19:00:07.739366" level="INFO">Typing text '002025-03-01' into text field 'id=safari-date'.</msg>
<arg>id=safari-date</arg>
<arg>${SAFARI_DATE}</arg>
<doc>Types the given ``text`` into the text field identified by ``locator``.</doc>
<status status="PASS" start="2025-02-25T19:00:07.739038" elapsed="0.648753"/>
</kw>
<kw name="Select From List By Label" owner="SeleniumLibrary">
<msg time="2025-02-25T19:00:08.388699" level="INFO">Selecting options from selection list 'id=safari-type' by label T-Rex Rumble eXtreme Thrill Pack.</msg>
<arg>id=safari-type</arg>
<arg>${SAFARI_TYPE}</arg>
<doc>Selects options from selection list ``locator`` by ``labels``.</doc>
<status status="PASS" start="2025-02-25T19:00:08.388136" elapsed="1.660066"/>
</kw>
<kw name="Click Element" owner="SeleniumLibrary">
<msg time="2025-02-25T19:00:10.049031" level="INFO">Clicking element 'xpath=//form[@id='safari-form']//button[@type='submit']'.</msg>
<arg>xpath=//form[@id='safari-form']//button[@type='submit']</arg>
<doc>Click the element identified by ``locator``.</doc>
<status status="PASS" start="2025-02-25T19:00:10.048532" elapsed="0.442752"/>
</kw>
<kw name="Handle Alert" owner="SeleniumLibrary">
<msg time="2025-02-25T19:00:10.492056" level="INFO">HANDLE::&lt;class 'datetime.timedelta'&gt;::0:00:05</msg>
<arg>action=ACCEPT</arg>
<arg>timeout=5s</arg>
<doc>Handles the current alert and returns its message.</doc>
<status status="PASS" start="2025-02-25T19:00:10.491603" elapsed="0.608457"/>
</kw>
<kw name="Sleep" owner="BuiltIn">
<msg time="2025-02-25T19:00:12.100817" level="INFO">Slept 1 second.</msg>
<arg>1s</arg>
<doc>Pauses the test executed for the given time.</doc>
<status status="PASS" start="2025-02-25T19:00:11.100342" elapsed="1.000896"/>
</kw>
<var name="${i}">0</var>
<status status="PASS" start="2025-02-25T19:00:07.738814" elapsed="4.362573"/>
</iter>
<iter>
<kw name="Input Text" owner="SeleniumLibrary">
<msg time="2025-02-25T19:00:12.102361" level="INFO">Typing text '002025-03-01' into text field 'id=safari-date'.</msg>
<arg>id=safari-date</arg>
<arg>${SAFARI_DATE}</arg>
<doc>Types the given ``text`` into the text field identified by ``locator``.</doc>
<status status="PASS" start="2025-02-25T19:00:12.101930" elapsed="0.652770"/>
</kw>
<kw name="Select From List By Label" owner="SeleniumLibrary">
<msg time="2025-02-25T19:00:12.755522" level="INFO">Selecting options from selection list 'id=safari-type' by label T-Rex Rumble eXtreme Thrill Pack.</msg>
<arg>id=safari-type</arg>
<arg>${SAFARI_TYPE}</arg>
<doc>Selects options from selection list ``locator`` by ``labels``.</doc>
<status status="PASS" start="2025-02-25T19:00:12.754991" elapsed="1.662618"/>
</kw>
<kw name="Click Element" owner="SeleniumLibrary">
<msg time="2025-02-25T19:00:14.418919" level="INFO">Clicking element 'xpath=//form[@id='safari-form']//button[@type='submit']'.</msg>
<arg>xpath=//form[@id='safari-form']//button[@type='submit']</arg>
<doc>Click the element identified by ``locator``.</doc>
<status status="PASS" start="2025-02-25T19:00:14.418396" elapsed="0.440014"/>
</kw>
<kw name="Handle Alert" owner="SeleniumLibrary">
<msg time="2025-02-25T19:00:14.859131" level="INFO">HANDLE::&lt;class 'datetime.timedelta'&gt;::0:00:05</msg>
<arg>action=ACCEPT</arg>
<arg>timeout=5s</arg>
<doc>Handles the current alert and returns its message.</doc>
<status status="PASS" start="2025-02-25T19:00:14.858692" elapsed="0.606218"/>
</kw>
<kw name="Sleep" owner="BuiltIn">
<msg time="2025-02-25T19:00:16.465956" level="INFO">Slept 1 second.</msg>
<arg>1s</arg>
<doc>Pauses the test executed for the given time.</doc>
<status status="PASS" start="2025-02-25T19:00:15.465192" elapsed="1.001226"/>
</kw>
<var name="${i}">1</var>
<status status="PASS" start="2025-02-25T19:00:12.101589" elapsed="4.365004"/>
</iter>
<iter>
<kw name="Input Text" owner="SeleniumLibrary">
<msg time="2025-02-25T19:00:16.467604" level="INFO">Typing text '002025-03-01' into text field 'id=safari-date'.</msg>
<arg>id=safari-date</arg>
<arg>${SAFARI_DATE}</arg>
<doc>Types the given ``text`` into the text field identified by ``locator``.</doc>
<status status="PASS" start="2025-02-25T19:00:16.467167" elapsed="0.650947"/>
</kw>
<kw name="Select From List By Label" owner="SeleniumLibrary">
<msg time="2025-02-25T19:00:17.118894" level="INFO">Selecting options from selection list 'id=safari-type' by label T-Rex Rumble eXtreme Thrill Pack.</msg>
<arg>id=safari-type</arg>
<arg>${SAFARI_TYPE}</arg>
<doc>Selects options from selection list ``locator`` by ``labels``.</doc>
<status status="PASS" start="2025-02-25T19:00:17.118406" elapsed="1.654170"/>
</kw>
<kw name="Click Element" owner="SeleniumLibrary">
<msg time="2025-02-25T19:00:18.773281" level="INFO">Clicking element 'xpath=//form[@id='safari-form']//button[@type='submit']'.</msg>
<arg>xpath=//form[@id='safari-form']//button[@type='submit']</arg>
<doc>Click the element identified by ``locator``.</doc>
<status status="PASS" start="2025-02-25T19:00:18.772869" elapsed="0.451335"/>
</kw>
<kw name="Handle Alert" owner="SeleniumLibrary">
<msg time="2025-02-25T19:00:19.224914" level="INFO">HANDLE::&lt;class 'datetime.timedelta'&gt;::0:00:05</msg>
<arg>action=ACCEPT</arg>
<arg>timeout=5s</arg>
<doc>Handles the current alert and returns its message.</doc>
<status status="PASS" start="2025-02-25T19:00:19.224484" elapsed="0.608543"/>
</kw>
<kw name="Sleep" owner="BuiltIn">
<msg time="2025-02-25T19:00:20.834534" level="INFO">Slept 1 second.</msg>
<arg>1s</arg>
<doc>Pauses the test executed for the given time.</doc>
<status status="PASS" start="2025-02-25T19:00:19.833441" elapsed="1.001507"/>
</kw>
<var name="${i}">2</var>
<status status="PASS" start="2025-02-25T19:00:16.466804" elapsed="4.368299"/>
</iter>
<iter>
<kw name="Input Text" owner="SeleniumLibrary">
<msg time="2025-02-25T19:00:20.835990" level="INFO">Typing text '002025-03-01' into text field 'id=safari-date'.</msg>
<arg>id=safari-date</arg>
<arg>${SAFARI_DATE}</arg>
<doc>Types the given ``text`` into the text field identified by ``locator``.</doc>
<status status="PASS" start="2025-02-25T19:00:20.835601" elapsed="0.646176"/>
</kw>
<kw name="Select From List By Label" owner="SeleniumLibrary">
<msg time="2025-02-25T19:00:21.482519" level="INFO">Selecting options from selection list 'id=safari-type' by label T-Rex Rumble eXtreme Thrill Pack.</msg>
<arg>id=safari-type</arg>
<arg>${SAFARI_TYPE}</arg>
<doc>Selects options from selection list ``locator`` by ``labels``.</doc>
<status status="PASS" start="2025-02-25T19:00:21.482065" elapsed="1.643835"/>
</kw>
<kw name="Click Element" owner="SeleniumLibrary">
<msg time="2025-02-25T19:00:23.126708" level="INFO">Clicking element 'xpath=//form[@id='safari-form']//button[@type='submit']'.</msg>
<arg>xpath=//form[@id='safari-form']//button[@type='submit']</arg>
<doc>Click the element identified by ``locator``.</doc>
<status status="PASS" start="2025-02-25T19:00:23.126186" elapsed="0.447279"/>
</kw>
<kw name="Handle Alert" owner="SeleniumLibrary">
<msg time="2025-02-25T19:00:23.574166" level="INFO">HANDLE::&lt;class 'datetime.timedelta'&gt;::0:00:05</msg>
<arg>action=ACCEPT</arg>
<arg>timeout=5s</arg>
<doc>Handles the current alert and returns its message.</doc>
<status status="PASS" start="2025-02-25T19:00:23.573754" elapsed="0.605331"/>
</kw>
<kw name="Sleep" owner="BuiltIn">
<msg time="2025-02-25T19:00:25.179978" level="INFO">Slept 1 second.</msg>
<arg>1s</arg>
<doc>Pauses the test executed for the given time.</doc>
<status status="PASS" start="2025-02-25T19:00:24.179358" elapsed="1.001012"/>
</kw>
<var name="${i}">3</var>
<status status="PASS" start="2025-02-25T19:00:20.835284" elapsed="4.345233"/>
</iter>
<var>${i}</var>
<value>${quantity}</value>
<status status="PASS" start="2025-02-25T19:00:07.738363" elapsed="17.442229"/>
</for>
<arg>${SAFARI_QUANTITY}</arg>
<tag>created_by:HannesSchönberg</tag>
<doc>The user adds multiple Safari-Tickets to the cart.</doc>
<status status="PASS" start="2025-02-25T19:00:06.460159" elapsed="18.720550"/>
</kw>
<kw name="And the user Proceeds to Checkout, Then the Checkout Summary is Shown" owner="Keywords_Kim">
<kw name="Wait Until Element Is Visible" owner="SeleniumLibrary">
<arg>id=cart-nav</arg>
<doc>Waits until the element ``locator`` is visible.</doc>
<status status="PASS" start="2025-02-25T19:00:25.183962" elapsed="0.411125"/>
</kw>
<kw name="Click Element" owner="SeleniumLibrary">
<msg time="2025-02-25T19:00:25.595767" level="INFO">Clicking element 'id=cart-nav'.</msg>
<arg>id=cart-nav</arg>
<doc>Click the element identified by ``locator``.</doc>
<status status="PASS" start="2025-02-25T19:00:25.595370" elapsed="0.449825"/>
</kw>
<kw name="Wait Until Element Is Visible" owner="SeleniumLibrary">
<arg>id=cart-section</arg>
<doc>Waits until the element ``locator`` is visible.</doc>
<status status="PASS" start="2025-02-25T19:00:26.045489" elapsed="0.413731"/>
</kw>
<kw name="Element Should Be Visible" owner="SeleniumLibrary">
<msg time="2025-02-25T19:00:26.872864" level="INFO">Element 'id=cart-details' is displayed.</msg>
<arg>id=cart-details</arg>
<doc>Verifies that the element identified by ``locator`` is visible.</doc>
<status status="PASS" start="2025-02-25T19:00:26.459505" elapsed="0.413763"/>
</kw>
<kw name="Wait Until Element Is Enabled" owner="SeleniumLibrary">
<arg>id=checkout-button</arg>
<doc>Waits until the element ``locator`` is enabled.</doc>
<status status="PASS" start="2025-02-25T19:00:26.873495" elapsed="0.618812"/>
</kw>
<kw name="Click Element" owner="SeleniumLibrary">
<msg time="2025-02-25T19:00:27.492991" level="INFO">Clicking element 'id=checkout-button'.</msg>
<arg>id=checkout-button</arg>
<doc>Click the element identified by ``locator``.</doc>
<status status="PASS" start="2025-02-25T19:00:27.492589" elapsed="0.443252"/>
</kw>
<kw name="Sleep" owner="BuiltIn">
<msg time="2025-02-25T19:00:29.936865" level="INFO">Slept 2 seconds.</msg>
<arg>2s</arg>
<doc>Pauses the test executed for the given time.</doc>
<status status="PASS" start="2025-02-25T19:00:27.936112" elapsed="2.001128"/>
</kw>
<kw name="Handle Alert" owner="SeleniumLibrary">
<msg time="2025-02-25T19:00:29.937877" level="INFO">HANDLE::&lt;class 'datetime.timedelta'&gt;::0:00:10</msg>
<msg time="2025-02-25T19:00:30.542838" level="INFO">${checkout_summary} = Checkout Summary: 2 VIP Adult Ticket(s) - $200 2 VIP Child Ticket(s) - $120 T-Rex Rumble eXtreme Thrill Pack on 2025-03-01 - $220 T-Rex Rumble eXtreme Thrill Pack on 2025-03-01 - $220 T-Rex Rumble eXt...</msg>
<var>${checkout_summary}</var>
<arg>timeout=10s</arg>
<doc>Handles the current alert and returns its message.</doc>
<status status="PASS" start="2025-02-25T19:00:29.937481" elapsed="0.605660"/>
</kw>
<kw name="Should Contain" owner="BuiltIn">
<arg>${checkout_summary}</arg>
<arg>2 VIP Adult Ticket(s) - $200</arg>
<doc>Fails if ``container`` does not contain ``item`` one or more times.</doc>
<status status="PASS" start="2025-02-25T19:00:30.543374" elapsed="0.000537"/>
</kw>
<kw name="Should Contain" owner="BuiltIn">
<arg>${checkout_summary}</arg>
<arg>2 VIP Child Ticket(s) - $120</arg>
<doc>Fails if ``container`` does not contain ``item`` one or more times.</doc>
<status status="PASS" start="2025-02-25T19:00:30.544078" elapsed="0.000282"/>
</kw>
<kw name="Should Contain" owner="BuiltIn">
<arg>${checkout_summary}</arg>
<arg>T-Rex Rumble eXtreme Thrill Pack on 2025-03-01 - $220</arg>
<doc>Fails if ``container`` does not contain ``item`` one or more times.</doc>
<status status="PASS" start="2025-02-25T19:00:30.544497" elapsed="0.000244"/>
</kw>
<kw name="Should Contain" owner="BuiltIn">
<arg>${checkout_summary}</arg>
<arg>T-Rex Rumble eXtreme Thrill Pack on 2025-03-01 - $220</arg>
<doc>Fails if ``container`` does not contain ``item`` one or more times.</doc>
<status status="PASS" start="2025-02-25T19:00:30.544867" elapsed="0.000218"/>
</kw>
<kw name="Should Contain" owner="BuiltIn">
<arg>${checkout_summary}</arg>
<arg>T-Rex Rumble eXtreme Thrill Pack on 2025-03-01 - $220</arg>
<doc>Fails if ``container`` does not contain ``item`` one or more times.</doc>
<status status="PASS" start="2025-02-25T19:00:30.545202" elapsed="0.000212"/>
</kw>
<kw name="Should Contain" owner="BuiltIn">
<arg>${checkout_summary}</arg>
<arg>T-Rex Rumble eXtreme Thrill Pack on 2025-03-01 - $220</arg>
<doc>Fails if ``container`` does not contain ``item`` one or more times.</doc>
<status status="PASS" start="2025-02-25T19:00:30.545535" elapsed="0.000232"/>
</kw>
<kw name="Should Contain" owner="BuiltIn">
<arg>${checkout_summary}</arg>
<arg>Total: $1200</arg>
<doc>Fails if ``container`` does not contain ``item`` one or more times.</doc>
<status status="PASS" start="2025-02-25T19:00:30.545883" elapsed="0.000212"/>
</kw>
<kw name="Sleep" owner="BuiltIn">
<msg time="2025-02-25T19:00:33.546638" level="INFO">Slept 3 seconds.</msg>
<arg>3s</arg>
<doc>Pauses the test executed for the given time.</doc>
<status status="PASS" start="2025-02-25T19:00:30.546207" elapsed="3.000813"/>
</kw>
<tag>created_by:HannesSchönberg</tag>
<doc>The user navigates and proceeds to checkout and verifies the checkout summary.</doc>
<status status="PASS" start="2025-02-25T19:00:25.182576" elapsed="8.364614"/>
</kw>
<kw name="Close All Browsers" owner="SeleniumLibrary" type="TEARDOWN">
<doc>Closes all open browsers and resets the browser cache.</doc>
<status status="PASS" start="2025-02-25T19:00:33.548602" elapsed="2.280759"/>
</kw>
<doc>Scenario: Kim successfully purchases VIP-Safari tickets on a weekend</doc>
<tag>created_by:HannesSchönberg</tag>
<tag>functionality:VIP-Safari_tickets_purchase</tag>
<tag>status:Approved</tag>
<tag>type:positive</tag>
<status status="PASS" start="2025-02-25T18:59:43.383937" elapsed="52.445869"/>
</test>
<status status="PASS" start="2025-02-25T18:59:43.159105" elapsed="52.671898"/>
</suite>
<status status="PASS" start="2025-02-25T18:59:43.157646" elapsed="52.674733"/>
</suite>
<status status="PASS" start="2025-02-25T18:59:43.155899" elapsed="52.677528"/>
</suite>
<status status="PASS" start="2025-02-25T18:59:43.154161" elapsed="52.680291"/>
</suite>
<status status="PASS" start="2025-02-25T18:59:43.136142" elapsed="52.699182"/>
</suite>
<statistics>
<total>
<stat pass="1" fail="0" skip="0">All Tests</stat>
</total>
<tag>
<stat pass="1" fail="0" skip="0">created_by:HannesSchönberg</stat>
<stat pass="1" fail="0" skip="0">functionality:VIP-Safari_tickets_purchase</stat>
<stat pass="1" fail="0" skip="0">status:Approved</stat>
<stat pass="1" fail="0" skip="0">type:positive</stat>
</tag>
<suite>
<stat name="Jura-Stina-Kalle" id="s1" pass="1" fail="0" skip="0">Jura-Stina-Kalle</stat>
<stat name="Test Related" id="s1-s1" pass="1" fail="0" skip="0">Jura-Stina-Kalle.Test Related</stat>
<stat name="Tests" id="s1-s1-s1" pass="1" fail="0" skip="0">Jura-Stina-Kalle.Test Related.Tests</stat>
<stat name="Kim" id="s1-s1-s1-s1" pass="1" fail="0" skip="0">Jura-Stina-Kalle.Test Related.Tests.Kim</stat>
<stat name="Kim Books Safari On Weekend Successfully" id="s1-s1-s1-s1-s1" pass="1" fail="0" skip="0">Jura-Stina-Kalle.Test Related.Tests.Kim.Kim Books Safari On Weekend Successfully</stat>
</suite>
</statistics>
<errors>
</errors>
</robot>
